<?xml version="1.0" encoding="UTF-8"?>
<robot generator="Robot 7.3.2 (Python 3.12.12 on win32)" generated="2025-10-27T07:28:26.725499" rpa="false" schemaversion="5">
<suite id="s1" name="Catfact Api Tests" source="C:\Users\dolap\Downloads\catfact_api_robot\tests\catfact_api_tests.robot">
<kw name="Create Session" owner="RequestsLibrary" type="SETUP">
<msg time="2025-10-27T07:28:27.783973" level="INFO">Creating Session using : alias=catfact, url=https://catfact.ninja, headers={},                     cookies={}, auth=None, timeout=None, proxies=None, verify=False,                     debug=0 </msg>
<arg>catfact</arg>
<arg>${BASE_URL}</arg>
<doc>Create Session: create a HTTP session to a server</doc>
<status status="PASS" start="2025-10-27T07:28:27.783973" elapsed="0.002012"/>
</kw>
<test id="s1-t1" name="Verify GET /fact returns 200" line="17">
<kw name="Get Random Fact" owner="api_keywords">
<kw name="GET On Session" owner="RequestsLibrary">
<msg time="2025-10-27T07:28:29.320687" level="INFO">GET Request : url=https://catfact.ninja/fact 
 path_url=/fact 
 headers={'User-Agent': 'python-requests/2.32.3', 'Accept-Encoding': 'gzip, deflate', 'Accept': '*/*', 'Connection': 'keep-alive'} 
 body=None 
 </msg>
<msg time="2025-10-27T07:28:29.325055" level="INFO">GET Response : url=https://catfact.ninja/fact 
 status=200, reason=OK 
 headers={'Date': 'Mon, 27 Oct 2025 06:28:29 GMT', 'Content-Type': 'application/json', 'Transfer-Encoding': 'chunked', 'Connection': 'keep-alive', 'Server': 'cloudflare', 'Cache-Control': 'no-cache, private', 'x-ratelimit-limit': '100', 'x-ratelimit-remaining': '79', 'access-control-allow-origin': '*', 'x-frame-options': 'SAMEORIGIN', 'x-xss-protection': '1; mode=block', 'x-content-type-options': 'nosniff', 'Nel': '{"report_to":"cf-nel","success_fraction":0.0,"max_age":604800}', 'cf-cache-status': 'DYNAMIC', 'Report-To': '{"group":"cf-nel","max_age":604800,"endpoints":[{"url":"https://a.nel.cloudflare.com/report/v4?s=jFW%2F8qlNmDXIvOdYnVsk%2BZjW7AMg3Egv8ItjGHtqIhbH6V3YGXOmUAQScl55dXLiquKWjxxz78lVHBm4diGNS9fXOrByV91A34k3oCiRXheu8%2F1kaAr990I%3D"}]}', 'Content-Encoding': 'gzip', 'Set-Cookie': 'XSRF-TOKEN=eyJpdiI6ImQyMTgxbTBnWm0wUk1zNDJrc3p3NFE9PSIsInZhbHVlIjoicTJuYmoycWs0Z0xYTnczV0Y1VHFRdTFBNDBzMkRzTEpaMTBNK1pVOU1zQ1U1N2tRbzJVVDR6VkFBT0o5amRQQVBCcTRERVJPbkVad25HaWkyVFZ6OGVIbkVLcEg0SXBKa3ZBUFEzbm0vMHJtSy93bldEU094QUM3STFzeS9veWIiLCJtYWMiOiJiMTA3NjEyMTIwMmQ0MGQ0MmQ1ZDQ3NzgzYTg4ZGU3NzRjYzhlZGVlMDA5MTYxZDA1ZTc2ZTYyZmM0MzViYjk3IiwidGFnIjoiIn0%3D; SameSite=Lax; Secure; Path=/; Max-Age=7200; Expires=Mon, 27 Oct 2025 08:28:29 GMT, catfacts_session=eyJpdiI6Ingzdk9HU1JNSzB3M2hacEJ5WkpIZVE9PSIsInZhbHVlIjoicGRURjh4YlNVRkRxenRlcW5FdTJnMXY2VitIMExtYlE0VS9HblBYMUNLUk1iejhuSTllTFBBdHlJOUJxRmc2MFhDM3hFZXo1TVh2VTVWNld1TjQ4SmtEYThEemdPRkh3SEdRL3IyUUswZEV3QTFhaTYwZW5qalBxWTcwaTVHL2ciLCJtYWMiOiIxMTk4MDBhNjc2MDFjYjA2YWU5YjM4ZjU3ODVmMzA1OTlmNWI3NWUyZDVkNDk2MDA4NjUxMTNhYTkwZTY5YmYwIiwidGFnIjoiIn0%3D; HttpOnly; SameSite=Lax; Secure; Path=/; Max-Age=7200; Expires=Mon, 27 Oct 2025 08:28:29 GMT, BP3rA1Dy1w0NVgMRlAJtpEHG2hvyD5QvVt98bvu5=eyJpdiI6IkxGWVM3WXlvMGxrTnJRQnJvbDM3WUE9PSIsInZhbHVlIjoicTBsNDRkOUlxNmRHeXM5ZHl1S044UUZxa0txZ0pLdjlJVHduUlltVitmamQ4K1YxOWNYZHlGYjZodHdYS2ZHbDlBMklRbmIzTjI5RC94OTIrdUJpTmN4NEtweG41SEpKNjA1QnhwaENJMlVmK1ZkWEtxRmJOUzVObStHaExvVHphd0MzdDZoM3RPU24xTVBNR2Ryd2t5VmI1Y2ZDWjk2U095WEw4RzE1NEM3UkdsN0t1cW1OSm1SOEErTFRhSVJ3Ni96NU9qejR1aExDRll6SzczNTBNY3h6WHlRUHVrcG9oaVUyVEpWMWFRZEt5dUtvaitlaEpsQ05QMEcybGxjQ2pOdHlzYURqZ05Nd2pPaWhpK1grY2dmYjFCcXhRaFFyL2ZSQnNTWHJkeEhEOG5Dak5OUmdPV2tTQmVEdndsZnFIc3hDdEFjaTlOOWZ2Q1RkTjd3Ym9xS0ZaZWRsSlR5clNENWxnKytmSXBpTkw4WWJSSHhnR2NRSExlcjgwMldpIiwibWFjIjoiNGFmMzY1MjdlN2ZiMTkwODkwNWZkMTNkYzdkMzk0MzIwMmFhZGM4MTE5MDgzNzMzNTQzMzJhMGMzOThkMjAxMSIsInRhZyI6IiJ9; HttpOnly; SameSite=Lax; Secure; Path=/; Max-Age=7200; Expires=Mon, 27 Oct 2025 08:28:29 GMT', 'CF-RAY': '99502231696a9b99-SIN', 'alt-svc': 'h3=":443"; ma=86400'} 
 body={"fact":"Cats bury their feces to cover their trails from predators.","length":59} 
 </msg>
<msg time="2025-10-27T07:28:29.325055" level="INFO">C:\Users\dolap\AppData\Roaming\Python\Python312\site-packages\urllib3\connectionpool.py:1097: InsecureRequestWarning: Unverified HTTPS request is being made to host 'catfact.ninja'. Adding certificate verification is strongly advised. See: https://urllib3.readthedocs.io/en/latest/advanced-usage.html#tls-warnings
  warnings.warn(</msg>
<msg time="2025-10-27T07:28:29.325055" level="INFO">${response} = &lt;Response [200]&gt;</msg>
<var>${response}</var>
<arg>catfact</arg>
<arg>/fact</arg>
<doc>Sends a GET request on a previously created HTTP Session.</doc>
<status status="PASS" start="2025-10-27T07:28:27.785985" elapsed="1.539070"/>
</kw>
<kw name="Log To Console" owner="BuiltIn">
<arg>\n[REQUEST] GET /fact</arg>
<doc>Logs the given message to the console.</doc>
<status status="PASS" start="2025-10-27T07:28:29.325055" elapsed="0.002471"/>
</kw>
<kw name="Log To Console" owner="BuiltIn">
<arg>Status: ${response.status_code}</arg>
<doc>Logs the given message to the console.</doc>
<status status="PASS" start="2025-10-27T07:28:29.327526" elapsed="0.000000"/>
</kw>
<return>
<value>${response}</value>
<status status="PASS" start="2025-10-27T07:28:29.327526" elapsed="0.000000"/>
</return>
<msg time="2025-10-27T07:28:29.327526" level="INFO">${response} = &lt;Response [200]&gt;</msg>
<var>${response}</var>
<doc>Perform GET request to /fact endpoint</doc>
<status status="PASS" start="2025-10-27T07:28:27.785985" elapsed="1.541541"/>
</kw>
<kw name="Should Be Equal As Integers" owner="BuiltIn">
<msg time="2025-10-27T07:28:29.333393" level="INFO">Argument types are:
&lt;class 'int'&gt;
&lt;class 'str'&gt;</msg>
<arg>${response.status_code}</arg>
<arg>200</arg>
<doc>Fails if objects are unequal after converting them to integers.</doc>
<status status="PASS" start="2025-10-27T07:28:29.327526" elapsed="0.005867"/>
</kw>
<status status="PASS" start="2025-10-27T07:28:27.785985" elapsed="1.547408"/>
</test>
<test id="s1-t2" name="Verify /fact response structure" line="21">
<kw name="Get Random Fact" owner="api_keywords">
<kw name="GET On Session" owner="RequestsLibrary">
<msg time="2025-10-27T07:28:29.831222" level="INFO">GET Request : url=https://catfact.ninja/fact 
 path_url=/fact 
 headers={'User-Agent': 'python-requests/2.32.3', 'Accept-Encoding': 'gzip, deflate', 'Accept': '*/*', 'Connection': 'keep-alive', 'Cookie': 'XSRF-TOKEN=eyJpdiI6ImQyMTgxbTBnWm0wUk1zNDJrc3p3NFE9PSIsInZhbHVlIjoicTJuYmoycWs0Z0xYTnczV0Y1VHFRdTFBNDBzMkRzTEpaMTBNK1pVOU1zQ1U1N2tRbzJVVDR6VkFBT0o5amRQQVBCcTRERVJPbkVad25HaWkyVFZ6OGVIbkVLcEg0SXBKa3ZBUFEzbm0vMHJtSy93bldEU094QUM3STFzeS9veWIiLCJtYWMiOiJiMTA3NjEyMTIwMmQ0MGQ0MmQ1ZDQ3NzgzYTg4ZGU3NzRjYzhlZGVlMDA5MTYxZDA1ZTc2ZTYyZmM0MzViYjk3IiwidGFnIjoiIn0%3D; catfacts_session=eyJpdiI6Ingzdk9HU1JNSzB3M2hacEJ5WkpIZVE9PSIsInZhbHVlIjoicGRURjh4YlNVRkRxenRlcW5FdTJnMXY2VitIMExtYlE0VS9HblBYMUNLUk1iejhuSTllTFBBdHlJOUJxRmc2MFhDM3hFZXo1TVh2VTVWNld1TjQ4SmtEYThEemdPRkh3SEdRL3IyUUswZEV3QTFhaTYwZW5qalBxWTcwaTVHL2ciLCJtYWMiOiIxMTk4MDBhNjc2MDFjYjA2YWU5YjM4ZjU3ODVmMzA1OTlmNWI3NWUyZDVkNDk2MDA4NjUxMTNhYTkwZTY5YmYwIiwidGFnIjoiIn0%3D; BP3rA1Dy1w0NVgMRlAJtpEHG2hvyD5QvVt98bvu5=eyJpdiI6IkxGWVM3WXlvMGxrTnJRQnJvbDM3WUE9PSIsInZhbHVlIjoicTBsNDRkOUlxNmRHeXM5ZHl1S044UUZxa0txZ0pLdjlJVHduUlltVitmamQ4K1YxOWNYZHlGYjZodHdYS2ZHbDlBMklRbmIzTjI5RC94OTIrdUJpTmN4NEtweG41SEpKNjA1QnhwaENJMlVmK1ZkWEtxRmJOUzVObStHaExvVHphd0MzdDZoM3RPU24xTVBNR2Ryd2t5VmI1Y2ZDWjk2U095WEw4RzE1NEM3UkdsN0t1cW1OSm1SOEErTFRhSVJ3Ni96NU9qejR1aExDRll6SzczNTBNY3h6WHlRUHVrcG9oaVUyVEpWMWFRZEt5dUtvaitlaEpsQ05QMEcybGxjQ2pOdHlzYURqZ05Nd2pPaWhpK1grY2dmYjFCcXhRaFFyL2ZSQnNTWHJkeEhEOG5Dak5OUmdPV2tTQmVEdndsZnFIc3hDdEFjaTlOOWZ2Q1RkTjd3Ym9xS0ZaZWRsSlR5clNENWxnKytmSXBpTkw4WWJSSHhnR2NRSExlcjgwMldpIiwibWFjIjoiNGFmMzY1MjdlN2ZiMTkwODkwNWZkMTNkYzdkMzk0MzIwMmFhZGM4MTE5MDgzNzMzNTQzMzJhMGMzOThkMjAxMSIsInRhZyI6IiJ9'} 
 body=None 
 </msg>
<msg time="2025-10-27T07:28:29.831222" level="INFO">GET Response : url=https://catfact.ninja/fact 
 status=200, reason=OK 
 headers={'Date': 'Mon, 27 Oct 2025 06:28:29 GMT', 'Content-Type': 'application/json', 'Transfer-Encoding': 'chunked', 'Connection': 'keep-alive', 'Server': 'cloudflare', 'Cache-Control': 'no-cache, private', 'x-ratelimit-limit': '100', 'x-ratelimit-remaining': '78', 'access-control-allow-origin': '*', 'x-frame-options': 'SAMEORIGIN', 'x-xss-protection': '1; mode=block', 'x-content-type-options': 'nosniff', 'Nel': '{"report_to":"cf-nel","success_fraction":0.0,"max_age":604800}', 'cf-cache-status': 'DYNAMIC', 'Report-To': '{"group":"cf-nel","max_age":604800,"endpoints":[{"url":"https://a.nel.cloudflare.com/report/v4?s=OwsLdL57DLygQmVC4xMqGj9AIHZds9%2BsqYtWL8g3zPym5Jre8Bpw8j9Lw8hTmfVBU0WIYgD6Ecq4PPsQeizUfeYtYNbRHLD%2BGRWNWnz2yq2y%2B8zCOyFsIyM%3D"}]}', 'Content-Encoding': 'gzip', 'Set-Cookie': 'XSRF-TOKEN=eyJpdiI6Im9hbWsxbTROSEZHMFRQOWVaR3pwVXc9PSIsInZhbHVlIjoiS0dDTi9melhyMWlRQ1FRbC90UlVZam14QW9pS2xxSDEyM0x1YTNyNXoxb1U0czhKYTdvcythTUNDdFhsQ2ZUQzAxcUtsNzJxOW4rdDRmbittaGovRlUrVGRlaW9UVkxHMEZVM2pXMUlzL085S2lvZFBsc0lodkJiVHFiZTgxRmciLCJtYWMiOiIxODYxZDkxMDg0MzBhZmE3N2JkYWY4YTk1MGQxMGUzYzliMTUxYzRmNTczYjU1YzRhZWQ4NzIxZGNhMzE1NjljIiwidGFnIjoiIn0%3D; SameSite=Lax; Secure; Path=/; Max-Age=7200; Expires=Mon, 27 Oct 2025 08:28:29 GMT, catfacts_session=eyJpdiI6IkVXeGZaaE5rUFJVdE9NSlBqSXlEWnc9PSIsInZhbHVlIjoibEdvZStCVlcxMVNHS3ZBeEE5U3YzYURpTFV1VWRIZWY2UVV5aDc5dWhZREJQdUdFSWpvNFNQYjQ4VURJblk5cjRtMXdGM00yU0t3YS93ZW1WMkk4bHdWQ2xMZi9Yd0ZTaWc1UjQreVJvTjArKzJ4MDhiSVIrZlREc3FORjFWUmkiLCJtYWMiOiJlMzgyODRkNTNhZjVlYjcxMmM4M2NiNjA1ZjYxNTVlZmFhODc1MDU4ZTQ0NzkzM2YyMWMyZjk4OTY0MGI1Y2Q3IiwidGFnIjoiIn0%3D; HttpOnly; SameSite=Lax; Secure; Path=/; Max-Age=7200; Expires=Mon, 27 Oct 2025 08:28:29 GMT, BP3rA1Dy1w0NVgMRlAJtpEHG2hvyD5QvVt98bvu5=eyJpdiI6ImllUzlKV21aUFh6N0x2cnE4STVvOGc9PSIsInZhbHVlIjoieDBYTHUwUnpjWm1EUjRKMUFGRDhaSUpsdUFYRWFUSllVNEI4Qy9NdFR4a25ZODVBTVlWcEN6bS91enNOTmpXcDlBbG02WXVkeG9reGo4TW9oMTFsdTNZOG5nVFVWWEMyQWR6RHhqMy9OQmtGT0trS2VCRVRpQ0dGOTNiN3pLNjBZSmZmeDcvNlVPTlpBVElPMXVZb0x0c0ZLbm81ZEFlMzVUd3ZLOUhWMWJzOXFjM2tPTC9EU0xKMHEzbnEwZTNIemZYRXpCQzh6My9Tb2pWWTUwTWh5MWxMZGJBWC9oMkp1VGY4MHR5UVorUmRDcStqQzFSZFpOWGdtUG8xTHZ5RnpkR2pnd2hsZGpPTmN1b3BrRWdBaDA5MWhQSmFQODE2eXZZWjFURVhzdHRLYTZLNEJKcFJVNVZ0V3NVaS94RUNJY0E5bkpvMjI3VCtIbzFUSmg3dmQ4RTNKOGhCSjVKNGtkM3RNR0dPdDVPSlc3b3V0YkRTT2dKSUpPT1ZnS2pQIiwibWFjIjoiZGE1OTRmYjBiZmJjNzY0MzkwY2QxMmM2OTU3MDg2YjY1NmIxNmRlNTEwZGQxY2MzNjVkZGFkMjg1YmY4MDE2ZSIsInRhZyI6IiJ9; HttpOnly; SameSite=Lax; Secure; Path=/; Max-Age=7200; Expires=Mon, 27 Oct 2025 08:28:29 GMT', 'CF-RAY': '995022346c5d9b99-SIN', 'alt-svc': 'h3=":443"; ma=86400'} 
 body={"fact":"A cat has two vocal chords, and can make over 100 sounds.","length":57} 
 </msg>
<msg time="2025-10-27T07:28:29.833233" level="INFO">C:\Users\dolap\AppData\Roaming\Python\Python312\site-packages\urllib3\connectionpool.py:1097: InsecureRequestWarning: Unverified HTTPS request is being made to host 'catfact.ninja'. Adding certificate verification is strongly advised. See: https://urllib3.readthedocs.io/en/latest/advanced-usage.html#tls-warnings
  warnings.warn(</msg>
<msg time="2025-10-27T07:28:29.833233" level="INFO">${response} = &lt;Response [200]&gt;</msg>
<var>${response}</var>
<arg>catfact</arg>
<arg>/fact</arg>
<doc>Sends a GET request on a previously created HTTP Session.</doc>
<status status="PASS" start="2025-10-27T07:28:29.335295" elapsed="0.497938"/>
</kw>
<kw name="Log To Console" owner="BuiltIn">
<arg>\n[REQUEST] GET /fact</arg>
<doc>Logs the given message to the console.</doc>
<status status="PASS" start="2025-10-27T07:28:29.835246" elapsed="0.000000"/>
</kw>
<kw name="Log To Console" owner="BuiltIn">
<arg>Status: ${response.status_code}</arg>
<doc>Logs the given message to the console.</doc>
<status status="PASS" start="2025-10-27T07:28:29.835246" elapsed="0.002015"/>
</kw>
<return>
<value>${response}</value>
<status status="PASS" start="2025-10-27T07:28:29.839280" elapsed="0.000000"/>
</return>
<msg time="2025-10-27T07:28:29.839280" level="INFO">${response} = &lt;Response [200]&gt;</msg>
<var>${response}</var>
<doc>Perform GET request to /fact endpoint</doc>
<status status="PASS" start="2025-10-27T07:28:29.335295" elapsed="0.503985"/>
</kw>
<kw name="Set Variable" owner="BuiltIn">
<msg time="2025-10-27T07:28:29.844328" level="INFO">${json} = {'fact': 'A cat has two vocal chords, and can make over 100 sounds.', 'length': 57}</msg>
<var>${json}</var>
<arg>${response.json()}</arg>
<doc>Returns the given values which can then be assigned to a variables.</doc>
<status status="PASS" start="2025-10-27T07:28:29.841294" elapsed="0.003034"/>
</kw>
<kw name="Validate Cat Fact Schema" owner="api_keywords">
<kw name="Dictionary Should Contain Key" owner="Collections">
<arg>${item}</arg>
<arg>fact</arg>
<doc>Fails if ``key`` is not found from ``dictionary``.</doc>
<status status="PASS" start="2025-10-27T07:28:29.846347" elapsed="0.002014"/>
</kw>
<kw name="Dictionary Should Contain Key" owner="Collections">
<arg>${item}</arg>
<arg>length</arg>
<doc>Fails if ``key`` is not found from ``dictionary``.</doc>
<status status="PASS" start="2025-10-27T07:28:29.848361" elapsed="0.000000"/>
</kw>
<kw name="Set Variable" owner="BuiltIn">
<msg time="2025-10-27T07:28:29.852392" level="INFO">${fact} = A cat has two vocal chords, and can make over 100 sounds.</msg>
<var>${fact}</var>
<arg>${item['fact']}</arg>
<doc>Returns the given values which can then be assigned to a variables.</doc>
<status status="PASS" start="2025-10-27T07:28:29.850380" elapsed="0.002012"/>
</kw>
<kw name="Evaluate" owner="BuiltIn">
<msg time="2025-10-27T07:28:29.852392" level="INFO">${is_str} = True</msg>
<var>${is_str}</var>
<arg>isinstance($fact, str)</arg>
<doc>Evaluates the given expression in Python and returns the result.</doc>
<status status="PASS" start="2025-10-27T07:28:29.852392" elapsed="0.000000"/>
</kw>
<kw name="Should Be True" owner="BuiltIn">
<arg>${is_str}</arg>
<doc>Fails if the given condition is not true.</doc>
<status status="PASS" start="2025-10-27T07:28:29.852392" elapsed="0.002013"/>
</kw>
<kw name="Set Variable" owner="BuiltIn">
<msg time="2025-10-27T07:28:29.854405" level="INFO">${length} = 57</msg>
<var>${length}</var>
<arg>${item['length']}</arg>
<doc>Returns the given values which can then be assigned to a variables.</doc>
<status status="PASS" start="2025-10-27T07:28:29.854405" elapsed="0.000000"/>
</kw>
<kw name="Evaluate" owner="BuiltIn">
<msg time="2025-10-27T07:28:29.856417" level="INFO">${is_int} = True</msg>
<var>${is_int}</var>
<arg>isinstance($length, int)</arg>
<doc>Evaluates the given expression in Python and returns the result.</doc>
<status status="PASS" start="2025-10-27T07:28:29.854405" elapsed="0.002012"/>
</kw>
<kw name="Should Be True" owner="BuiltIn">
<arg>${is_int}</arg>
<doc>Fails if the given condition is not true.</doc>
<status status="PASS" start="2025-10-27T07:28:29.856417" elapsed="0.000000"/>
</kw>
<kw name="Evaluate" owner="BuiltIn">
<msg time="2025-10-27T07:28:29.856417" level="INFO">${fact_len} = 57</msg>
<var>${fact_len}</var>
<arg>len($fact)</arg>
<doc>Evaluates the given expression in Python and returns the result.</doc>
<status status="PASS" start="2025-10-27T07:28:29.856417" elapsed="0.000000"/>
</kw>
<kw name="Run Keyword If" owner="BuiltIn">
<arg>${length} != ${fact_len}</arg>
<arg>Log</arg>
<arg>Length mismatch! Expected: ${length}, Actual: ${fact_len}, Fact: ${fact}</arg>
<doc>Runs the given keyword with the given arguments, if ``condition`` is true.</doc>
<status status="PASS" start="2025-10-27T07:28:29.856417" elapsed="0.002012"/>
</kw>
<kw name="Should Be Equal As Integers" owner="BuiltIn">
<arg>${length}</arg>
<arg>${fact_len}</arg>
<doc>Fails if objects are unequal after converting them to integers.</doc>
<status status="PASS" start="2025-10-27T07:28:29.858429" elapsed="0.000000"/>
</kw>
<arg>${json}</arg>
<doc>Validate structure and consistency of a single cat fact item.</doc>
<status status="PASS" start="2025-10-27T07:28:29.846347" elapsed="0.012082"/>
</kw>
<status status="PASS" start="2025-10-27T07:28:29.333393" elapsed="0.526787"/>
</test>
<test id="s1-t3" name="Verify /fact with max_length parameter" line="26">
<kw name="Get Random Fact With Max Length" owner="api_keywords">
<kw name="Create Dictionary" owner="BuiltIn">
<msg time="2025-10-27T07:28:29.860180" level="INFO">${params} = {'max_length': '-400'}</msg>
<var>${params}</var>
<arg>max_length=${max_length}</arg>
<doc>Creates and returns a dictionary based on the given ``items``.</doc>
<status status="PASS" start="2025-10-27T07:28:29.860180" elapsed="0.000000"/>
</kw>
<kw name="GET On Session" owner="RequestsLibrary">
<msg time="2025-10-27T07:28:30.359557" level="INFO">GET Request : url=https://catfact.ninja/fact?max_length=-400 
 path_url=/fact?max_length=-400 
 headers={'User-Agent': 'python-requests/2.32.3', 'Accept-Encoding': 'gzip, deflate', 'Accept': '*/*', 'Connection': 'keep-alive', 'Cookie': 'XSRF-TOKEN=eyJpdiI6Im9hbWsxbTROSEZHMFRQOWVaR3pwVXc9PSIsInZhbHVlIjoiS0dDTi9melhyMWlRQ1FRbC90UlVZam14QW9pS2xxSDEyM0x1YTNyNXoxb1U0czhKYTdvcythTUNDdFhsQ2ZUQzAxcUtsNzJxOW4rdDRmbittaGovRlUrVGRlaW9UVkxHMEZVM2pXMUlzL085S2lvZFBsc0lodkJiVHFiZTgxRmciLCJtYWMiOiIxODYxZDkxMDg0MzBhZmE3N2JkYWY4YTk1MGQxMGUzYzliMTUxYzRmNTczYjU1YzRhZWQ4NzIxZGNhMzE1NjljIiwidGFnIjoiIn0%3D; catfacts_session=eyJpdiI6IkVXeGZaaE5rUFJVdE9NSlBqSXlEWnc9PSIsInZhbHVlIjoibEdvZStCVlcxMVNHS3ZBeEE5U3YzYURpTFV1VWRIZWY2UVV5aDc5dWhZREJQdUdFSWpvNFNQYjQ4VURJblk5cjRtMXdGM00yU0t3YS93ZW1WMkk4bHdWQ2xMZi9Yd0ZTaWc1UjQreVJvTjArKzJ4MDhiSVIrZlREc3FORjFWUmkiLCJtYWMiOiJlMzgyODRkNTNhZjVlYjcxMmM4M2NiNjA1ZjYxNTVlZmFhODc1MDU4ZTQ0NzkzM2YyMWMyZjk4OTY0MGI1Y2Q3IiwidGFnIjoiIn0%3D; BP3rA1Dy1w0NVgMRlAJtpEHG2hvyD5QvVt98bvu5=eyJpdiI6ImllUzlKV21aUFh6N0x2cnE4STVvOGc9PSIsInZhbHVlIjoieDBYTHUwUnpjWm1EUjRKMUFGRDhaSUpsdUFYRWFUSllVNEI4Qy9NdFR4a25ZODVBTVlWcEN6bS91enNOTmpXcDlBbG02WXVkeG9reGo4TW9oMTFsdTNZOG5nVFVWWEMyQWR6RHhqMy9OQmtGT0trS2VCRVRpQ0dGOTNiN3pLNjBZSmZmeDcvNlVPTlpBVElPMXVZb0x0c0ZLbm81ZEFlMzVUd3ZLOUhWMWJzOXFjM2tPTC9EU0xKMHEzbnEwZTNIemZYRXpCQzh6My9Tb2pWWTUwTWh5MWxMZGJBWC9oMkp1VGY4MHR5UVorUmRDcStqQzFSZFpOWGdtUG8xTHZ5RnpkR2pnd2hsZGpPTmN1b3BrRWdBaDA5MWhQSmFQODE2eXZZWjFURVhzdHRLYTZLNEJKcFJVNVZ0V3NVaS94RUNJY0E5bkpvMjI3VCtIbzFUSmg3dmQ4RTNKOGhCSjVKNGtkM3RNR0dPdDVPSlc3b3V0YkRTT2dKSUpPT1ZnS2pQIiwibWFjIjoiZGE1OTRmYjBiZmJjNzY0MzkwY2QxMmM2OTU3MDg2YjY1NmIxNmRlNTEwZGQxY2MzNjVkZGFkMjg1YmY4MDE2ZSIsInRhZyI6IiJ9'} 
 body=None 
 </msg>
<msg time="2025-10-27T07:28:30.359557" level="INFO">GET Response : url=https://catfact.ninja/fact?max_length=-400 
 status=200, reason=OK 
 headers={'Date': 'Mon, 27 Oct 2025 06:28:30 GMT', 'Content-Type': 'application/json', 'Transfer-Encoding': 'chunked', 'Connection': 'keep-alive', 'Server': 'cloudflare', 'Cache-Control': 'no-cache, private', 'x-ratelimit-limit': '100', 'x-ratelimit-remaining': '93', 'access-control-allow-origin': '*', 'x-frame-options': 'SAMEORIGIN', 'x-xss-protection': '1; mode=block', 'x-content-type-options': 'nosniff', 'Nel': '{"report_to":"cf-nel","success_fraction":0.0,"max_age":604800}', 'cf-cache-status': 'DYNAMIC', 'Report-To': '{"group":"cf-nel","max_age":604800,"endpoints":[{"url":"https://a.nel.cloudflare.com/report/v4?s=wjX69rjRwoATlp7rgF5oqGWTNPolJhJ1cKEsEjICTraS%2FwSyTCAdwy%2FVsjLWTvE5ott5DVCe4OTwMiuHnwJY7JUEGwJi%2Bv2r18ckFejKg8bgGxsCvAdHdAg%3D"}]}', 'Content-Encoding': 'gzip', 'Set-Cookie': 'XSRF-TOKEN=eyJpdiI6InlBT0FVMDN6c09jUEJ1Qjlkbk05eWc9PSIsInZhbHVlIjoiSWJKOGZYaHlpdEYxeVNUaUl4Zm5CQU4xcnUvbmhybjdtRmVvUitXeUQyZ0NPd1ZBMVJBa3grN1hQMmN0UGFRNjgvY3loRHQ0NFlWdzZEdHZqR1BWVnpzM2l5QkEzazcxRXFJcEhFMXZjSFdPUlNLNVVwVFI3V3BVbzEvOFRiU2QiLCJtYWMiOiI5NmRhNGRhOGNhNGM2M2IxMTA5OWQwZmJmZTgxNGU1N2ZkNTg5ZTdlZjI1MWMzOTE0ZTE4MjY1NGFkZjQ0MDg3IiwidGFnIjoiIn0%3D; SameSite=Lax; Secure; Path=/; Max-Age=7200; Expires=Mon, 27 Oct 2025 08:28:30 GMT, catfacts_session=eyJpdiI6IjN6aHE1SjhaSGxaZlFGSHc3SXFuNmc9PSIsInZhbHVlIjoiTFhYTHdwVzlQb3h2citsNzdBemc1K1Z1VEVQUDFYMXpwOVlDUzUvRUgxU2hld3NqTzFWdm1GTXV0YUJOVUYwV3JBaGhYaU1DY3dNZUhJaUZuWGR5ZDQ2VGxDd3p5Z3VkK0E0ZHhkZW1JYnU5bE9tTXRFQUNTWFpQdzRaM0ZTWUciLCJtYWMiOiJlNzA3NzYyYTE5ZmIxMzhjN2M5ZWRmNDRlZTQ0MDI2YzQ1NWE5ZWFmY2U2MGFmMTViYWI5OTA5ZmRkOTYzMzkxIiwidGFnIjoiIn0%3D; HttpOnly; SameSite=Lax; Secure; Path=/; Max-Age=7200; Expires=Mon, 27 Oct 2025 08:28:30 GMT, BP3rA1Dy1w0NVgMRlAJtpEHG2hvyD5QvVt98bvu5=eyJpdiI6Ijd3a0s5TTlMUEtvZUpaWDl5L1BmNkE9PSIsInZhbHVlIjoiZ1dqcSt0dGQ0WXNBZFZseFdhSWF3WEV1bGxyOGlLemNEUEdvZFAxeFN6dmNEMExxMG1LVXlyOFRudDEzM2lPekNSVUV4d29aU0JqR1RlVVhaUE5MOTB1V3pra2hHdFFjMEZtblk1TEVlR0FwbzVjWTdLQ3AyVVEyeHBGRTF6bW41WHIrclFoQzhBdHVVYm1WamxjLytYMXJvVkVtelY4b25FT0svc0M1ZlpTTVZnU0l5Q2wyQ0tTWkxZd3FaZUthcDNtRytrMVZzMkt3dWMxbzdCak1tSEJSakc3NEVhWUNlQlV1Tk5oQ0dWaDdtZWJCYmJaUXV2RnVOaXphN0pXUE1wTTcvVm1FRnE3OGJuUWIxSHppaTZRTzR1U1NEd2xpQ1dPWjlJdm9ZbHlCSFhKNDhVQnNMREsyU1JQSHpoY1NDanBVUm91bmQxSGVQZ2dINzJQcDJOVnhucFkwdzZGenlKa2FJSmNZRHI1S0N6QUh3Tzl4Nmd0VXNhbE1pcXhpUlEzRk81dlgxMW81UnlPYnY1UXlBQT09IiwibWFjIjoiOWI4ZGQ1MGZlOTljODExMjZjMDdlMzg3NWE1NjdhMDNiNGRhMDVjYzYxNTRlNTI3YmJjNzRjNmFmM2QzYTY2YyIsInRhZyI6IiJ9; HttpOnly; SameSite=Lax; Secure; Path=/; Max-Age=7200; Expires=Mon, 27 Oct 2025 08:28:30 GMT', 'CF-RAY': '99502237aff29b99-SIN', 'alt-svc': 'h3=":443"; ma=86400'} 
 body={} 
 </msg>
<msg time="2025-10-27T07:28:30.373089" level="INFO">C:\Users\dolap\AppData\Roaming\Python\Python312\site-packages\urllib3\connectionpool.py:1097: InsecureRequestWarning: Unverified HTTPS request is being made to host 'catfact.ninja'. Adding certificate verification is strongly advised. See: https://urllib3.readthedocs.io/en/latest/advanced-usage.html#tls-warnings
  warnings.warn(</msg>
<msg time="2025-10-27T07:28:30.373089" level="INFO">${response} = &lt;Response [200]&gt;</msg>
<var>${response}</var>
<arg>catfact</arg>
<arg>/fact</arg>
<arg>params=${params}</arg>
<doc>Sends a GET request on a previously created HTTP Session.</doc>
<status status="PASS" start="2025-10-27T07:28:29.860180" elapsed="0.512909"/>
</kw>
<kw name="Log To Console" owner="BuiltIn">
<arg>\n[REQUEST] GET /fact?max_length=${max_length}</arg>
<doc>Logs the given message to the console.</doc>
<status status="PASS" start="2025-10-27T07:28:30.373089" elapsed="0.001681"/>
</kw>
<kw name="Log To Console" owner="BuiltIn">
<arg>Status Code: ${response.status_code}</arg>
<doc>Logs the given message to the console.</doc>
<status status="PASS" start="2025-10-27T07:28:30.374770" elapsed="0.002514"/>
</kw>
<return>
<value>${response}</value>
<status status="PASS" start="2025-10-27T07:28:30.377284" elapsed="0.000000"/>
</return>
<msg time="2025-10-27T07:28:30.377284" level="INFO">${response} = &lt;Response [200]&gt;</msg>
<var>${response}</var>
<arg>${MAX_LENGTH}</arg>
<doc>Perform GET request to /fact endpoint with max_length parameter</doc>
<status status="PASS" start="2025-10-27T07:28:29.860180" elapsed="0.517104"/>
</kw>
<kw name="Should Be Equal As Integers" owner="BuiltIn">
<msg time="2025-10-27T07:28:30.378548" level="INFO">Argument types are:
&lt;class 'int'&gt;
&lt;class 'str'&gt;</msg>
<arg>${response.status_code}</arg>
<arg>200</arg>
<doc>Fails if objects are unequal after converting them to integers.</doc>
<status status="PASS" start="2025-10-27T07:28:30.378548" elapsed="0.000000"/>
</kw>
<kw name="Set Variable" owner="BuiltIn">
<msg time="2025-10-27T07:28:30.378548" level="INFO">${json} = {}</msg>
<var>${json}</var>
<arg>${response.json()}</arg>
<doc>Returns the given values which can then be assigned to a variables.</doc>
<status status="PASS" start="2025-10-27T07:28:30.378548" elapsed="0.000000"/>
</kw>
<if>
<branch type="IF" condition="${json}">
<kw name="Should Be True" owner="BuiltIn">
<arg>${json['length']} &lt;= ${MAX_LENGTH}</arg>
<arg>Random fact exceeds max_length</arg>
<doc>Fails if the given condition is not true.</doc>
<status status="NOT RUN" start="2025-10-27T07:28:30.378548" elapsed="0.000000"/>
</kw>
<status status="NOT RUN" start="2025-10-27T07:28:30.378548" elapsed="0.000000"/>
</branch>
<branch type="ELSE">
<kw name="Pass Execution" owner="BuiltIn">
<msg time="2025-10-27T07:28:30.383126" level="INFO">Execution passed with message:
Empty JSON returned for invalid max_length (-400)</msg>
<arg>Empty JSON returned for invalid max_length (${MAX_LENGTH})</arg>
<doc>Skips rest of the current test, setup, or teardown with PASS status.</doc>
<status status="PASS" start="2025-10-27T07:28:30.378548" elapsed="0.004578">Empty JSON returned for invalid max_length (-400)</status>
</kw>
<status status="PASS" start="2025-10-27T07:28:30.378548" elapsed="0.004578">Empty JSON returned for invalid max_length (-400)</status>
</branch>
<status status="PASS" start="2025-10-27T07:28:30.378548" elapsed="0.004578">Empty JSON returned for invalid max_length (-400)</status>
</if>
<status status="PASS" start="2025-10-27T07:28:29.860180" elapsed="0.522946">Empty JSON returned for invalid max_length (-400)</status>
</test>
<test id="s1-t4" name="Verify GET /facts returns 200" line="37">
<kw name="Get Facts With Limit" owner="api_keywords">
<kw name="Create Dictionary" owner="BuiltIn">
<msg time="2025-10-27T07:28:30.385709" level="INFO">${params} = {'limit': '10'}</msg>
<var>${params}</var>
<arg>limit=${limit}</arg>
<doc>Creates and returns a dictionary based on the given ``items``.</doc>
<status status="PASS" start="2025-10-27T07:28:30.385709" elapsed="0.000000"/>
</kw>
<kw name="GET On Session" owner="RequestsLibrary">
<msg time="2025-10-27T07:28:30.882663" level="INFO">GET Request : url=https://catfact.ninja/facts?limit=10 
 path_url=/facts?limit=10 
 headers={'User-Agent': 'python-requests/2.32.3', 'Accept-Encoding': 'gzip, deflate', 'Accept': '*/*', 'Connection': 'keep-alive', 'Cookie': 'XSRF-TOKEN=eyJpdiI6InlBT0FVMDN6c09jUEJ1Qjlkbk05eWc9PSIsInZhbHVlIjoiSWJKOGZYaHlpdEYxeVNUaUl4Zm5CQU4xcnUvbmhybjdtRmVvUitXeUQyZ0NPd1ZBMVJBa3grN1hQMmN0UGFRNjgvY3loRHQ0NFlWdzZEdHZqR1BWVnpzM2l5QkEzazcxRXFJcEhFMXZjSFdPUlNLNVVwVFI3V3BVbzEvOFRiU2QiLCJtYWMiOiI5NmRhNGRhOGNhNGM2M2IxMTA5OWQwZmJmZTgxNGU1N2ZkNTg5ZTdlZjI1MWMzOTE0ZTE4MjY1NGFkZjQ0MDg3IiwidGFnIjoiIn0%3D; catfacts_session=eyJpdiI6IjN6aHE1SjhaSGxaZlFGSHc3SXFuNmc9PSIsInZhbHVlIjoiTFhYTHdwVzlQb3h2citsNzdBemc1K1Z1VEVQUDFYMXpwOVlDUzUvRUgxU2hld3NqTzFWdm1GTXV0YUJOVUYwV3JBaGhYaU1DY3dNZUhJaUZuWGR5ZDQ2VGxDd3p5Z3VkK0E0ZHhkZW1JYnU5bE9tTXRFQUNTWFpQdzRaM0ZTWUciLCJtYWMiOiJlNzA3NzYyYTE5ZmIxMzhjN2M5ZWRmNDRlZTQ0MDI2YzQ1NWE5ZWFmY2U2MGFmMTViYWI5OTA5ZmRkOTYzMzkxIiwidGFnIjoiIn0%3D; BP3rA1Dy1w0NVgMRlAJtpEHG2hvyD5QvVt98bvu5=eyJpdiI6Ijd3a0s5TTlMUEtvZUpaWDl5L1BmNkE9PSIsInZhbHVlIjoiZ1dqcSt0dGQ0WXNBZFZseFdhSWF3WEV1bGxyOGlLemNEUEdvZFAxeFN6dmNEMExxMG1LVXlyOFRudDEzM2lPekNSVUV4d29aU0JqR1RlVVhaUE5MOTB1V3pra2hHdFFjMEZtblk1TEVlR0FwbzVjWTdLQ3AyVVEyeHBGRTF6bW41WHIrclFoQzhBdHVVYm1WamxjLytYMXJvVkVtelY4b25FT0svc0M1ZlpTTVZnU0l5Q2wyQ0tTWkxZd3FaZUthcDNtRytrMVZzMkt3dWMxbzdCak1tSEJSakc3NEVhWUNlQlV1Tk5oQ0dWaDdtZWJCYmJaUXV2RnVOaXphN0pXUE1wTTcvVm1FRnE3OGJuUWIxSHppaTZRTzR1U1NEd2xpQ1dPWjlJdm9ZbHlCSFhKNDhVQnNMREsyU1JQSHpoY1NDanBVUm91bmQxSGVQZ2dINzJQcDJOVnhucFkwdzZGenlKa2FJSmNZRHI1S0N6QUh3Tzl4Nmd0VXNhbE1pcXhpUlEzRk81dlgxMW81UnlPYnY1UXlBQT09IiwibWFjIjoiOWI4ZGQ1MGZlOTljODExMjZjMDdlMzg3NWE1NjdhMDNiNGRhMDVjYzYxNTRlNTI3YmJjNzRjNmFmM2QzYTY2YyIsInRhZyI6IiJ9'} 
 body=None 
 </msg>
<msg time="2025-10-27T07:28:30.882663" level="INFO">GET Response : url=https://catfact.ninja/facts?limit=10 
 status=200, reason=OK 
 headers={'Date': 'Mon, 27 Oct 2025 06:28:30 GMT', 'Content-Type': 'application/json', 'Transfer-Encoding': 'chunked', 'Connection': 'keep-alive', 'Server': 'cloudflare', 'vary': 'Accept-Encoding', 'Cache-Control': 'no-cache, private', 'x-ratelimit-limit': '100', 'x-ratelimit-remaining': '35', 'access-control-allow-origin': '*', 'x-frame-options': 'SAMEORIGIN', 'x-xss-protection': '1; mode=block', 'x-content-type-options': 'nosniff', 'Content-Encoding': 'gzip', 'Nel': '{"report_to":"cf-nel","success_fraction":0.0,"max_age":604800}', 'cf-cache-status': 'DYNAMIC', 'Report-To': '{"group":"cf-nel","max_age":604800,"endpoints":[{"url":"https://a.nel.cloudflare.com/report/v4?s=sbcKZ5LKFDWWfwOQ0fTUk%2FYVsxE6M5jo5FeofYfwxT1V34siTMRiYKkTXF6RI4f29PwkdkoTWpCd4z%2BFFVj045a9B91xf8CK00HjzUr6Nxz35UtbMqQgh7M%3D"}]}', 'Set-Cookie': 'XSRF-TOKEN=eyJpdiI6IlkzMS9KdU5QZlRMOExUdG1tcWs0SUE9PSIsInZhbHVlIjoiS3VBR3h6bDl0RUt2L3FpTXF0LzA2UGY0WGJCQ3hNRE1KMHA5a3huMEtPOWkrek4xeXdZZ0dtSy9oL0I4VXBkZU8xeUNYbEZ4eW1nTzFKK3orcEh6S3c0NXN6NkZnS3UwK2s5cnJmakxsYThobUJxOWhWWnFlUEdQNVdOYVN5LzkiLCJtYWMiOiIzOTY2YWE3YmY4YjVlZTBlZWY2OTVkOWMyNTZjOGNhOGY4ODA0NmNiMTUyOTIwZDY4ZjBkYmE2M2NiMWU5ZWVlIiwidGFnIjoiIn0%3D; SameSite=Lax; Secure; Path=/; Max-Age=7200; Expires=Mon, 27 Oct 2025 08:28:30 GMT, catfacts_session=eyJpdiI6IjVqSFcvdmJzRi9mSUgxZmNsdUdOSlE9PSIsInZhbHVlIjoiakNQU1ZEaGxFTWpwaTZiUFQ4Q29PeWoycTdmVWoyLzlRbUpkU3Y2ZHMzanhkTU1sUWhoVEhDNjNHTVhnWkxFcFFTWVZWbk5zQWt2cDV1QlBYVlQ2TnBOM05DS25keWRjOCtNeVhXM2U1WUtuS3NxL2pBaEpnU01GOVAvNlVwVVUiLCJtYWMiOiJlNGE4MDJhNGYxOTAzZmQ4ZDM5ODIwZGQ5N2I5NDRmMWYwYzQ3Y2MwYWUwY2U5OTk5ZjdkZmM4ZTgwZGYxNWJlIiwidGFnIjoiIn0%3D; HttpOnly; SameSite=Lax; Secure; Path=/; Max-Age=7200; Expires=Mon, 27 Oct 2025 08:28:30 GMT, BP3rA1Dy1w0NVgMRlAJtpEHG2hvyD5QvVt98bvu5=eyJpdiI6InM0Rnk3b1VtcFI5aERSVFdoZFd4V3c9PSIsInZhbHVlIjoiQzVkSWFvUWdYYm5zZENaaTlmK04xZjN5MzEzMkFoNVVOVlVhYm04ckJocHZ2eTZ3VDgzL2ZpUE45OUpTM0JEcllkU2FzVVBZVWhXaVVIbGh4VzIwNUpKMzI0UTAxZ1B5d0pWenN1bFpVaE5LZ3hsemlwYUh2YUdNRDR4dE9uVTByMFJ1UHVXUDcyVFJzNjF1UDc5SzhHMVUvTkpyZnU2c3VpK0tuTW5qUXFnMGxVUXFrNjY5YXNENURsd1h1a1R6TjIxaUl4SkNlOXgwWTV1ak5JL2dYdXpPUjFTSEd3d09rNHJ5TExWdDdpeElNRnlpQjZZMmtKb1NYS2NsWFRzQVBpME9YdmJQcmF0QStPOTJDRUFPeGQvbXE1WFI0b2FOVnZtZklzZjBzSEpxaFdxMWtzK05JWjZxVkRVeXNQTEowTlhpNFZ2MEtxNFlmZXlrYWsvTy9WUUt6VTRqNWs2bVRjTmFuTCtuVDAvc2h1Z2RCSEVnVjJrQ29CR1VQbUZTIiwibWFjIjoiMjA3MzFmOGM2ZTgxNzhjYmE1NzcwZmUwMGFhZGYyNDYyNjU3NzJhN2QzZTc0MGI0NDdlNzdjMWVjYmM5ZDk4NCIsInRhZyI6IiJ9; HttpOnly; SameSite=Lax; Secure; Path=/; Max-Age=7200; Expires=Mon, 27 Oct 2025 08:28:30 GMT', 'CF-RAY': '9950223afb7c9b99-SIN', 'alt-svc': 'h3=":443"; ma=86400'} 
 body={"current_page":1,"data":[{"fact":"Unlike dogs, cats do not have a sweet tooth. Scientists believe this is due to a mutation in a key taste receptor.","length":114},{"fact":"When a cat chases its prey, it keeps its head level. Dogs and humans bob their heads up and down.","length":97},{"fact":"The technical term for a cat\u2019s hairball is a \u201cbezoar.\u201d","length":54},{"fact":"A group of cats is called a \u201cclowder.\u201d","length":38},{"fact":"A cat can\u2019t climb head first down a tree because every claw on a cat\u2019s paw points the same way. To get down from a tree, a cat must back down.","length":142},{"fact":"Cats make about 100 different sounds. Dogs make only about 10.","length":62},{"fact":"Every year, nearly four million cats are eaten in Asia.","length":55},{"fact":"There are more than 500 million domestic cats in the world, with approximately 40 recognized breeds.","length":100},{"fact":"Approximately 24 cat skins can make a coat.","length":43},{"fact":"While it is commonly thought that the ancient Egyptians were the first to domesticate cats, the oldest known pet cat was recently found in a 9,500-year-old grave on the Mediterranean island of Cyprus. This grave predates early Egyptian art depicting cats by 4,000 years or more.","length":278}],"first_page_url":"https:\/\/catfact.ninja\/facts?page=1","from":1,"last_page":34,"last_page_url":"https:\/\/catfact.ninja\/facts?page=34","links":[{"url":null,"label":"Previous","active":false},{"url":"https:\/\/catfact.ninja\/facts?page=1","label":"1","active":true},{"url":"https:\/\/catfact.ninja\/facts?page=2","label":"2","active":false},{"url":"https:\/\/catfact.ninja\/facts?page=3","label":"3","active":false},{"url":"https:\/\/catfact.ninja\/facts?page=4","label":"4","active":false},{"url":"https:\/\/catfact.ninja\/facts?page=5","label":"5","active":false},{"url":"https:\/\/catfact.ninja\/facts?page=6","label":"6","active":false},{"url":"https:\/\/catfact.ninja\/facts?page=7","label":"7","active":false},{"url":"https:\/\/catfact.ninja\/facts?page=8","label":"8","active":false},{"url":"https:\/\/catfact.ninja\/facts?page=9","label":"9","active":false},{"url":"https:\/\/catfact.ninja\/facts?page=10","label":"10","active":false},{"url":null,"label":"...","active":false},{"url":"https:\/\/catfact.ninja\/facts?page=33","label":"33","active":false},{"url":"https:\/\/catfact.ninja\/facts?page=34","label":"34","active":false},{"url":"https:\/\/catfact.ninja\/facts?page=2","label":"Next","active":false}],"next_page_url":"https:\/\/catfact.ninja\/facts?page=2","path":"https:\/\/catfact.ninja\/facts","per_page":10,"prev_page_url":null,"to":10,"total":332} 
 </msg>
<msg time="2025-10-27T07:28:30.888077" level="INFO">C:\Users\dolap\AppData\Roaming\Python\Python312\site-packages\urllib3\connectionpool.py:1097: InsecureRequestWarning: Unverified HTTPS request is being made to host 'catfact.ninja'. Adding certificate verification is strongly advised. See: https://urllib3.readthedocs.io/en/latest/advanced-usage.html#tls-warnings
  warnings.warn(</msg>
<msg time="2025-10-27T07:28:30.888077" level="INFO">${response} = &lt;Response [200]&gt;</msg>
<var>${response}</var>
<arg>catfact</arg>
<arg>/facts</arg>
<arg>params=${params}</arg>
<doc>Sends a GET request on a previously created HTTP Session.</doc>
<status status="PASS" start="2025-10-27T07:28:30.385709" elapsed="0.502368"/>
</kw>
<kw name="Log To Console" owner="BuiltIn">
<arg>\n[REQUEST] GET /facts?limit=${limit}</arg>
<doc>Logs the given message to the console.</doc>
<status status="PASS" start="2025-10-27T07:28:30.888077" elapsed="0.001544"/>
</kw>
<kw name="Log To Console" owner="BuiltIn">
<arg>Status: ${response.status_code}</arg>
<doc>Logs the given message to the console.</doc>
<status status="PASS" start="2025-10-27T07:28:30.889621" elapsed="0.002022"/>
</kw>
<return>
<value>${response}</value>
<status status="PASS" start="2025-10-27T07:28:30.891643" elapsed="0.000000"/>
</return>
<msg time="2025-10-27T07:28:30.891643" level="INFO">${response} = &lt;Response [200]&gt;</msg>
<var>${response}</var>
<arg>${LIMIT}</arg>
<doc>Perform GET request to /facts endpoint with a limit parameter</doc>
<status status="PASS" start="2025-10-27T07:28:30.385709" elapsed="0.505934"/>
</kw>
<kw name="Should Be Equal As Integers" owner="BuiltIn">
<msg time="2025-10-27T07:28:30.896374" level="INFO">Argument types are:
&lt;class 'int'&gt;
&lt;class 'str'&gt;</msg>
<arg>${response.status_code}</arg>
<arg>200</arg>
<doc>Fails if objects are unequal after converting them to integers.</doc>
<status status="PASS" start="2025-10-27T07:28:30.891643" elapsed="0.004731"/>
</kw>
<status status="PASS" start="2025-10-27T07:28:30.383126" elapsed="0.513248"/>
</test>
<test id="s1-t5" name="Verify /facts items structure and response schema" line="41">
<kw name="Get Facts With Limit" owner="api_keywords">
<kw name="Create Dictionary" owner="BuiltIn">
<msg time="2025-10-27T07:28:30.901628" level="INFO">${params} = {'limit': '10'}</msg>
<var>${params}</var>
<arg>limit=${limit}</arg>
<doc>Creates and returns a dictionary based on the given ``items``.</doc>
<status status="PASS" start="2025-10-27T07:28:30.901628" elapsed="0.000000"/>
</kw>
<kw name="GET On Session" owner="RequestsLibrary">
<msg time="2025-10-27T07:28:31.388464" level="INFO">GET Request : url=https://catfact.ninja/facts?limit=10 
 path_url=/facts?limit=10 
 headers={'User-Agent': 'python-requests/2.32.3', 'Accept-Encoding': 'gzip, deflate', 'Accept': '*/*', 'Connection': 'keep-alive', 'Cookie': 'XSRF-TOKEN=eyJpdiI6IlkzMS9KdU5QZlRMOExUdG1tcWs0SUE9PSIsInZhbHVlIjoiS3VBR3h6bDl0RUt2L3FpTXF0LzA2UGY0WGJCQ3hNRE1KMHA5a3huMEtPOWkrek4xeXdZZ0dtSy9oL0I4VXBkZU8xeUNYbEZ4eW1nTzFKK3orcEh6S3c0NXN6NkZnS3UwK2s5cnJmakxsYThobUJxOWhWWnFlUEdQNVdOYVN5LzkiLCJtYWMiOiIzOTY2YWE3YmY4YjVlZTBlZWY2OTVkOWMyNTZjOGNhOGY4ODA0NmNiMTUyOTIwZDY4ZjBkYmE2M2NiMWU5ZWVlIiwidGFnIjoiIn0%3D; catfacts_session=eyJpdiI6IjVqSFcvdmJzRi9mSUgxZmNsdUdOSlE9PSIsInZhbHVlIjoiakNQU1ZEaGxFTWpwaTZiUFQ4Q29PeWoycTdmVWoyLzlRbUpkU3Y2ZHMzanhkTU1sUWhoVEhDNjNHTVhnWkxFcFFTWVZWbk5zQWt2cDV1QlBYVlQ2TnBOM05DS25keWRjOCtNeVhXM2U1WUtuS3NxL2pBaEpnU01GOVAvNlVwVVUiLCJtYWMiOiJlNGE4MDJhNGYxOTAzZmQ4ZDM5ODIwZGQ5N2I5NDRmMWYwYzQ3Y2MwYWUwY2U5OTk5ZjdkZmM4ZTgwZGYxNWJlIiwidGFnIjoiIn0%3D; BP3rA1Dy1w0NVgMRlAJtpEHG2hvyD5QvVt98bvu5=eyJpdiI6InM0Rnk3b1VtcFI5aERSVFdoZFd4V3c9PSIsInZhbHVlIjoiQzVkSWFvUWdYYm5zZENaaTlmK04xZjN5MzEzMkFoNVVOVlVhYm04ckJocHZ2eTZ3VDgzL2ZpUE45OUpTM0JEcllkU2FzVVBZVWhXaVVIbGh4VzIwNUpKMzI0UTAxZ1B5d0pWenN1bFpVaE5LZ3hsemlwYUh2YUdNRDR4dE9uVTByMFJ1UHVXUDcyVFJzNjF1UDc5SzhHMVUvTkpyZnU2c3VpK0tuTW5qUXFnMGxVUXFrNjY5YXNENURsd1h1a1R6TjIxaUl4SkNlOXgwWTV1ak5JL2dYdXpPUjFTSEd3d09rNHJ5TExWdDdpeElNRnlpQjZZMmtKb1NYS2NsWFRzQVBpME9YdmJQcmF0QStPOTJDRUFPeGQvbXE1WFI0b2FOVnZtZklzZjBzSEpxaFdxMWtzK05JWjZxVkRVeXNQTEowTlhpNFZ2MEtxNFlmZXlrYWsvTy9WUUt6VTRqNWs2bVRjTmFuTCtuVDAvc2h1Z2RCSEVnVjJrQ29CR1VQbUZTIiwibWFjIjoiMjA3MzFmOGM2ZTgxNzhjYmE1NzcwZmUwMGFhZGYyNDYyNjU3NzJhN2QzZTc0MGI0NDdlNzdjMWVjYmM5ZDk4NCIsInRhZyI6IiJ9'} 
 body=None 
 </msg>
<msg time="2025-10-27T07:28:31.388464" level="INFO">GET Response : url=https://catfact.ninja/facts?limit=10 
 status=200, reason=OK 
 headers={'Date': 'Mon, 27 Oct 2025 06:28:31 GMT', 'Content-Type': 'application/json', 'Transfer-Encoding': 'chunked', 'Connection': 'keep-alive', 'Server': 'cloudflare', 'vary': 'Accept-Encoding', 'Cache-Control': 'no-cache, private', 'x-ratelimit-limit': '100', 'x-ratelimit-remaining': '53', 'access-control-allow-origin': '*', 'x-frame-options': 'SAMEORIGIN', 'x-xss-protection': '1; mode=block', 'x-content-type-options': 'nosniff', 'Content-Encoding': 'gzip', 'Nel': '{"report_to":"cf-nel","success_fraction":0.0,"max_age":604800}', 'cf-cache-status': 'DYNAMIC', 'Report-To': '{"group":"cf-nel","max_age":604800,"endpoints":[{"url":"https://a.nel.cloudflare.com/report/v4?s=71b%2BNrJAhsjHTfRCrpq7F6SZ%2BuLbCQdpQ%2BcMhfl9oCCmfqVF04zr3SWWYwPf2Ktiu25W34bM1asa0KgSDVwEuWVaY0cegwPgnr3Emq0CFSNPqOxGhKPuIZE%3D"}]}', 'Set-Cookie': 'XSRF-TOKEN=eyJpdiI6IjMrcXVTOU5LTTQ1UmFweXNlUFUrVUE9PSIsInZhbHVlIjoiMEJTN3NSMDljVFdMVTdzaWJPYlV4NUZ5dkE5ZDVaMHRlUGdTbTRoR3hkNVdZeUF4VVFTNXJreERIaWFtTkJDbVpqS3UxSkRaSlNXb2JjTkhiazhzRGw1aThncG9UUFFucjFXTGdwdzZnUE9ESCtrZ1BuOE5iOG5HQ2FvemN3OGIiLCJtYWMiOiI3NGNiYzE1MjE1NjMwZDhjOGU2NTE3ODZiOGNlODQ2Y2M2NDA4OGU3YWQ1ODM0Y2NlNGMxOTcxZjJlZWVlODM3IiwidGFnIjoiIn0%3D; SameSite=Lax; Secure; Path=/; Max-Age=7200; Expires=Mon, 27 Oct 2025 08:28:31 GMT, catfacts_session=eyJpdiI6IkxIMlhGSXVmWTBOdExXb0M3bnZEK0E9PSIsInZhbHVlIjoiRS92V25YTTBXZDRBQ2ZWMWQvNWY3RG02Q3pKYmIvWFNPNHVjVGJ1NXVQNy9JQmNUUGtITUZHWEkxRGpwQlYvUTRhRWJJbjlIUVFXRjRmNGE4cVh1NzBSdUFKeTlzWHV5cHhVQWo1YlJ2bkdFQkkyZGMwS3d1ZkVadXpIdGI0QloiLCJtYWMiOiI4ZjdhYWM5NTgwYTJiNDg5N2FkOTA5MTBlYTFmNjU1Nzk5Y2MxNzM5ZDMyNGFkYTYwNDE3YWFjNmYzZjllZWU0IiwidGFnIjoiIn0%3D; HttpOnly; SameSite=Lax; Secure; Path=/; Max-Age=7200; Expires=Mon, 27 Oct 2025 08:28:31 GMT, BP3rA1Dy1w0NVgMRlAJtpEHG2hvyD5QvVt98bvu5=eyJpdiI6IlRCZnh6WmR6Y3kxbk5xaWsxeWZuWWc9PSIsInZhbHVlIjoiYWViYU5qZytIcWY3a1hZQ1BNRVY4TTZKQTh3RlpnRDZ2ckpJSG9MakpQRnRpejVINDFHRzRBTVd6ZTRsZkRxOG5iSkhmM3F0YVVMVlhMMU9sMWM5cy85ZzJ6WEE4UGpaTkxoeGY4NHVKdG05UHIxci9TQys2eC93bGJDVllHd3NoTGdZRmp4NW1INDNCZmpRTWQ2UzRNOXFpejZlWEF1bytoc2ZJQnRqY3UyRVlkaG5HMnVhYTZoZUpaNDBUZERXNWFMdDc1QUxodVduQmphdmF4eHZ2VjVRUEdLbzRiOXhlUjF6M2FOWHo3VUNPYkFUSEZyU252Z09rdUxDZTVLZExQWGx5ZnVkaittMm1tQlk4WktXVC9HMjY3WjBaNjlTUWNyZFhiWllSR0ZxMjc5bEpqMWdZVUhqZUtLR0xwUGtMS2NrMytvQWtNOTVUOTlPblNXU2lSQVZsV3lmY1NZQ2VYaVdJK2FzOEdrSFJjUUltOEJRVXBhd2pYVWovQnNjIiwibWFjIjoiNjA3Zjc5M2UxNTk2ZTFkYmM4ODZiMzhlNTFkOWQ1ODEzNDlkMDQ1ZGU2ZjhjMzkzMTY4YjhlN2YxNWI4MWE1YSIsInRhZyI6IiJ9; HttpOnly; SameSite=Lax; Secure; Path=/; Max-Age=7200; Expires=Mon, 27 Oct 2025 08:28:31 GMT', 'CF-RAY': '9950223e2f029b99-SIN', 'alt-svc': 'h3=":443"; ma=86400'} 
 body={"current_page":1,"data":[{"fact":"Unlike dogs, cats do not have a sweet tooth. Scientists believe this is due to a mutation in a key taste receptor.","length":114},{"fact":"When a cat chases its prey, it keeps its head level. Dogs and humans bob their heads up and down.","length":97},{"fact":"The technical term for a cat\u2019s hairball is a \u201cbezoar.\u201d","length":54},{"fact":"A group of cats is called a \u201cclowder.\u201d","length":38},{"fact":"A cat can\u2019t climb head first down a tree because every claw on a cat\u2019s paw points the same way. To get down from a tree, a cat must back down.","length":142},{"fact":"Cats make about 100 different sounds. Dogs make only about 10.","length":62},{"fact":"Every year, nearly four million cats are eaten in Asia.","length":55},{"fact":"There are more than 500 million domestic cats in the world, with approximately 40 recognized breeds.","length":100},{"fact":"Approximately 24 cat skins can make a coat.","length":43},{"fact":"While it is commonly thought that the ancient Egyptians were the first to domesticate cats, the oldest known pet cat was recently found in a 9,500-year-old grave on the Mediterranean island of Cyprus. This grave predates early Egyptian art depicting cats by 4,000 years or more.","length":278}],"first_page_url":"https:\/\/catfact.ninja\/facts?page=1","from":1,"last_page":34,"last_page_url":"https:\/\/catfact.ninja\/facts?page=34","links":[{"url":null,"label":"Previous","active":false},{"url":"https:\/\/catfact.ninja\/facts?page=1","label":"1","active":true},{"url":"https:\/\/catfact.ninja\/facts?page=2","label":"2","active":false},{"url":"https:\/\/catfact.ninja\/facts?page=3","label":"3","active":false},{"url":"https:\/\/catfact.ninja\/facts?page=4","label":"4","active":false},{"url":"https:\/\/catfact.ninja\/facts?page=5","label":"5","active":false},{"url":"https:\/\/catfact.ninja\/facts?page=6","label":"6","active":false},{"url":"https:\/\/catfact.ninja\/facts?page=7","label":"7","active":false},{"url":"https:\/\/catfact.ninja\/facts?page=8","label":"8","active":false},{"url":"https:\/\/catfact.ninja\/facts?page=9","label":"9","active":false},{"url":"https:\/\/catfact.ninja\/facts?page=10","label":"10","active":false},{"url":null,"label":"...","active":false},{"url":"https:\/\/catfact.ninja\/facts?page=33","label":"33","active":false},{"url":"https:\/\/catfact.ninja\/facts?page=34","label":"34","active":false},{"url":"https:\/\/catfact.ninja\/facts?page=2","label":"Next","active":false}],"next_page_url":"https:\/\/catfact.ninja\/facts?page=2","path":"https:\/\/catfact.ninja\/facts","per_page":10,"prev_page_url":null,"to":10,"total":332} 
 </msg>
<msg time="2025-10-27T07:28:31.388464" level="INFO">C:\Users\dolap\AppData\Roaming\Python\Python312\site-packages\urllib3\connectionpool.py:1097: InsecureRequestWarning: Unverified HTTPS request is being made to host 'catfact.ninja'. Adding certificate verification is strongly advised. See: https://urllib3.readthedocs.io/en/latest/advanced-usage.html#tls-warnings
  warnings.warn(</msg>
<msg time="2025-10-27T07:28:31.388464" level="INFO">${response} = &lt;Response [200]&gt;</msg>
<var>${response}</var>
<arg>catfact</arg>
<arg>/facts</arg>
<arg>params=${params}</arg>
<doc>Sends a GET request on a previously created HTTP Session.</doc>
<status status="PASS" start="2025-10-27T07:28:30.901628" elapsed="0.486836"/>
</kw>
<kw name="Log To Console" owner="BuiltIn">
<arg>\n[REQUEST] GET /facts?limit=${limit}</arg>
<doc>Logs the given message to the console.</doc>
<status status="PASS" start="2025-10-27T07:28:31.388464" elapsed="0.004370"/>
</kw>
<kw name="Log To Console" owner="BuiltIn">
<arg>Status: ${response.status_code}</arg>
<doc>Logs the given message to the console.</doc>
<status status="PASS" start="2025-10-27T07:28:31.392834" elapsed="0.002009"/>
</kw>
<return>
<value>${response}</value>
<status status="PASS" start="2025-10-27T07:28:31.394843" elapsed="0.000000"/>
</return>
<msg time="2025-10-27T07:28:31.396853" level="INFO">${response} = &lt;Response [200]&gt;</msg>
<var>${response}</var>
<arg>${LIMIT}</arg>
<doc>Perform GET request to /facts endpoint with a limit parameter</doc>
<status status="PASS" start="2025-10-27T07:28:30.899763" elapsed="0.497090"/>
</kw>
<kw name="Should Be Equal As Integers" owner="BuiltIn">
<msg time="2025-10-27T07:28:31.398549" level="INFO">Argument types are:
&lt;class 'int'&gt;
&lt;class 'str'&gt;</msg>
<arg>${response.status_code}</arg>
<arg>200</arg>
<doc>Fails if objects are unequal after converting them to integers.</doc>
<status status="PASS" start="2025-10-27T07:28:31.396853" elapsed="0.001696"/>
</kw>
<kw name="Set Variable" owner="BuiltIn">
<msg time="2025-10-27T07:28:31.400141" level="INFO">${json} = {'current_page': 1, 'data': [{'fact': 'Unlike dogs, cats do not have a sweet tooth. Scientists believe this is due to a mutation in a key taste receptor.', 'length': 114}, {'fact': 'When a cat chases ...</msg>
<var>${json}</var>
<arg>${response.json()}</arg>
<doc>Returns the given values which can then be assigned to a variables.</doc>
<status status="PASS" start="2025-10-27T07:28:31.398549" elapsed="0.001592"/>
</kw>
<kw name="Dictionary Should Contain Key" owner="Collections">
<arg>${json}</arg>
<arg>data</arg>
<doc>Fails if ``key`` is not found from ``dictionary``.</doc>
<status status="PASS" start="2025-10-27T07:28:31.400141" elapsed="0.000000"/>
</kw>
<kw name="Dictionary Should Contain Key" owner="Collections">
<arg>${json}</arg>
<arg>total</arg>
<doc>Fails if ``key`` is not found from ``dictionary``.</doc>
<status status="PASS" start="2025-10-27T07:28:31.400141" elapsed="0.001729"/>
</kw>
<kw name="Dictionary Should Contain Key" owner="Collections">
<arg>${json}</arg>
<arg>per_page</arg>
<doc>Fails if ``key`` is not found from ``dictionary``.</doc>
<status status="PASS" start="2025-10-27T07:28:31.401870" elapsed="0.000000"/>
</kw>
<kw name="Dictionary Should Contain Key" owner="Collections">
<arg>${json}</arg>
<arg>last_page</arg>
<doc>Fails if ``key`` is not found from ``dictionary``.</doc>
<status status="PASS" start="2025-10-27T07:28:31.401870" elapsed="0.001366"/>
</kw>
<kw name="Set Variable" owner="BuiltIn">
<msg time="2025-10-27T07:28:31.404594" level="INFO">${data} = [{'fact': 'Unlike dogs, cats do not have a sweet tooth. Scientists believe this is due to a mutation in a key taste receptor.', 'length': 114}, {'fact': 'When a cat chases its prey, it keeps its head ...</msg>
<var>${data}</var>
<arg>${json['data']}</arg>
<doc>Returns the given values which can then be assigned to a variables.</doc>
<status status="PASS" start="2025-10-27T07:28:31.403236" elapsed="0.001358"/>
</kw>
<kw name="Should Be True" owner="BuiltIn">
<arg>isinstance(${data}, list)</arg>
<doc>Fails if the given condition is not true.</doc>
<status status="PASS" start="2025-10-27T07:28:31.404594" elapsed="0.000000"/>
</kw>
<kw name="Should Be True" owner="BuiltIn">
<arg>${json['total']} &gt;= 0</arg>
<doc>Fails if the given condition is not true.</doc>
<status status="PASS" start="2025-10-27T07:28:31.404594" elapsed="0.002544"/>
</kw>
<kw name="Evaluate" owner="BuiltIn">
<msg time="2025-10-27T07:28:31.407138" level="INFO">${effective_limit} = 10</msg>
<var>${effective_limit}</var>
<arg>${LIMIT} if ${LIMIT} &gt; 0 else 10</arg>
<doc>Evaluates the given expression in Python and returns the result.</doc>
<status status="PASS" start="2025-10-27T07:28:31.407138" elapsed="0.000000"/>
</kw>
<kw name="Should Be Equal As Integers" owner="BuiltIn">
<arg>${json['per_page']}</arg>
<arg>${effective_limit}</arg>
<doc>Fails if objects are unequal after converting them to integers.</doc>
<status status="PASS" start="2025-10-27T07:28:31.409504" elapsed="0.001486"/>
</kw>
<for flavor="IN">
<iter>
<kw name="Validate Cat Fact Schema" owner="api_keywords">
<kw name="Dictionary Should Contain Key" owner="Collections">
<arg>${item}</arg>
<arg>fact</arg>
<doc>Fails if ``key`` is not found from ``dictionary``.</doc>
<status status="PASS" start="2025-10-27T07:28:31.412748" elapsed="0.000000"/>
</kw>
<kw name="Dictionary Should Contain Key" owner="Collections">
<arg>${item}</arg>
<arg>length</arg>
<doc>Fails if ``key`` is not found from ``dictionary``.</doc>
<status status="PASS" start="2025-10-27T07:28:31.412748" elapsed="0.000000"/>
</kw>
<kw name="Set Variable" owner="BuiltIn">
<msg time="2025-10-27T07:28:31.412748" level="INFO">${fact} = Unlike dogs, cats do not have a sweet tooth. Scientists believe this is due to a mutation in a key taste receptor.</msg>
<var>${fact}</var>
<arg>${item['fact']}</arg>
<doc>Returns the given values which can then be assigned to a variables.</doc>
<status status="PASS" start="2025-10-27T07:28:31.412748" elapsed="0.000000"/>
</kw>
<kw name="Evaluate" owner="BuiltIn">
<msg time="2025-10-27T07:28:31.412748" level="INFO">${is_str} = True</msg>
<var>${is_str}</var>
<arg>isinstance($fact, str)</arg>
<doc>Evaluates the given expression in Python and returns the result.</doc>
<status status="PASS" start="2025-10-27T07:28:31.412748" elapsed="0.000000"/>
</kw>
<kw name="Should Be True" owner="BuiltIn">
<arg>${is_str}</arg>
<doc>Fails if the given condition is not true.</doc>
<status status="PASS" start="2025-10-27T07:28:31.412748" elapsed="0.000000"/>
</kw>
<kw name="Set Variable" owner="BuiltIn">
<msg time="2025-10-27T07:28:31.412748" level="INFO">${length} = 114</msg>
<var>${length}</var>
<arg>${item['length']}</arg>
<doc>Returns the given values which can then be assigned to a variables.</doc>
<status status="PASS" start="2025-10-27T07:28:31.412748" elapsed="0.000000"/>
</kw>
<kw name="Evaluate" owner="BuiltIn">
<msg time="2025-10-27T07:28:31.412748" level="INFO">${is_int} = True</msg>
<var>${is_int}</var>
<arg>isinstance($length, int)</arg>
<doc>Evaluates the given expression in Python and returns the result.</doc>
<status status="PASS" start="2025-10-27T07:28:31.412748" elapsed="0.000000"/>
</kw>
<kw name="Should Be True" owner="BuiltIn">
<arg>${is_int}</arg>
<doc>Fails if the given condition is not true.</doc>
<status status="PASS" start="2025-10-27T07:28:31.412748" elapsed="0.000000"/>
</kw>
<kw name="Evaluate" owner="BuiltIn">
<msg time="2025-10-27T07:28:31.412748" level="INFO">${fact_len} = 114</msg>
<var>${fact_len}</var>
<arg>len($fact)</arg>
<doc>Evaluates the given expression in Python and returns the result.</doc>
<status status="PASS" start="2025-10-27T07:28:31.412748" elapsed="0.000000"/>
</kw>
<kw name="Run Keyword If" owner="BuiltIn">
<arg>${length} != ${fact_len}</arg>
<arg>Log</arg>
<arg>Length mismatch! Expected: ${length}, Actual: ${fact_len}, Fact: ${fact}</arg>
<doc>Runs the given keyword with the given arguments, if ``condition`` is true.</doc>
<status status="PASS" start="2025-10-27T07:28:31.412748" elapsed="0.000000"/>
</kw>
<kw name="Should Be Equal As Integers" owner="BuiltIn">
<arg>${length}</arg>
<arg>${fact_len}</arg>
<doc>Fails if objects are unequal after converting them to integers.</doc>
<status status="PASS" start="2025-10-27T07:28:31.412748" elapsed="0.000000"/>
</kw>
<arg>${item}</arg>
<doc>Validate structure and consistency of a single cat fact item.</doc>
<status status="PASS" start="2025-10-27T07:28:31.412748" elapsed="0.000000"/>
</kw>
<var name="${item}">{'fact': 'Unlike dogs, cats do not have a sweet tooth. Scientists believe this is due to a mutation in a key taste receptor.', 'length': 114}</var>
<status status="PASS" start="2025-10-27T07:28:31.412748" elapsed="0.000000"/>
</iter>
<iter>
<kw name="Validate Cat Fact Schema" owner="api_keywords">
<kw name="Dictionary Should Contain Key" owner="Collections">
<arg>${item}</arg>
<arg>fact</arg>
<doc>Fails if ``key`` is not found from ``dictionary``.</doc>
<status status="PASS" start="2025-10-27T07:28:31.412748" elapsed="0.000000"/>
</kw>
<kw name="Dictionary Should Contain Key" owner="Collections">
<arg>${item}</arg>
<arg>length</arg>
<doc>Fails if ``key`` is not found from ``dictionary``.</doc>
<status status="PASS" start="2025-10-27T07:28:31.412748" elapsed="0.000000"/>
</kw>
<kw name="Set Variable" owner="BuiltIn">
<msg time="2025-10-27T07:28:31.412748" level="INFO">${fact} = When a cat chases its prey, it keeps its head level. Dogs and humans bob their heads up and down.</msg>
<var>${fact}</var>
<arg>${item['fact']}</arg>
<doc>Returns the given values which can then be assigned to a variables.</doc>
<status status="PASS" start="2025-10-27T07:28:31.412748" elapsed="0.000000"/>
</kw>
<kw name="Evaluate" owner="BuiltIn">
<msg time="2025-10-27T07:28:31.412748" level="INFO">${is_str} = True</msg>
<var>${is_str}</var>
<arg>isinstance($fact, str)</arg>
<doc>Evaluates the given expression in Python and returns the result.</doc>
<status status="PASS" start="2025-10-27T07:28:31.412748" elapsed="0.000000"/>
</kw>
<kw name="Should Be True" owner="BuiltIn">
<arg>${is_str}</arg>
<doc>Fails if the given condition is not true.</doc>
<status status="PASS" start="2025-10-27T07:28:31.412748" elapsed="0.000000"/>
</kw>
<kw name="Set Variable" owner="BuiltIn">
<msg time="2025-10-27T07:28:31.412748" level="INFO">${length} = 97</msg>
<var>${length}</var>
<arg>${item['length']}</arg>
<doc>Returns the given values which can then be assigned to a variables.</doc>
<status status="PASS" start="2025-10-27T07:28:31.412748" elapsed="0.000000"/>
</kw>
<kw name="Evaluate" owner="BuiltIn">
<msg time="2025-10-27T07:28:31.412748" level="INFO">${is_int} = True</msg>
<var>${is_int}</var>
<arg>isinstance($length, int)</arg>
<doc>Evaluates the given expression in Python and returns the result.</doc>
<status status="PASS" start="2025-10-27T07:28:31.412748" elapsed="0.015658"/>
</kw>
<kw name="Should Be True" owner="BuiltIn">
<arg>${is_int}</arg>
<doc>Fails if the given condition is not true.</doc>
<status status="PASS" start="2025-10-27T07:28:31.428406" elapsed="0.000000"/>
</kw>
<kw name="Evaluate" owner="BuiltIn">
<msg time="2025-10-27T07:28:31.428406" level="INFO">${fact_len} = 97</msg>
<var>${fact_len}</var>
<arg>len($fact)</arg>
<doc>Evaluates the given expression in Python and returns the result.</doc>
<status status="PASS" start="2025-10-27T07:28:31.428406" elapsed="0.000000"/>
</kw>
<kw name="Run Keyword If" owner="BuiltIn">
<arg>${length} != ${fact_len}</arg>
<arg>Log</arg>
<arg>Length mismatch! Expected: ${length}, Actual: ${fact_len}, Fact: ${fact}</arg>
<doc>Runs the given keyword with the given arguments, if ``condition`` is true.</doc>
<status status="PASS" start="2025-10-27T07:28:31.428406" elapsed="0.000000"/>
</kw>
<kw name="Should Be Equal As Integers" owner="BuiltIn">
<arg>${length}</arg>
<arg>${fact_len}</arg>
<doc>Fails if objects are unequal after converting them to integers.</doc>
<status status="PASS" start="2025-10-27T07:28:31.428406" elapsed="0.000000"/>
</kw>
<arg>${item}</arg>
<doc>Validate structure and consistency of a single cat fact item.</doc>
<status status="PASS" start="2025-10-27T07:28:31.412748" elapsed="0.015658"/>
</kw>
<var name="${item}">{'fact': 'When a cat chases its prey, it keeps its head level. Dogs and humans bob their heads up and down.', 'length': 97}</var>
<status status="PASS" start="2025-10-27T07:28:31.412748" elapsed="0.015658"/>
</iter>
<iter>
<kw name="Validate Cat Fact Schema" owner="api_keywords">
<kw name="Dictionary Should Contain Key" owner="Collections">
<arg>${item}</arg>
<arg>fact</arg>
<doc>Fails if ``key`` is not found from ``dictionary``.</doc>
<status status="PASS" start="2025-10-27T07:28:31.428406" elapsed="0.000000"/>
</kw>
<kw name="Dictionary Should Contain Key" owner="Collections">
<arg>${item}</arg>
<arg>length</arg>
<doc>Fails if ``key`` is not found from ``dictionary``.</doc>
<status status="PASS" start="2025-10-27T07:28:31.428406" elapsed="0.000000"/>
</kw>
<kw name="Set Variable" owner="BuiltIn">
<msg time="2025-10-27T07:28:31.428406" level="INFO">${fact} = The technical term for a cat’s hairball is a “bezoar.”</msg>
<var>${fact}</var>
<arg>${item['fact']}</arg>
<doc>Returns the given values which can then be assigned to a variables.</doc>
<status status="PASS" start="2025-10-27T07:28:31.428406" elapsed="0.000000"/>
</kw>
<kw name="Evaluate" owner="BuiltIn">
<msg time="2025-10-27T07:28:31.428406" level="INFO">${is_str} = True</msg>
<var>${is_str}</var>
<arg>isinstance($fact, str)</arg>
<doc>Evaluates the given expression in Python and returns the result.</doc>
<status status="PASS" start="2025-10-27T07:28:31.428406" elapsed="0.000000"/>
</kw>
<kw name="Should Be True" owner="BuiltIn">
<arg>${is_str}</arg>
<doc>Fails if the given condition is not true.</doc>
<status status="PASS" start="2025-10-27T07:28:31.428406" elapsed="0.000000"/>
</kw>
<kw name="Set Variable" owner="BuiltIn">
<msg time="2025-10-27T07:28:31.428406" level="INFO">${length} = 54</msg>
<var>${length}</var>
<arg>${item['length']}</arg>
<doc>Returns the given values which can then be assigned to a variables.</doc>
<status status="PASS" start="2025-10-27T07:28:31.428406" elapsed="0.000000"/>
</kw>
<kw name="Evaluate" owner="BuiltIn">
<msg time="2025-10-27T07:28:31.428406" level="INFO">${is_int} = True</msg>
<var>${is_int}</var>
<arg>isinstance($length, int)</arg>
<doc>Evaluates the given expression in Python and returns the result.</doc>
<status status="PASS" start="2025-10-27T07:28:31.428406" elapsed="0.000000"/>
</kw>
<kw name="Should Be True" owner="BuiltIn">
<arg>${is_int}</arg>
<doc>Fails if the given condition is not true.</doc>
<status status="PASS" start="2025-10-27T07:28:31.428406" elapsed="0.000000"/>
</kw>
<kw name="Evaluate" owner="BuiltIn">
<msg time="2025-10-27T07:28:31.428406" level="INFO">${fact_len} = 54</msg>
<var>${fact_len}</var>
<arg>len($fact)</arg>
<doc>Evaluates the given expression in Python and returns the result.</doc>
<status status="PASS" start="2025-10-27T07:28:31.428406" elapsed="0.000000"/>
</kw>
<kw name="Run Keyword If" owner="BuiltIn">
<arg>${length} != ${fact_len}</arg>
<arg>Log</arg>
<arg>Length mismatch! Expected: ${length}, Actual: ${fact_len}, Fact: ${fact}</arg>
<doc>Runs the given keyword with the given arguments, if ``condition`` is true.</doc>
<status status="PASS" start="2025-10-27T07:28:31.428406" elapsed="0.000000"/>
</kw>
<kw name="Should Be Equal As Integers" owner="BuiltIn">
<arg>${length}</arg>
<arg>${fact_len}</arg>
<doc>Fails if objects are unequal after converting them to integers.</doc>
<status status="PASS" start="2025-10-27T07:28:31.428406" elapsed="0.000000"/>
</kw>
<arg>${item}</arg>
<doc>Validate structure and consistency of a single cat fact item.</doc>
<status status="PASS" start="2025-10-27T07:28:31.428406" elapsed="0.000000"/>
</kw>
<var name="${item}">{'fact': 'The technical term for a cat’s hairball is a “bezoar.”', 'length': 54}</var>
<status status="PASS" start="2025-10-27T07:28:31.428406" elapsed="0.000000"/>
</iter>
<iter>
<kw name="Validate Cat Fact Schema" owner="api_keywords">
<kw name="Dictionary Should Contain Key" owner="Collections">
<arg>${item}</arg>
<arg>fact</arg>
<doc>Fails if ``key`` is not found from ``dictionary``.</doc>
<status status="PASS" start="2025-10-27T07:28:31.428406" elapsed="0.000000"/>
</kw>
<kw name="Dictionary Should Contain Key" owner="Collections">
<arg>${item}</arg>
<arg>length</arg>
<doc>Fails if ``key`` is not found from ``dictionary``.</doc>
<status status="PASS" start="2025-10-27T07:28:31.428406" elapsed="0.000000"/>
</kw>
<kw name="Set Variable" owner="BuiltIn">
<msg time="2025-10-27T07:28:31.428406" level="INFO">${fact} = A group of cats is called a “clowder.”</msg>
<var>${fact}</var>
<arg>${item['fact']}</arg>
<doc>Returns the given values which can then be assigned to a variables.</doc>
<status status="PASS" start="2025-10-27T07:28:31.428406" elapsed="0.000000"/>
</kw>
<kw name="Evaluate" owner="BuiltIn">
<msg time="2025-10-27T07:28:31.444240" level="INFO">${is_str} = True</msg>
<var>${is_str}</var>
<arg>isinstance($fact, str)</arg>
<doc>Evaluates the given expression in Python and returns the result.</doc>
<status status="PASS" start="2025-10-27T07:28:31.428406" elapsed="0.015834"/>
</kw>
<kw name="Should Be True" owner="BuiltIn">
<arg>${is_str}</arg>
<doc>Fails if the given condition is not true.</doc>
<status status="PASS" start="2025-10-27T07:28:31.444240" elapsed="0.000000"/>
</kw>
<kw name="Set Variable" owner="BuiltIn">
<msg time="2025-10-27T07:28:31.444240" level="INFO">${length} = 38</msg>
<var>${length}</var>
<arg>${item['length']}</arg>
<doc>Returns the given values which can then be assigned to a variables.</doc>
<status status="PASS" start="2025-10-27T07:28:31.444240" elapsed="0.000000"/>
</kw>
<kw name="Evaluate" owner="BuiltIn">
<msg time="2025-10-27T07:28:31.446818" level="INFO">${is_int} = True</msg>
<var>${is_int}</var>
<arg>isinstance($length, int)</arg>
<doc>Evaluates the given expression in Python and returns the result.</doc>
<status status="PASS" start="2025-10-27T07:28:31.446818" elapsed="0.000000"/>
</kw>
<kw name="Should Be True" owner="BuiltIn">
<arg>${is_int}</arg>
<doc>Fails if the given condition is not true.</doc>
<status status="PASS" start="2025-10-27T07:28:31.446818" elapsed="0.000000"/>
</kw>
<kw name="Evaluate" owner="BuiltIn">
<msg time="2025-10-27T07:28:31.448333" level="INFO">${fact_len} = 38</msg>
<var>${fact_len}</var>
<arg>len($fact)</arg>
<doc>Evaluates the given expression in Python and returns the result.</doc>
<status status="PASS" start="2025-10-27T07:28:31.446818" elapsed="0.001515"/>
</kw>
<kw name="Run Keyword If" owner="BuiltIn">
<arg>${length} != ${fact_len}</arg>
<arg>Log</arg>
<arg>Length mismatch! Expected: ${length}, Actual: ${fact_len}, Fact: ${fact}</arg>
<doc>Runs the given keyword with the given arguments, if ``condition`` is true.</doc>
<status status="PASS" start="2025-10-27T07:28:31.448333" elapsed="0.000000"/>
</kw>
<kw name="Should Be Equal As Integers" owner="BuiltIn">
<arg>${length}</arg>
<arg>${fact_len}</arg>
<doc>Fails if objects are unequal after converting them to integers.</doc>
<status status="PASS" start="2025-10-27T07:28:31.448333" elapsed="0.000000"/>
</kw>
<arg>${item}</arg>
<doc>Validate structure and consistency of a single cat fact item.</doc>
<status status="PASS" start="2025-10-27T07:28:31.428406" elapsed="0.019927"/>
</kw>
<var name="${item}">{'fact': 'A group of cats is called a “clowder.”', 'length': 38}</var>
<status status="PASS" start="2025-10-27T07:28:31.428406" elapsed="0.019927"/>
</iter>
<iter>
<kw name="Validate Cat Fact Schema" owner="api_keywords">
<kw name="Dictionary Should Contain Key" owner="Collections">
<arg>${item}</arg>
<arg>fact</arg>
<doc>Fails if ``key`` is not found from ``dictionary``.</doc>
<status status="PASS" start="2025-10-27T07:28:31.448333" elapsed="0.000000"/>
</kw>
<kw name="Dictionary Should Contain Key" owner="Collections">
<arg>${item}</arg>
<arg>length</arg>
<doc>Fails if ``key`` is not found from ``dictionary``.</doc>
<status status="PASS" start="2025-10-27T07:28:31.448333" elapsed="0.000000"/>
</kw>
<kw name="Set Variable" owner="BuiltIn">
<msg time="2025-10-27T07:28:31.448333" level="INFO">${fact} = A cat can’t climb head first down a tree because every claw on a cat’s paw points the same way. To get down from a tree, a cat must back down.</msg>
<var>${fact}</var>
<arg>${item['fact']}</arg>
<doc>Returns the given values which can then be assigned to a variables.</doc>
<status status="PASS" start="2025-10-27T07:28:31.448333" elapsed="0.000000"/>
</kw>
<kw name="Evaluate" owner="BuiltIn">
<msg time="2025-10-27T07:28:31.448333" level="INFO">${is_str} = True</msg>
<var>${is_str}</var>
<arg>isinstance($fact, str)</arg>
<doc>Evaluates the given expression in Python and returns the result.</doc>
<status status="PASS" start="2025-10-27T07:28:31.448333" elapsed="0.000000"/>
</kw>
<kw name="Should Be True" owner="BuiltIn">
<arg>${is_str}</arg>
<doc>Fails if the given condition is not true.</doc>
<status status="PASS" start="2025-10-27T07:28:31.448333" elapsed="0.000000"/>
</kw>
<kw name="Set Variable" owner="BuiltIn">
<msg time="2025-10-27T07:28:31.448333" level="INFO">${length} = 142</msg>
<var>${length}</var>
<arg>${item['length']}</arg>
<doc>Returns the given values which can then be assigned to a variables.</doc>
<status status="PASS" start="2025-10-27T07:28:31.448333" elapsed="0.000000"/>
</kw>
<kw name="Evaluate" owner="BuiltIn">
<msg time="2025-10-27T07:28:31.448333" level="INFO">${is_int} = True</msg>
<var>${is_int}</var>
<arg>isinstance($length, int)</arg>
<doc>Evaluates the given expression in Python and returns the result.</doc>
<status status="PASS" start="2025-10-27T07:28:31.448333" elapsed="0.000000"/>
</kw>
<kw name="Should Be True" owner="BuiltIn">
<arg>${is_int}</arg>
<doc>Fails if the given condition is not true.</doc>
<status status="PASS" start="2025-10-27T07:28:31.448333" elapsed="0.000000"/>
</kw>
<kw name="Evaluate" owner="BuiltIn">
<msg time="2025-10-27T07:28:31.448333" level="INFO">${fact_len} = 142</msg>
<var>${fact_len}</var>
<arg>len($fact)</arg>
<doc>Evaluates the given expression in Python and returns the result.</doc>
<status status="PASS" start="2025-10-27T07:28:31.448333" elapsed="0.000000"/>
</kw>
<kw name="Run Keyword If" owner="BuiltIn">
<arg>${length} != ${fact_len}</arg>
<arg>Log</arg>
<arg>Length mismatch! Expected: ${length}, Actual: ${fact_len}, Fact: ${fact}</arg>
<doc>Runs the given keyword with the given arguments, if ``condition`` is true.</doc>
<status status="PASS" start="2025-10-27T07:28:31.448333" elapsed="0.000000"/>
</kw>
<kw name="Should Be Equal As Integers" owner="BuiltIn">
<arg>${length}</arg>
<arg>${fact_len}</arg>
<doc>Fails if objects are unequal after converting them to integers.</doc>
<status status="PASS" start="2025-10-27T07:28:31.448333" elapsed="0.000000"/>
</kw>
<arg>${item}</arg>
<doc>Validate structure and consistency of a single cat fact item.</doc>
<status status="PASS" start="2025-10-27T07:28:31.448333" elapsed="0.000000"/>
</kw>
<var name="${item}">{'fact': 'A cat can’t climb head first down a tree because every claw on a cat’s paw points the same way. To get down from a tree, a cat must back down.', 'length': 142}</var>
<status status="PASS" start="2025-10-27T07:28:31.448333" elapsed="0.000000"/>
</iter>
<iter>
<kw name="Validate Cat Fact Schema" owner="api_keywords">
<kw name="Dictionary Should Contain Key" owner="Collections">
<arg>${item}</arg>
<arg>fact</arg>
<doc>Fails if ``key`` is not found from ``dictionary``.</doc>
<status status="PASS" start="2025-10-27T07:28:31.448333" elapsed="0.000000"/>
</kw>
<kw name="Dictionary Should Contain Key" owner="Collections">
<arg>${item}</arg>
<arg>length</arg>
<doc>Fails if ``key`` is not found from ``dictionary``.</doc>
<status status="PASS" start="2025-10-27T07:28:31.448333" elapsed="0.000000"/>
</kw>
<kw name="Set Variable" owner="BuiltIn">
<msg time="2025-10-27T07:28:31.461150" level="INFO">${fact} = Cats make about 100 different sounds. Dogs make only about 10.</msg>
<var>${fact}</var>
<arg>${item['fact']}</arg>
<doc>Returns the given values which can then be assigned to a variables.</doc>
<status status="PASS" start="2025-10-27T07:28:31.459367" elapsed="0.001783"/>
</kw>
<kw name="Evaluate" owner="BuiltIn">
<msg time="2025-10-27T07:28:31.461150" level="INFO">${is_str} = True</msg>
<var>${is_str}</var>
<arg>isinstance($fact, str)</arg>
<doc>Evaluates the given expression in Python and returns the result.</doc>
<status status="PASS" start="2025-10-27T07:28:31.461150" elapsed="0.000000"/>
</kw>
<kw name="Should Be True" owner="BuiltIn">
<arg>${is_str}</arg>
<doc>Fails if the given condition is not true.</doc>
<status status="PASS" start="2025-10-27T07:28:31.461150" elapsed="0.000000"/>
</kw>
<kw name="Set Variable" owner="BuiltIn">
<msg time="2025-10-27T07:28:31.464062" level="INFO">${length} = 62</msg>
<var>${length}</var>
<arg>${item['length']}</arg>
<doc>Returns the given values which can then be assigned to a variables.</doc>
<status status="PASS" start="2025-10-27T07:28:31.461150" elapsed="0.002912"/>
</kw>
<kw name="Evaluate" owner="BuiltIn">
<msg time="2025-10-27T07:28:31.464062" level="INFO">${is_int} = True</msg>
<var>${is_int}</var>
<arg>isinstance($length, int)</arg>
<doc>Evaluates the given expression in Python and returns the result.</doc>
<status status="PASS" start="2025-10-27T07:28:31.464062" elapsed="0.000000"/>
</kw>
<kw name="Should Be True" owner="BuiltIn">
<arg>${is_int}</arg>
<doc>Fails if the given condition is not true.</doc>
<status status="PASS" start="2025-10-27T07:28:31.464062" elapsed="0.000000"/>
</kw>
<kw name="Evaluate" owner="BuiltIn">
<msg time="2025-10-27T07:28:31.464062" level="INFO">${fact_len} = 62</msg>
<var>${fact_len}</var>
<arg>len($fact)</arg>
<doc>Evaluates the given expression in Python and returns the result.</doc>
<status status="PASS" start="2025-10-27T07:28:31.464062" elapsed="0.000000"/>
</kw>
<kw name="Run Keyword If" owner="BuiltIn">
<arg>${length} != ${fact_len}</arg>
<arg>Log</arg>
<arg>Length mismatch! Expected: ${length}, Actual: ${fact_len}, Fact: ${fact}</arg>
<doc>Runs the given keyword with the given arguments, if ``condition`` is true.</doc>
<status status="PASS" start="2025-10-27T07:28:31.464062" elapsed="0.000000"/>
</kw>
<kw name="Should Be Equal As Integers" owner="BuiltIn">
<arg>${length}</arg>
<arg>${fact_len}</arg>
<doc>Fails if objects are unequal after converting them to integers.</doc>
<status status="PASS" start="2025-10-27T07:28:31.464062" elapsed="0.000000"/>
</kw>
<arg>${item}</arg>
<doc>Validate structure and consistency of a single cat fact item.</doc>
<status status="PASS" start="2025-10-27T07:28:31.448333" elapsed="0.015729"/>
</kw>
<var name="${item}">{'fact': 'Cats make about 100 different sounds. Dogs make only about 10.', 'length': 62}</var>
<status status="PASS" start="2025-10-27T07:28:31.448333" elapsed="0.015729"/>
</iter>
<iter>
<kw name="Validate Cat Fact Schema" owner="api_keywords">
<kw name="Dictionary Should Contain Key" owner="Collections">
<arg>${item}</arg>
<arg>fact</arg>
<doc>Fails if ``key`` is not found from ``dictionary``.</doc>
<status status="PASS" start="2025-10-27T07:28:31.464062" elapsed="0.000000"/>
</kw>
<kw name="Dictionary Should Contain Key" owner="Collections">
<arg>${item}</arg>
<arg>length</arg>
<doc>Fails if ``key`` is not found from ``dictionary``.</doc>
<status status="PASS" start="2025-10-27T07:28:31.464062" elapsed="0.000000"/>
</kw>
<kw name="Set Variable" owner="BuiltIn">
<msg time="2025-10-27T07:28:31.464062" level="INFO">${fact} = Every year, nearly four million cats are eaten in Asia.</msg>
<var>${fact}</var>
<arg>${item['fact']}</arg>
<doc>Returns the given values which can then be assigned to a variables.</doc>
<status status="PASS" start="2025-10-27T07:28:31.464062" elapsed="0.000000"/>
</kw>
<kw name="Evaluate" owner="BuiltIn">
<msg time="2025-10-27T07:28:31.464062" level="INFO">${is_str} = True</msg>
<var>${is_str}</var>
<arg>isinstance($fact, str)</arg>
<doc>Evaluates the given expression in Python and returns the result.</doc>
<status status="PASS" start="2025-10-27T07:28:31.464062" elapsed="0.000000"/>
</kw>
<kw name="Should Be True" owner="BuiltIn">
<arg>${is_str}</arg>
<doc>Fails if the given condition is not true.</doc>
<status status="PASS" start="2025-10-27T07:28:31.464062" elapsed="0.000000"/>
</kw>
<kw name="Set Variable" owner="BuiltIn">
<msg time="2025-10-27T07:28:31.464062" level="INFO">${length} = 55</msg>
<var>${length}</var>
<arg>${item['length']}</arg>
<doc>Returns the given values which can then be assigned to a variables.</doc>
<status status="PASS" start="2025-10-27T07:28:31.464062" elapsed="0.000000"/>
</kw>
<kw name="Evaluate" owner="BuiltIn">
<msg time="2025-10-27T07:28:31.464062" level="INFO">${is_int} = True</msg>
<var>${is_int}</var>
<arg>isinstance($length, int)</arg>
<doc>Evaluates the given expression in Python and returns the result.</doc>
<status status="PASS" start="2025-10-27T07:28:31.464062" elapsed="0.000000"/>
</kw>
<kw name="Should Be True" owner="BuiltIn">
<arg>${is_int}</arg>
<doc>Fails if the given condition is not true.</doc>
<status status="PASS" start="2025-10-27T07:28:31.464062" elapsed="0.000000"/>
</kw>
<kw name="Evaluate" owner="BuiltIn">
<msg time="2025-10-27T07:28:31.464062" level="INFO">${fact_len} = 55</msg>
<var>${fact_len}</var>
<arg>len($fact)</arg>
<doc>Evaluates the given expression in Python and returns the result.</doc>
<status status="PASS" start="2025-10-27T07:28:31.464062" elapsed="0.000000"/>
</kw>
<kw name="Run Keyword If" owner="BuiltIn">
<arg>${length} != ${fact_len}</arg>
<arg>Log</arg>
<arg>Length mismatch! Expected: ${length}, Actual: ${fact_len}, Fact: ${fact}</arg>
<doc>Runs the given keyword with the given arguments, if ``condition`` is true.</doc>
<status status="PASS" start="2025-10-27T07:28:31.464062" elapsed="0.000000"/>
</kw>
<kw name="Should Be Equal As Integers" owner="BuiltIn">
<arg>${length}</arg>
<arg>${fact_len}</arg>
<doc>Fails if objects are unequal after converting them to integers.</doc>
<status status="PASS" start="2025-10-27T07:28:31.464062" elapsed="0.000000"/>
</kw>
<arg>${item}</arg>
<doc>Validate structure and consistency of a single cat fact item.</doc>
<status status="PASS" start="2025-10-27T07:28:31.464062" elapsed="0.000000"/>
</kw>
<var name="${item}">{'fact': 'Every year, nearly four million cats are eaten in Asia.', 'length': 55}</var>
<status status="PASS" start="2025-10-27T07:28:31.464062" elapsed="0.000000"/>
</iter>
<iter>
<kw name="Validate Cat Fact Schema" owner="api_keywords">
<kw name="Dictionary Should Contain Key" owner="Collections">
<arg>${item}</arg>
<arg>fact</arg>
<doc>Fails if ``key`` is not found from ``dictionary``.</doc>
<status status="PASS" start="2025-10-27T07:28:31.475373" elapsed="0.000000"/>
</kw>
<kw name="Dictionary Should Contain Key" owner="Collections">
<arg>${item}</arg>
<arg>length</arg>
<doc>Fails if ``key`` is not found from ``dictionary``.</doc>
<status status="PASS" start="2025-10-27T07:28:31.475373" elapsed="0.001238"/>
</kw>
<kw name="Set Variable" owner="BuiltIn">
<msg time="2025-10-27T07:28:31.476611" level="INFO">${fact} = There are more than 500 million domestic cats in the world, with approximately 40 recognized breeds.</msg>
<var>${fact}</var>
<arg>${item['fact']}</arg>
<doc>Returns the given values which can then be assigned to a variables.</doc>
<status status="PASS" start="2025-10-27T07:28:31.476611" elapsed="0.000000"/>
</kw>
<kw name="Evaluate" owner="BuiltIn">
<msg time="2025-10-27T07:28:31.478625" level="INFO">${is_str} = True</msg>
<var>${is_str}</var>
<arg>isinstance($fact, str)</arg>
<doc>Evaluates the given expression in Python and returns the result.</doc>
<status status="PASS" start="2025-10-27T07:28:31.478625" elapsed="0.000000"/>
</kw>
<kw name="Should Be True" owner="BuiltIn">
<arg>${is_str}</arg>
<doc>Fails if the given condition is not true.</doc>
<status status="PASS" start="2025-10-27T07:28:31.478625" elapsed="0.000000"/>
</kw>
<kw name="Set Variable" owner="BuiltIn">
<msg time="2025-10-27T07:28:31.480637" level="INFO">${length} = 100</msg>
<var>${length}</var>
<arg>${item['length']}</arg>
<doc>Returns the given values which can then be assigned to a variables.</doc>
<status status="PASS" start="2025-10-27T07:28:31.478625" elapsed="0.002012"/>
</kw>
<kw name="Evaluate" owner="BuiltIn">
<msg time="2025-10-27T07:28:31.480637" level="INFO">${is_int} = True</msg>
<var>${is_int}</var>
<arg>isinstance($length, int)</arg>
<doc>Evaluates the given expression in Python and returns the result.</doc>
<status status="PASS" start="2025-10-27T07:28:31.480637" elapsed="0.000000"/>
</kw>
<kw name="Should Be True" owner="BuiltIn">
<arg>${is_int}</arg>
<doc>Fails if the given condition is not true.</doc>
<status status="PASS" start="2025-10-27T07:28:31.480637" elapsed="0.000000"/>
</kw>
<kw name="Evaluate" owner="BuiltIn">
<msg time="2025-10-27T07:28:31.480637" level="INFO">${fact_len} = 100</msg>
<var>${fact_len}</var>
<arg>len($fact)</arg>
<doc>Evaluates the given expression in Python and returns the result.</doc>
<status status="PASS" start="2025-10-27T07:28:31.480637" elapsed="0.000000"/>
</kw>
<kw name="Run Keyword If" owner="BuiltIn">
<arg>${length} != ${fact_len}</arg>
<arg>Log</arg>
<arg>Length mismatch! Expected: ${length}, Actual: ${fact_len}, Fact: ${fact}</arg>
<doc>Runs the given keyword with the given arguments, if ``condition`` is true.</doc>
<status status="PASS" start="2025-10-27T07:28:31.480637" elapsed="0.000000"/>
</kw>
<kw name="Should Be Equal As Integers" owner="BuiltIn">
<arg>${length}</arg>
<arg>${fact_len}</arg>
<doc>Fails if objects are unequal after converting them to integers.</doc>
<status status="PASS" start="2025-10-27T07:28:31.480637" elapsed="0.000000"/>
</kw>
<arg>${item}</arg>
<doc>Validate structure and consistency of a single cat fact item.</doc>
<status status="PASS" start="2025-10-27T07:28:31.464062" elapsed="0.016575"/>
</kw>
<var name="${item}">{'fact': 'There are more than 500 million domestic cats in the world, with approximately 40 recognized breeds.', 'length': 100}</var>
<status status="PASS" start="2025-10-27T07:28:31.464062" elapsed="0.016575"/>
</iter>
<iter>
<kw name="Validate Cat Fact Schema" owner="api_keywords">
<kw name="Dictionary Should Contain Key" owner="Collections">
<arg>${item}</arg>
<arg>fact</arg>
<doc>Fails if ``key`` is not found from ``dictionary``.</doc>
<status status="PASS" start="2025-10-27T07:28:31.480637" elapsed="0.000000"/>
</kw>
<kw name="Dictionary Should Contain Key" owner="Collections">
<arg>${item}</arg>
<arg>length</arg>
<doc>Fails if ``key`` is not found from ``dictionary``.</doc>
<status status="PASS" start="2025-10-27T07:28:31.480637" elapsed="0.000000"/>
</kw>
<kw name="Set Variable" owner="BuiltIn">
<msg time="2025-10-27T07:28:31.480637" level="INFO">${fact} = Approximately 24 cat skins can make a coat.</msg>
<var>${fact}</var>
<arg>${item['fact']}</arg>
<doc>Returns the given values which can then be assigned to a variables.</doc>
<status status="PASS" start="2025-10-27T07:28:31.480637" elapsed="0.000000"/>
</kw>
<kw name="Evaluate" owner="BuiltIn">
<msg time="2025-10-27T07:28:31.480637" level="INFO">${is_str} = True</msg>
<var>${is_str}</var>
<arg>isinstance($fact, str)</arg>
<doc>Evaluates the given expression in Python and returns the result.</doc>
<status status="PASS" start="2025-10-27T07:28:31.480637" elapsed="0.000000"/>
</kw>
<kw name="Should Be True" owner="BuiltIn">
<arg>${is_str}</arg>
<doc>Fails if the given condition is not true.</doc>
<status status="PASS" start="2025-10-27T07:28:31.480637" elapsed="0.000000"/>
</kw>
<kw name="Set Variable" owner="BuiltIn">
<msg time="2025-10-27T07:28:31.480637" level="INFO">${length} = 43</msg>
<var>${length}</var>
<arg>${item['length']}</arg>
<doc>Returns the given values which can then be assigned to a variables.</doc>
<status status="PASS" start="2025-10-27T07:28:31.480637" elapsed="0.000000"/>
</kw>
<kw name="Evaluate" owner="BuiltIn">
<msg time="2025-10-27T07:28:31.480637" level="INFO">${is_int} = True</msg>
<var>${is_int}</var>
<arg>isinstance($length, int)</arg>
<doc>Evaluates the given expression in Python and returns the result.</doc>
<status status="PASS" start="2025-10-27T07:28:31.480637" elapsed="0.000000"/>
</kw>
<kw name="Should Be True" owner="BuiltIn">
<arg>${is_int}</arg>
<doc>Fails if the given condition is not true.</doc>
<status status="PASS" start="2025-10-27T07:28:31.480637" elapsed="0.000000"/>
</kw>
<kw name="Evaluate" owner="BuiltIn">
<msg time="2025-10-27T07:28:31.480637" level="INFO">${fact_len} = 43</msg>
<var>${fact_len}</var>
<arg>len($fact)</arg>
<doc>Evaluates the given expression in Python and returns the result.</doc>
<status status="PASS" start="2025-10-27T07:28:31.480637" elapsed="0.000000"/>
</kw>
<kw name="Run Keyword If" owner="BuiltIn">
<arg>${length} != ${fact_len}</arg>
<arg>Log</arg>
<arg>Length mismatch! Expected: ${length}, Actual: ${fact_len}, Fact: ${fact}</arg>
<doc>Runs the given keyword with the given arguments, if ``condition`` is true.</doc>
<status status="PASS" start="2025-10-27T07:28:31.480637" elapsed="0.010718"/>
</kw>
<kw name="Should Be Equal As Integers" owner="BuiltIn">
<arg>${length}</arg>
<arg>${fact_len}</arg>
<doc>Fails if objects are unequal after converting them to integers.</doc>
<status status="PASS" start="2025-10-27T07:28:31.491355" elapsed="0.000000"/>
</kw>
<arg>${item}</arg>
<doc>Validate structure and consistency of a single cat fact item.</doc>
[...]
 body={"current_page":1,"data":[{"fact":"Unlike dogs, cats do not have a sweet tooth. Scientists believe this is due to a mutation in a key taste receptor.","length":114},{"fact":"When a cat chases its prey, it keeps its head level. Dogs and humans bob their heads up and down.","length":97},{"fact":"The technical term for a cat\u2019s hairball is a \u201cbezoar.\u201d","length":54},{"fact":"A group of cats is called a \u201cclowder.\u201d","length":38},{"fact":"A cat can\u2019t climb head first down a tree because every claw on a cat\u2019s paw points the same way. To get down from a tree, a cat must back down.","length":142},{"fact":"Cats make about 100 different sounds. Dogs make only about 10.","length":62},{"fact":"Every year, nearly four million cats are eaten in Asia.","length":55},{"fact":"There are more than 500 million domestic cats in the world, with approximately 40 recognized breeds.","length":100},{"fact":"Approximately 24 cat skins can make a coat.","length":43},{"fact":"While it is commonly thought that the ancient Egyptians were the first to domesticate cats, the oldest known pet cat was recently found in a 9,500-year-old grave on the Mediterranean island of Cyprus. This grave predates early Egyptian art depicting cats by 4,000 years or more.","length":278}],"first_page_url":"https:\/\/catfact.ninja\/facts?page=1","from":1,"last_page":34,"last_page_url":"https:\/\/catfact.ninja\/facts?page=34","links":[{"url":null,"label":"Previous","active":false},{"url":"https:\/\/catfact.ninja\/facts?page=1","label":"1","active":true},{"url":"https:\/\/catfact.ninja\/facts?page=2","label":"2","active":false},{"url":"https:\/\/catfact.ninja\/facts?page=3","label":"3","active":false},{"url":"https:\/\/catfact.ninja\/facts?page=4","label":"4","active":false},{"url":"https:\/\/catfact.ninja\/facts?page=5","label":"5","active":false},{"url":"https:\/\/catfact.ninja\/facts?page=6","label":"6","active":false},{"url":"https:\/\/catfact.ninja\/facts?page=7","label":"7","active":false},{"url":"https:\/\/catfact.ninja\/facts?page=8","label":"8","active":false},{"url":"https:\/\/catfact.ninja\/facts?page=9","label":"9","active":false},{"url":"https:\/\/catfact.ninja\/facts?page=10","label":"10","active":false},{"url":null,"label":"...","active":false},{"url":"https:\/\/catfact.ninja\/facts?page=33","label":"33","active":false},{"url":"https:\/\/catfact.ninja\/facts?page=34","label":"34","active":false},{"url":"https:\/\/catfact.ninja\/facts?page=2","label":"Next","active":false}],"next_page_url":"https:\/\/catfact.ninja\/facts?page=2","path":"https:\/\/catfact.ninja\/facts","per_page":10,"prev_page_url":null,"to":10,"total":332} 
 </msg>
<msg time="2025-10-27T07:28:34.866277" level="INFO">C:\Users\dolap\AppData\Roaming\Python\Python312\site-packages\urllib3\connectionpool.py:1097: InsecureRequestWarning: Unverified HTTPS request is being made to host 'catfact.ninja'. Adding certificate verification is strongly advised. See: https://urllib3.readthedocs.io/en/latest/advanced-usage.html#tls-warnings
  warnings.warn(</msg>
<msg time="2025-10-27T07:28:34.866277" level="INFO">${response} = &lt;Response [200]&gt;</msg>
<var>${response}</var>
<arg>catfact</arg>
<arg>/facts</arg>
<arg>params=${params}</arg>
<doc>Sends a GET request on a previously created HTTP Session.</doc>
<status status="PASS" start="2025-10-27T07:28:34.358682" elapsed="0.507595"/>
</kw>
<kw name="Log To Console" owner="BuiltIn">
<arg>\n[REQUEST] GET /facts?limit=${limit}</arg>
<doc>Logs the given message to the console.</doc>
<status status="PASS" start="2025-10-27T07:28:34.866277" elapsed="0.004673"/>
</kw>
<kw name="Log To Console" owner="BuiltIn">
<arg>Status: ${response.status_code}</arg>
<doc>Logs the given message to the console.</doc>
<status status="PASS" start="2025-10-27T07:28:34.870950" elapsed="0.000000"/>
</kw>
<return>
<value>${response}</value>
<status status="PASS" start="2025-10-27T07:28:34.870950" elapsed="0.000000"/>
</return>
<msg time="2025-10-27T07:28:34.870950" level="INFO">${response} = &lt;Response [200]&gt;</msg>
<var>${response}</var>
<arg>-5</arg>
<doc>Perform GET request to /facts endpoint with a limit parameter</doc>
<status status="PASS" start="2025-10-27T07:28:34.356864" elapsed="0.514086"/>
</kw>
<kw name="Should Be Equal As Integers" owner="BuiltIn">
<msg time="2025-10-27T07:28:34.876934" level="INFO">Argument types are:
&lt;class 'int'&gt;
&lt;class 'str'&gt;</msg>
<arg>${response.status_code}</arg>
<arg>200</arg>
<doc>Fails if objects are unequal after converting them to integers.</doc>
<status status="PASS" start="2025-10-27T07:28:34.875217" elapsed="0.001717"/>
</kw>
<kw name="Set Variable" owner="BuiltIn">
<msg time="2025-10-27T07:28:34.880694" level="INFO">${json} = {'current_page': 1, 'data': [{'fact': 'Unlike dogs, cats do not have a sweet tooth. Scientists believe this is due to a mutation in a key taste receptor.', 'length': 114}, {'fact': 'When a cat chases ...</msg>
<var>${json}</var>
<arg>${response.json()}</arg>
<doc>Returns the given values which can then be assigned to a variables.</doc>
<status status="PASS" start="2025-10-27T07:28:34.878682" elapsed="0.002012"/>
</kw>
<kw name="Set Variable" owner="BuiltIn">
<msg time="2025-10-27T07:28:34.883689" level="INFO">${data} = [{'fact': 'Unlike dogs, cats do not have a sweet tooth. Scientists believe this is due to a mutation in a key taste receptor.', 'length': 114}, {'fact': 'When a cat chases its prey, it keeps its head ...</msg>
<var>${data}</var>
<arg>${json['data']}</arg>
<doc>Returns the given values which can then be assigned to a variables.</doc>
<status status="PASS" start="2025-10-27T07:28:34.880694" elapsed="0.002995"/>
</kw>
<kw name="Get Length" owner="BuiltIn">
<msg time="2025-10-27T07:28:34.883689" level="INFO">Length is 10.</msg>
<msg time="2025-10-27T07:28:34.883689" level="INFO">${data_length} = 10</msg>
<var>${data_length}</var>
<arg>${data}</arg>
<doc>Returns and logs the length of the given item as an integer.</doc>
<status status="PASS" start="2025-10-27T07:28:34.883689" elapsed="0.000000"/>
</kw>
<kw name="Should Be True" owner="BuiltIn">
<arg>${data_length} &lt;= 10</arg>
<arg>Returned more than 10 facts</arg>
<doc>Fails if the given condition is not true.</doc>
<status status="PASS" start="2025-10-27T07:28:34.885362" elapsed="0.000000"/>
</kw>
<kw name="Should Be Equal As Integers" owner="BuiltIn">
<msg time="2025-10-27T07:28:34.888243" level="INFO">Argument types are:
&lt;class 'int'&gt;
&lt;class 'str'&gt;</msg>
<arg>${json['per_page']}</arg>
<arg>10</arg>
<arg>per_page should be 10</arg>
<doc>Fails if objects are unequal after converting them to integers.</doc>
<status status="PASS" start="2025-10-27T07:28:34.885362" elapsed="0.002881"/>
</kw>
<doc>When limit &lt; 0, the API should return 10 facts by default.</doc>
<status status="PASS" start="2025-10-27T07:28:34.356864" elapsed="0.531379"/>
</test>
<test id="s1-t11" name="Verify Default Facts When Limit Is Missing" line="136">
<kw name="Get Facts Without Limit" owner="api_keywords">
<kw name="GET On Session" owner="RequestsLibrary">
<msg time="2025-10-27T07:28:35.412397" level="INFO">GET Request : url=https://catfact.ninja/facts 
 path_url=/facts 
 headers={'User-Agent': 'python-requests/2.32.3', 'Accept-Encoding': 'gzip, deflate', 'Accept': '*/*', 'Connection': 'keep-alive', 'Cookie': 'XSRF-TOKEN=eyJpdiI6IlVpMXBZdDNXWmFmS0pMNzRqL3BBR1E9PSIsInZhbHVlIjoiZUNwSmsxR1BTVVJPZnNwamxWeVJNaXZPRzZKTlhGamNsajBZN1VwdWdzd2lOSXNyZndZOWZVbDZZOTlNeXl2M2Z2ekVWV1JTanZTVTEzOVFObVpoT2JJUlAzMXNtVXFWY1ZQcVRtRDhYQW52OWViVTVzcXU3NXpCOUN3VlNQL0kiLCJtYWMiOiI1MTFmNjM5ZGE2ZTJmMDRhODg0MzI1NTdmZmRlMGI0OTkzNzcxYzg0YmY1ODMyM2JiZTllZTdkODExOWE5NDIwIiwidGFnIjoiIn0%3D; catfacts_session=eyJpdiI6IklhMVA1dkhGdkNZa1oyTVQ2WmN4cGc9PSIsInZhbHVlIjoiYjRvbGF0NlJRL09GcDZ5SG1mU1BpYWdIS2hhWDZwODl5RHAzNHM2QkVvTzViMUljU3M3L0U5MThGUlcrNnRaVTNSNllyaEZ6bHJ5TVQ2RG1pTFBsd3M1NGk1R05UQThPNmFUM3dVS3ZZTlBEY1Y2djA4WHUvVFd3UGozbjJUYkMiLCJtYWMiOiJlNmMxODcwZGMwNTljNzQzMzJhZTc2OWQzZjE2MWE4MThmNDc0MzFlN2EwZDRmZDNiMmY3ZjhlMzdjYmNiMzlkIiwidGFnIjoiIn0%3D; BP3rA1Dy1w0NVgMRlAJtpEHG2hvyD5QvVt98bvu5=eyJpdiI6IlVtU0R0TDByMXovRnJRWTVQcnBjUUE9PSIsInZhbHVlIjoic3hXZVB4cTNwT0pJbDJvcFpCdUZEM0c3SUVHcUpOMlErQVN2NTlCQTEveUNobHRpRGlnaHBkWkZKK2MxYmIycVdKdVU0b3Y2TjFuV0RwTW1hSERSY1ZrSEVtYnFZNXJZU21mUXlnUGMrcnFhT1lRQ3F1ajd6MmRhUGUrNDBCN2lwdXk0dUtQdjZXVnhCczF3RE54Yk1hWTdwa0xhYWxQVVNRd3d0aGg3Y0t3dHhuZUhrWWVMc29GRCtiZjJCRFhPRnc1T1k5amhQb1RNMXdmVzVFU0ovZDFvVzFBQjhoQ0dNSlJpNTVnQUNueHFYV2xsS1doaGsyZDRuSytDdG04L3dDZUc3eWdadEVGYURHNnk2WUoxRlhRUUVFVVNQSDhnK3IxWEVPVjJJYkFzSUtwZ21CcHB5YkZ2NVVxVFJVNldCa0VsUEEySmFOOTdJTk5MSzZKVXQwN255aFFZSzBsL0lKa0k3MTcvVzV4WmI4bTcxYkRKcUtnbXQranhzdDF3IiwibWFjIjoiYTIxOGU4ZDQxMTYzNjViOTJmYjM4M2Q3ZDUyMzA5YWRiZmUyNDdiYTBiOWVkZTZmM2U5NDRlMDRhMzgyMjRlNiIsInRhZyI6IiJ9'} 
 body=None 
 </msg>
<msg time="2025-10-27T07:28:35.416767" level="INFO">GET Response : url=https://catfact.ninja/facts 
 status=200, reason=OK 
 headers={'Date': 'Mon, 27 Oct 2025 06:28:35 GMT', 'Content-Type': 'application/json', 'Transfer-Encoding': 'chunked', 'Connection': 'keep-alive', 'Server': 'cloudflare', 'vary': 'Accept-Encoding', 'Cache-Control': 'no-cache, private', 'x-ratelimit-limit': '100', 'x-ratelimit-remaining': '94', 'access-control-allow-origin': '*', 'x-frame-options': 'SAMEORIGIN', 'x-xss-protection': '1; mode=block', 'x-content-type-options': 'nosniff', 'Content-Encoding': 'gzip', 'Nel': '{"report_to":"cf-nel","success_fraction":0.0,"max_age":604800}', 'cf-cache-status': 'DYNAMIC', 'Report-To': '{"group":"cf-nel","max_age":604800,"endpoints":[{"url":"https://a.nel.cloudflare.com/report/v4?s=B5G%2B4YKsbwUUAOASvq8van01D9rJELuK01KzWz72rimPcCVdhHHsgHkCNRsAhMLd2CzbtRBm2jLtO6hfwxErENyDWVz62XijBOCJmQjPzEhx826n41X8jtk%3D"}]}', 'Set-Cookie': 'XSRF-TOKEN=eyJpdiI6Im9CbEFheWFyUjdNYVp5RVdyS0FNQ3c9PSIsInZhbHVlIjoiU3RqelNqRjFFSVhhK3lURU0xMFZHZS9HOHNTWkFXTlhHRG4wR0ZmN0RQc09wQnhUS3djc3hIQW4wMm1CVWw0RGZEVjJJbEhVUXBlZnkvSkQ0ZEM1SFJrQjRnUEE1b2dsMWo2VHoyUXdPZ3ZHUGlDYmVobjNUYXp4cUdTemlDRXAiLCJtYWMiOiI4MGU0NjRjNzNkYmIzNjEwZWQ4YTE4MTU2NjM2MjI0NTFkZDk2ZTc4YmExOGMyMjcxZTU3NzhkNzNhNjg5OTFkIiwidGFnIjoiIn0%3D; SameSite=Lax; Secure; Path=/; Max-Age=7200; Expires=Mon, 27 Oct 2025 08:28:35 GMT, catfacts_session=eyJpdiI6ImxTTXVkZXpmM3ZNaWFrVmVWeDNaeFE9PSIsInZhbHVlIjoiL2t1MFZuR2pVQlJCc2hWLzB4TkkxZldSTVN0RHVVbXVYYXdQZG8rU29yV2dHTUo5bEdRQm9kRjJJRVpVdG5LQ0lOU1lEbXY2OGZGVnhHWEJoby9UeDdXU0ZBRzRYSkNINUtGak54REpnZzlGOFBiZk9PSEhESnN5QVdpQjdhWGQiLCJtYWMiOiI4MjhmN2ZlODZmZjAxNjkyZGVjMDNhYzRlNTdlNjVlODkzYTA5YzA3NjM4MmFiNDY5NGNmYTYwYjg1ODIwM2RiIiwidGFnIjoiIn0%3D; HttpOnly; SameSite=Lax; Secure; Path=/; Max-Age=7200; Expires=Mon, 27 Oct 2025 08:28:35 GMT, BP3rA1Dy1w0NVgMRlAJtpEHG2hvyD5QvVt98bvu5=eyJpdiI6IlNFTEZkSm4vZGJ0TERwU1hvdG1nQnc9PSIsInZhbHVlIjoiY2FpcnJ0U2lFR0UwbUc2RWM1NFdsUUhrTjY5MEdiNjNXT21GUEtWaE1vTDl5bms3aHRLS1M1NUh0dm9NbFZXKzlvZTgyRkJ5aXBXOWU2RGlkMzdKYVFTUGpSdDhvQ2Y0dUlUTnBFZ2pZRUNjNVZuTzFnVlhoZXJXMEM4YmhiZ3ZLTTdYbWhtS2tvYWpTRmVKVnNGRnhEM1JRanNNRUgvL1NrUGdhczFTdkVRVjZ0Z1dEV2dyT1ZUNjZ0OW4vcWExcjFDQVJJaEplNVpuY0hZaXY1WHFyeTdFUVh0cGJtemlEQXZJZ2FWUkl4STIrUXNvWVZvV2EvaTljaE1XYUhBdGN6eWtDcGdCcy9IUmtWVEk0S3N5eWtOODd6eDBRWGNvVHl5NjFxbmxaaWQrdThTTEpWekhybnBWUXV3QkQ2cmZmUE04SU91RDNkdWhua2kvVjhCUXZoRkh1MUt3d2hlRUtGRnRKb2UvN1J1U2VZK1g4cWloa0ozYlNacTBEUVVwIiwibWFjIjoiNGI4OTRlZTBkMjlmMzAxMWRhYmNiMGNkOThlYzQ3OTdkNDQ0NWVjYWI1YmZlNWFiOTNiYmRiYTRjYWE0YTI0YiIsInRhZyI6IiJ9; HttpOnly; SameSite=Lax; Secure; Path=/; Max-Age=7200; Expires=Mon, 27 Oct 2025 08:28:35 GMT', 'CF-RAY': '9950225719819b99-SIN', 'alt-svc': 'h3=":443"; ma=86400'} 
 body={"current_page":1,"data":[{"fact":"Unlike dogs, cats do not have a sweet tooth. Scientists believe this is due to a mutation in a key taste receptor.","length":114},{"fact":"When a cat chases its prey, it keeps its head level. Dogs and humans bob their heads up and down.","length":97},{"fact":"The technical term for a cat\u2019s hairball is a \u201cbezoar.\u201d","length":54},{"fact":"A group of cats is called a \u201cclowder.\u201d","length":38},{"fact":"A cat can\u2019t climb head first down a tree because every claw on a cat\u2019s paw points the same way. To get down from a tree, a cat must back down.","length":142},{"fact":"Cats make about 100 different sounds. Dogs make only about 10.","length":62},{"fact":"Every year, nearly four million cats are eaten in Asia.","length":55},{"fact":"There are more than 500 million domestic cats in the world, with approximately 40 recognized breeds.","length":100},{"fact":"Approximately 24 cat skins can make a coat.","length":43},{"fact":"While it is commonly thought that the ancient Egyptians were the first to domesticate cats, the oldest known pet cat was recently found in a 9,500-year-old grave on the Mediterranean island of Cyprus. This grave predates early Egyptian art depicting cats by 4,000 years or more.","length":278}],"first_page_url":"https:\/\/catfact.ninja\/facts?page=1","from":1,"last_page":34,"last_page_url":"https:\/\/catfact.ninja\/facts?page=34","links":[{"url":null,"label":"Previous","active":false},{"url":"https:\/\/catfact.ninja\/facts?page=1","label":"1","active":true},{"url":"https:\/\/catfact.ninja\/facts?page=2","label":"2","active":false},{"url":"https:\/\/catfact.ninja\/facts?page=3","label":"3","active":false},{"url":"https:\/\/catfact.ninja\/facts?page=4","label":"4","active":false},{"url":"https:\/\/catfact.ninja\/facts?page=5","label":"5","active":false},{"url":"https:\/\/catfact.ninja\/facts?page=6","label":"6","active":false},{"url":"https:\/\/catfact.ninja\/facts?page=7","label":"7","active":false},{"url":"https:\/\/catfact.ninja\/facts?page=8","label":"8","active":false},{"url":"https:\/\/catfact.ninja\/facts?page=9","label":"9","active":false},{"url":"https:\/\/catfact.ninja\/facts?page=10","label":"10","active":false},{"url":null,"label":"...","active":false},{"url":"https:\/\/catfact.ninja\/facts?page=33","label":"33","active":false},{"url":"https:\/\/catfact.ninja\/facts?page=34","label":"34","active":false},{"url":"https:\/\/catfact.ninja\/facts?page=2","label":"Next","active":false}],"next_page_url":"https:\/\/catfact.ninja\/facts?page=2","path":"https:\/\/catfact.ninja\/facts","per_page":10,"prev_page_url":null,"to":10,"total":332} 
 </msg>
<msg time="2025-10-27T07:28:35.416767" level="INFO">C:\Users\dolap\AppData\Roaming\Python\Python312\site-packages\urllib3\connectionpool.py:1097: InsecureRequestWarning: Unverified HTTPS request is being made to host 'catfact.ninja'. Adding certificate verification is strongly advised. See: https://urllib3.readthedocs.io/en/latest/advanced-usage.html#tls-warnings
  warnings.warn(</msg>
<msg time="2025-10-27T07:28:35.416767" level="INFO">${response} = &lt;Response [200]&gt;</msg>
<var>${response}</var>
<arg>catfact</arg>
<arg>/facts</arg>
<doc>Sends a GET request on a previously created HTTP Session.</doc>
<status status="PASS" start="2025-10-27T07:28:34.893648" elapsed="0.523119"/>
</kw>
<kw name="Log To Console" owner="BuiltIn">
<arg>\n[REQUEST] GET /facts (no limit)</arg>
<doc>Logs the given message to the console.</doc>
<status status="PASS" start="2025-10-27T07:28:35.416767" elapsed="0.000000"/>
</kw>
<kw name="Log To Console" owner="BuiltIn">
<arg>Status: ${response.status_code}</arg>
<doc>Logs the given message to the console.</doc>
<status status="PASS" start="2025-10-27T07:28:35.416767" elapsed="0.002388"/>
</kw>
<return>
<value>${response}</value>
<status status="PASS" start="2025-10-27T07:28:35.419155" elapsed="0.000000"/>
</return>
<msg time="2025-10-27T07:28:35.419155" level="INFO">${response} = &lt;Response [200]&gt;</msg>
<var>${response}</var>
<doc>Perform GET request to /facts endpoint without a limit parameter</doc>
<status status="PASS" start="2025-10-27T07:28:34.891106" elapsed="0.528049"/>
</kw>
<kw name="Should Be Equal As Integers" owner="BuiltIn">
<msg time="2025-10-27T07:28:35.421786" level="INFO">Argument types are:
&lt;class 'int'&gt;
&lt;class 'str'&gt;</msg>
<arg>${response.status_code}</arg>
<arg>200</arg>
<doc>Fails if objects are unequal after converting them to integers.</doc>
<status status="PASS" start="2025-10-27T07:28:35.421786" elapsed="0.000000"/>
</kw>
<kw name="Set Variable" owner="BuiltIn">
<msg time="2025-10-27T07:28:35.425428" level="INFO">${json} = {'current_page': 1, 'data': [{'fact': 'Unlike dogs, cats do not have a sweet tooth. Scientists believe this is due to a mutation in a key taste receptor.', 'length': 114}, {'fact': 'When a cat chases ...</msg>
<var>${json}</var>
<arg>${response.json()}</arg>
<doc>Returns the given values which can then be assigned to a variables.</doc>
<status status="PASS" start="2025-10-27T07:28:35.421786" elapsed="0.003642"/>
</kw>
<kw name="Set Variable" owner="BuiltIn">
<msg time="2025-10-27T07:28:35.427660" level="INFO">${data} = [{'fact': 'Unlike dogs, cats do not have a sweet tooth. Scientists believe this is due to a mutation in a key taste receptor.', 'length': 114}, {'fact': 'When a cat chases its prey, it keeps its head ...</msg>
<var>${data}</var>
<arg>${json['data']}</arg>
<doc>Returns the given values which can then be assigned to a variables.</doc>
<status status="PASS" start="2025-10-27T07:28:35.425428" elapsed="0.002232"/>
</kw>
<kw name="Get Length" owner="BuiltIn">
<msg time="2025-10-27T07:28:35.427660" level="INFO">Length is 10.</msg>
<msg time="2025-10-27T07:28:35.427660" level="INFO">${data_length} = 10</msg>
<var>${data_length}</var>
<arg>${data}</arg>
<doc>Returns and logs the length of the given item as an integer.</doc>
<status status="PASS" start="2025-10-27T07:28:35.427660" elapsed="0.000000"/>
</kw>
<kw name="Should Be True" owner="BuiltIn">
<arg>${data_length} &lt;= 10</arg>
<arg>Returned more than 10 facts</arg>
<doc>Fails if the given condition is not true.</doc>
<status status="PASS" start="2025-10-27T07:28:35.430364" elapsed="0.000000"/>
</kw>
<kw name="Should Be Equal As Integers" owner="BuiltIn">
<msg time="2025-10-27T07:28:35.432490" level="INFO">Argument types are:
&lt;class 'int'&gt;
&lt;class 'str'&gt;</msg>
<arg>${json['per_page']}</arg>
<arg>10</arg>
<doc>Fails if objects are unequal after converting them to integers.</doc>
<status status="PASS" start="2025-10-27T07:28:35.431760" elapsed="0.000730"/>
</kw>
<doc>When limit parameter is missing, API should return 10 facts by default.</doc>
<status status="PASS" start="2025-10-27T07:28:34.891106" elapsed="0.541384"/>
</test>
<doc>Test suite for CatFact API using Robot Framework</doc>
<status status="PASS" start="2025-10-27T07:28:26.729227" elapsed="8.705536"/>
</suite>
<statistics>
<total>
<stat pass="11" fail="0" skip="0">All Tests</stat>
</total>
<tag>
</tag>
<suite>
<stat name="Catfact Api Tests" id="s1" pass="11" fail="0" skip="0">Catfact Api Tests</stat>
</suite>
</statistics>
<errors>
</errors>
</robot>
