<?xml version="1.0" encoding="UTF-8"?>
<robot generator="Robot 7.3.2 (Python 3.12.12 on win32)" generated="2025-10-27T05:52:29.330651" rpa="false" schemaversion="5">
<suite id="s1" name="Catfact Api Tests" source="C:\Users\dolap\Downloads\catfact_api_robot\tests\catfact_api_tests.robot">
<kw name="Create Session" owner="RequestsLibrary" type="SETUP">
<msg time="2025-10-27T05:52:29.802244" level="INFO">Creating Session using : alias=catfact, url=https://catfact.ninja, headers={},                     cookies={}, auth=None, timeout=None, proxies=None, verify=False,                     debug=0 </msg>
<arg>catfact</arg>
<arg>${BASE_URL}</arg>
<doc>Create Session: create a HTTP session to a server</doc>
<status status="PASS" start="2025-10-27T05:52:29.800235" elapsed="0.002009"/>
</kw>
<test id="s1-t1" name="Verify GET /fact returns 200" line="17">
<kw name="Get Random Fact" owner="api_keywords">
<kw name="GET On Session" owner="RequestsLibrary">
<msg time="2025-10-27T05:52:30.643810" level="INFO">GET Request : url=https://catfact.ninja/fact 
 path_url=/fact 
 headers={'User-Agent': 'python-requests/2.32.3', 'Accept-Encoding': 'gzip, deflate', 'Accept': '*/*', 'Connection': 'keep-alive'} 
 body=None 
 </msg>
<msg time="2025-10-27T05:52:30.643810" level="INFO">GET Response : url=https://catfact.ninja/fact 
 status=200, reason=OK 
 headers={'Date': 'Mon, 27 Oct 2025 04:52:31 GMT', 'Content-Type': 'application/json', 'Transfer-Encoding': 'chunked', 'Connection': 'keep-alive', 'Server': 'cloudflare', 'Cache-Control': 'no-cache, private', 'x-ratelimit-limit': '100', 'x-ratelimit-remaining': '93', 'access-control-allow-origin': '*', 'x-frame-options': 'SAMEORIGIN', 'x-xss-protection': '1; mode=block', 'x-content-type-options': 'nosniff', 'Nel': '{"report_to":"cf-nel","success_fraction":0.0,"max_age":604800}', 'cf-cache-status': 'DYNAMIC', 'Report-To': '{"group":"cf-nel","max_age":604800,"endpoints":[{"url":"https://a.nel.cloudflare.com/report/v4?s=5uRjtRrmUU4NmNF5ueJR2pnb%2FvWvmorfqdn6B4g2xtBDmM3Tt0OFXHLmyu2e4WzyIh8LN73aUCuy26fcHQJ%2BQE2Qcj4NLauRcrTMQKNRnjc78kTG0Ii0ms4%3D"}]}', 'Content-Encoding': 'gzip', 'Set-Cookie': 'XSRF-TOKEN=eyJpdiI6IkQ1akYxcjU3cnBCUVRuNXhROE8zb1E9PSIsInZhbHVlIjoiUWdJL09RbWEwTEpLaGF1Zi80dnZlc0E4WWVDaTZLMmxaMXltS0V1YUY1RDdpYWVzbjhNQkhjVFJJRm9LTUp5Y1RsUlFXVTZkVmpiMzh1d2doMWpSbjArYS95dU4walViRmVCT2kwVlFFRFNFU25GaUZNWEcyYnNlMkgyMzRtWjkiLCJtYWMiOiJmNzE4NjQzYTFjODdkNjI1N2RmNmU5NmJkNTY3YTI3OTUxMjg5YTJlMTc2NWMyMGUyZjczZjQwZGViNThiYjk5IiwidGFnIjoiIn0%3D; SameSite=Lax; Secure; Path=/; Max-Age=7200; Expires=Mon, 27 Oct 2025 06:52:31 GMT, catfacts_session=eyJpdiI6IlRNc2V2dlRPT2luZ0h0SEhZQWdhTGc9PSIsInZhbHVlIjoiOFFadndRcVJUZG8wdlhoRllZYU5zeDJZTFdaUVRVbk84WFh4QnFsdkQ0d2FsdEdwdENoY3VwWmJhUzFQdFFhb1ZDMmZHczVwZmhYVXMyb2xHSmE4QlNTVTBoRFFoa1QyT1dkV0ViUzZzVE5DQi9wUnpjNWtKV3ZkWVBnMXVhYW4iLCJtYWMiOiI3M2E4OWQyNTRhMWJkNmYzZDRjZmNjZTIyYTEyMDU0MGE4NTYwMjczMmE3OTQ5ZGQyOTdmYWNmNjRkZGZlOTc5IiwidGFnIjoiIn0%3D; HttpOnly; SameSite=Lax; Secure; Path=/; Max-Age=7200; Expires=Mon, 27 Oct 2025 06:52:31 GMT, 10n4f7hR8wNqdxZoQlB907YNhqoCi5zkN2J0nrO7=eyJpdiI6IkQ5MXFZTXFhUVVqOXNGRTJaenRvL3c9PSIsInZhbHVlIjoieGpOdDV4bVJSWFVOSnorYzVubGVEZlpOcDQ2UVlDT3dneHhlNTU1TmJsUDA1Tk5vY0xaZ1R0c2lTc1o0Y01rT3RLYlZSaVQ0OXJUV3hDVTludkFpSWlkd1B6MFJnUUFIZ2o2SlNtc3VNcmg0SlFrcW5saWN2RFZ5Zjk4aW91b1RCM3lCTlZFTzV4Q1ZNTENWTjhsK0dORis2L2IwV1JKbXpPNko4em9QZWVDUG9KbzRRTU1WTmZlUWREQmlYN25kQUpyTjFBL1VwOXlDK2tTSVpNeVIzZDRDU0JpZ2JJam1iVE1aSGhEMU52WDRRTEZVeDlndFRadFlKMDRsUStxQUZBdC9OekpnVm9pZGMyckRGcWJGVVFoMmxnWjRUWW1XakpwSXRmM1cwTzdKaEVHVHFwWVJLTW9WTFFhdWkzam05a0l2SElkRUo3eVdZTXFqQ2dTQ0tPSWVneWM2Y0hvZEZoQ3dHSlJkUnU0c0k0ZmFFamttaCt4Q0Y0TUJKYlRRIiwibWFjIjoiMTlmMjg1ZjA2ZTIwM2E2MWU3OGYzYjc0NmQ0NDVjYjI4OTFhMDkyNTc2ZjE4YzBjODU2YTYzNTQyOTA3Mjg2NiIsInRhZyI6IiJ9; HttpOnly; SameSite=Lax; Secure; Path=/; Max-Age=7200; Expires=Mon, 27 Oct 2025 06:52:31 GMT', 'CF-RAY': '994f959d1d9799a9-SIN', 'alt-svc': 'h3=":443"; ma=86400'} 
 body={"fact":"Most cats adore sardines.","length":25} 
 </msg>
<msg time="2025-10-27T05:52:30.643810" level="INFO">C:\Users\dolap\AppData\Roaming\Python\Python312\site-packages\urllib3\connectionpool.py:1097: InsecureRequestWarning: Unverified HTTPS request is being made to host 'catfact.ninja'. Adding certificate verification is strongly advised. See: https://urllib3.readthedocs.io/en/latest/advanced-usage.html#tls-warnings
  warnings.warn(</msg>
<msg time="2025-10-27T05:52:30.644839" level="INFO">${response} = &lt;Response [200]&gt;</msg>
<var>${response}</var>
<arg>catfact</arg>
<arg>/fact</arg>
<doc>Sends a GET request on a previously created HTTP Session.</doc>
<status status="PASS" start="2025-10-27T05:52:29.802244" elapsed="0.842595"/>
</kw>
<kw name="Log To Console" owner="BuiltIn">
<arg>\n[REQUEST] GET /fact</arg>
<doc>Logs the given message to the console.</doc>
<status status="PASS" start="2025-10-27T05:52:30.644839" elapsed="0.000000"/>
</kw>
<kw name="Log To Console" owner="BuiltIn">
<arg>Status: ${response.status_code}</arg>
<doc>Logs the given message to the console.</doc>
<status status="PASS" start="2025-10-27T05:52:30.644839" elapsed="0.002452"/>
</kw>
<return>
<value>${response}</value>
<status status="PASS" start="2025-10-27T05:52:30.647291" elapsed="0.000000"/>
</return>
<msg time="2025-10-27T05:52:30.647291" level="INFO">${response} = &lt;Response [200]&gt;</msg>
<var>${response}</var>
<doc>Perform GET request to /fact endpoint</doc>
<status status="PASS" start="2025-10-27T05:52:29.802244" elapsed="0.845047"/>
</kw>
<kw name="Should Be Equal As Integers" owner="BuiltIn">
<msg time="2025-10-27T05:52:30.648607" level="INFO">Argument types are:
&lt;class 'int'&gt;
&lt;class 'str'&gt;</msg>
<arg>${response.status_code}</arg>
<arg>200</arg>
<doc>Fails if objects are unequal after converting them to integers.</doc>
<status status="PASS" start="2025-10-27T05:52:30.648607" elapsed="0.000000"/>
</kw>
<status status="PASS" start="2025-10-27T05:52:29.802244" elapsed="0.847442"/>
</test>
<test id="s1-t2" name="Verify /fact response structure" line="21">
<kw name="Get Random Fact" owner="api_keywords">
<kw name="GET On Session" owner="RequestsLibrary">
<msg time="2025-10-27T05:52:30.996782" level="INFO">GET Request : url=https://catfact.ninja/fact 
 path_url=/fact 
 headers={'User-Agent': 'python-requests/2.32.3', 'Accept-Encoding': 'gzip, deflate', 'Accept': '*/*', 'Connection': 'keep-alive', 'Cookie': 'XSRF-TOKEN=eyJpdiI6IkQ1akYxcjU3cnBCUVRuNXhROE8zb1E9PSIsInZhbHVlIjoiUWdJL09RbWEwTEpLaGF1Zi80dnZlc0E4WWVDaTZLMmxaMXltS0V1YUY1RDdpYWVzbjhNQkhjVFJJRm9LTUp5Y1RsUlFXVTZkVmpiMzh1d2doMWpSbjArYS95dU4walViRmVCT2kwVlFFRFNFU25GaUZNWEcyYnNlMkgyMzRtWjkiLCJtYWMiOiJmNzE4NjQzYTFjODdkNjI1N2RmNmU5NmJkNTY3YTI3OTUxMjg5YTJlMTc2NWMyMGUyZjczZjQwZGViNThiYjk5IiwidGFnIjoiIn0%3D; catfacts_session=eyJpdiI6IlRNc2V2dlRPT2luZ0h0SEhZQWdhTGc9PSIsInZhbHVlIjoiOFFadndRcVJUZG8wdlhoRllZYU5zeDJZTFdaUVRVbk84WFh4QnFsdkQ0d2FsdEdwdENoY3VwWmJhUzFQdFFhb1ZDMmZHczVwZmhYVXMyb2xHSmE4QlNTVTBoRFFoa1QyT1dkV0ViUzZzVE5DQi9wUnpjNWtKV3ZkWVBnMXVhYW4iLCJtYWMiOiI3M2E4OWQyNTRhMWJkNmYzZDRjZmNjZTIyYTEyMDU0MGE4NTYwMjczMmE3OTQ5ZGQyOTdmYWNmNjRkZGZlOTc5IiwidGFnIjoiIn0%3D; 10n4f7hR8wNqdxZoQlB907YNhqoCi5zkN2J0nrO7=eyJpdiI6IkQ5MXFZTXFhUVVqOXNGRTJaenRvL3c9PSIsInZhbHVlIjoieGpOdDV4bVJSWFVOSnorYzVubGVEZlpOcDQ2UVlDT3dneHhlNTU1TmJsUDA1Tk5vY0xaZ1R0c2lTc1o0Y01rT3RLYlZSaVQ0OXJUV3hDVTludkFpSWlkd1B6MFJnUUFIZ2o2SlNtc3VNcmg0SlFrcW5saWN2RFZ5Zjk4aW91b1RCM3lCTlZFTzV4Q1ZNTENWTjhsK0dORis2L2IwV1JKbXpPNko4em9QZWVDUG9KbzRRTU1WTmZlUWREQmlYN25kQUpyTjFBL1VwOXlDK2tTSVpNeVIzZDRDU0JpZ2JJam1iVE1aSGhEMU52WDRRTEZVeDlndFRadFlKMDRsUStxQUZBdC9OekpnVm9pZGMyckRGcWJGVVFoMmxnWjRUWW1XakpwSXRmM1cwTzdKaEVHVHFwWVJLTW9WTFFhdWkzam05a0l2SElkRUo3eVdZTXFqQ2dTQ0tPSWVneWM2Y0hvZEZoQ3dHSlJkUnU0c0k0ZmFFamttaCt4Q0Y0TUJKYlRRIiwibWFjIjoiMTlmMjg1ZjA2ZTIwM2E2MWU3OGYzYjc0NmQ0NDVjYjI4OTFhMDkyNTc2ZjE4YzBjODU2YTYzNTQyOTA3Mjg2NiIsInRhZyI6IiJ9'} 
 body=None 
 </msg>
<msg time="2025-10-27T05:52:30.996782" level="INFO">GET Response : url=https://catfact.ninja/fact 
 status=200, reason=OK 
 headers={'Date': 'Mon, 27 Oct 2025 04:52:31 GMT', 'Content-Type': 'application/json', 'Transfer-Encoding': 'chunked', 'Connection': 'keep-alive', 'Server': 'cloudflare', 'Cache-Control': 'no-cache, private', 'x-ratelimit-limit': '100', 'x-ratelimit-remaining': '36', 'access-control-allow-origin': '*', 'x-frame-options': 'SAMEORIGIN', 'x-xss-protection': '1; mode=block', 'x-content-type-options': 'nosniff', 'Nel': '{"report_to":"cf-nel","success_fraction":0.0,"max_age":604800}', 'cf-cache-status': 'DYNAMIC', 'Report-To': '{"group":"cf-nel","max_age":604800,"endpoints":[{"url":"https://a.nel.cloudflare.com/report/v4?s=1NE1GIE%2BNLEbd4PlkSS3AH%2FnE%2FU9kbl%2BqTvMlPM5iDAkjzEURgR3V%2FRtC7WG5ihKxQ1OqpxADcTyXObmMiPThOA5AvDj7jeeha%2F1%2Ftl7Rs22jOvuxMxy10M%3D"}]}', 'Content-Encoding': 'gzip', 'Set-Cookie': 'XSRF-TOKEN=eyJpdiI6InQyTk13ZEQwb3M4dWdxNFdabzN2TEE9PSIsInZhbHVlIjoiU3ArMm1RZlUyaXNEZU1hVmU4d2dmVVZPNGZkK3VsR1JNcGE0eWZyMDVsMWJtVW54Y1R5MGdVZjlVMTJBTW9hVFlzOHdycWdYSVBJQVBmdlc5ZzNVSVUrYTBJckdVNTVsTWZHSTdiNEc4eHZYcHdUL1dTSm1OR01kYi95YXRJY0ciLCJtYWMiOiI4NmQ1ZDc5NDgxNjc2MTc0NTRiMDBmY2Y3Zjk4NWFiY2YxMjEwMGZiOWZjNzc1OTJmNWM1Y2ZkYzUyYzVjNzRlIiwidGFnIjoiIn0%3D; SameSite=Lax; Secure; Path=/; Max-Age=7200; Expires=Mon, 27 Oct 2025 06:52:31 GMT, catfacts_session=eyJpdiI6InR3T0lYcXh6aHNpNVo5RkhNM2tFWmc9PSIsInZhbHVlIjoiSitJb3MzOENXeVhLN3NzYlJKSjlGQnk2eFY4RzhCY2lIbGJkVVJSeGdxZTZJSGZ6U21lY3hkMDVTeHZMVDJvVVNmMUQ5WTE2allTMjRKVExxR1NpOGdtOVJ5R1FTNWJpb3dkV1B3SHczaG5yaXBwVWROeGcrZ01BUldHUFJJZ0siLCJtYWMiOiJkZmVkM2U0ODAxNWQ5ODgxODc1ODJiM2I1MDk4ZTkyOTM4MWJiMjhjNWZkZWE4ODkxYzUzZjNiYTFiMThkN2M3IiwidGFnIjoiIn0%3D; HttpOnly; SameSite=Lax; Secure; Path=/; Max-Age=7200; Expires=Mon, 27 Oct 2025 06:52:31 GMT, 10n4f7hR8wNqdxZoQlB907YNhqoCi5zkN2J0nrO7=eyJpdiI6IitGT3lxaVdqU1M3TTZDNjZJWE5tY0E9PSIsInZhbHVlIjoiMWlEMjV4djdsVlZ2TmhnanlXWlNrNEpjNC9ja29lbExHWXJUUU5Kb3NuZW1LY0ZVa3Qrb1hOdW0xUzloUndUREUwMitndGU1c2ZQck5pa2JzSE5udTNWd1Y5Z29IZUJueVRMdFZZNUlUczlPOUFaa0pPOTcxZVNwb0pTTCtZZTI5enJQN1V5ajMwckE0MlI1dUhEdC8raUxubUtuc3Nub1d0MkM2c056N0J1bWVSd2UzT1J3MG5tUXNrL1J3bWhFbDFOeDIwVFY3cTVNTkVtcnB5a2cxc0dTdTVVdEE2YllTT3dkOU5oaVJjeWdFdlYvMWRITDBubmFkRXJNeU14K2p2ek8vdUpDUjFIeFBxd1d1WmoyTnpYNnBMOExZVGRIaHFqSFRMUXpoRGV0ZWlHOGNMMG9iYTVkZDIyMDFYaDdGTVVLM005OEVEZXhxSlFRMWcrYXoyczF4ZkIxWXpwQXY5R29yT2ZZUk1WNTZRdS82QVIzUC9NYlQwSWZXNS9YIiwibWFjIjoiYmE3NDM1MDE2MmM1OTg3OTc1MDNhZTNjMDI0N2Y3OGQ0MTQzZDVjZmI3NDIyYTE0MTYzN2MzMGI3ZTJiMzgzYSIsInRhZyI6IiJ9; HttpOnly; SameSite=Lax; Secure; Path=/; Max-Age=7200; Expires=Mon, 27 Oct 2025 06:52:31 GMT', 'CF-RAY': '994f959f6af599a9-SIN', 'alt-svc': 'h3=":443"; ma=86400'} 
 body={"fact":"In multi-cat households, cats of the opposite sex usually get along better.","length":75} 
 </msg>
<msg time="2025-10-27T05:52:30.996782" level="INFO">C:\Users\dolap\AppData\Roaming\Python\Python312\site-packages\urllib3\connectionpool.py:1097: InsecureRequestWarning: Unverified HTTPS request is being made to host 'catfact.ninja'. Adding certificate verification is strongly advised. See: https://urllib3.readthedocs.io/en/latest/advanced-usage.html#tls-warnings
  warnings.warn(</msg>
<msg time="2025-10-27T05:52:30.996782" level="INFO">${response} = &lt;Response [200]&gt;</msg>
<var>${response}</var>
<arg>catfact</arg>
<arg>/fact</arg>
<doc>Sends a GET request on a previously created HTTP Session.</doc>
<status status="PASS" start="2025-10-27T05:52:30.651070" elapsed="0.358609"/>
</kw>
<kw name="Log To Console" owner="BuiltIn">
<arg>\n[REQUEST] GET /fact</arg>
<doc>Logs the given message to the console.</doc>
<status status="PASS" start="2025-10-27T05:52:31.009679" elapsed="0.000000"/>
</kw>
<kw name="Log To Console" owner="BuiltIn">
<arg>Status: ${response.status_code}</arg>
<doc>Logs the given message to the console.</doc>
<status status="PASS" start="2025-10-27T05:52:31.009679" elapsed="0.001508"/>
</kw>
<return>
<value>${response}</value>
<status status="PASS" start="2025-10-27T05:52:31.011187" elapsed="0.000000"/>
</return>
<msg time="2025-10-27T05:52:31.011187" level="INFO">${response} = &lt;Response [200]&gt;</msg>
<var>${response}</var>
<doc>Perform GET request to /fact endpoint</doc>
<status status="PASS" start="2025-10-27T05:52:30.649686" elapsed="0.361501"/>
</kw>
<kw name="Set Variable" owner="BuiltIn">
<msg time="2025-10-27T05:52:31.012272" level="INFO">${json} = {'fact': 'In multi-cat households, cats of the opposite sex usually get along better.', 'length': 75}</msg>
<var>${json}</var>
<arg>${response.json()}</arg>
<doc>Returns the given values which can then be assigned to a variables.</doc>
<status status="PASS" start="2025-10-27T05:52:31.011187" elapsed="0.001085"/>
</kw>
<kw name="Validate Cat Fact Schema" owner="api_keywords">
<kw name="Dictionary Should Contain Key" owner="Collections">
<arg>${item}</arg>
<arg>fact</arg>
<doc>Fails if ``key`` is not found from ``dictionary``.</doc>
<status status="PASS" start="2025-10-27T05:52:31.012272" elapsed="0.000000"/>
</kw>
<kw name="Dictionary Should Contain Key" owner="Collections">
<arg>${item}</arg>
<arg>length</arg>
<doc>Fails if ``key`` is not found from ``dictionary``.</doc>
<status status="PASS" start="2025-10-27T05:52:31.012272" elapsed="0.000000"/>
</kw>
<kw name="Set Variable" owner="BuiltIn">
<msg time="2025-10-27T05:52:31.012272" level="INFO">${fact} = In multi-cat households, cats of the opposite sex usually get along better.</msg>
<var>${fact}</var>
<arg>${item['fact']}</arg>
<doc>Returns the given values which can then be assigned to a variables.</doc>
<status status="PASS" start="2025-10-27T05:52:31.012272" elapsed="0.000000"/>
</kw>
<kw name="Evaluate" owner="BuiltIn">
<msg time="2025-10-27T05:52:31.012272" level="INFO">${is_str} = True</msg>
<var>${is_str}</var>
<arg>isinstance($fact, str)</arg>
<doc>Evaluates the given expression in Python and returns the result.</doc>
<status status="PASS" start="2025-10-27T05:52:31.012272" elapsed="0.000000"/>
</kw>
<kw name="Should Be True" owner="BuiltIn">
<arg>${is_str}</arg>
<doc>Fails if the given condition is not true.</doc>
<status status="PASS" start="2025-10-27T05:52:31.012272" elapsed="0.000000"/>
</kw>
<kw name="Set Variable" owner="BuiltIn">
<msg time="2025-10-27T05:52:31.016088" level="INFO">${length} = 75</msg>
<var>${length}</var>
<arg>${item['length']}</arg>
<doc>Returns the given values which can then be assigned to a variables.</doc>
<status status="PASS" start="2025-10-27T05:52:31.012272" elapsed="0.003816"/>
</kw>
<kw name="Evaluate" owner="BuiltIn">
<msg time="2025-10-27T05:52:31.016088" level="INFO">${is_int} = True</msg>
<var>${is_int}</var>
<arg>isinstance($length, int)</arg>
<doc>Evaluates the given expression in Python and returns the result.</doc>
<status status="PASS" start="2025-10-27T05:52:31.016088" elapsed="0.000000"/>
</kw>
<kw name="Should Be True" owner="BuiltIn">
<arg>${is_int}</arg>
<doc>Fails if the given condition is not true.</doc>
<status status="PASS" start="2025-10-27T05:52:31.016088" elapsed="0.000000"/>
</kw>
<kw name="Evaluate" owner="BuiltIn">
<msg time="2025-10-27T05:52:31.016088" level="INFO">${fact_len} = 75</msg>
<var>${fact_len}</var>
<arg>len($fact)</arg>
<doc>Evaluates the given expression in Python and returns the result.</doc>
<status status="PASS" start="2025-10-27T05:52:31.016088" elapsed="0.000000"/>
</kw>
<kw name="Run Keyword If" owner="BuiltIn">
<arg>${length} != ${fact_len}</arg>
<arg>Log</arg>
<arg>Length mismatch! Expected: ${length}, Actual: ${fact_len}, Fact: ${fact}</arg>
<doc>Runs the given keyword with the given arguments, if ``condition`` is true.</doc>
<status status="PASS" start="2025-10-27T05:52:31.016088" elapsed="0.000000"/>
</kw>
<kw name="Should Be Equal As Integers" owner="BuiltIn">
<arg>${length}</arg>
<arg>${fact_len}</arg>
<doc>Fails if objects are unequal after converting them to integers.</doc>
<status status="PASS" start="2025-10-27T05:52:31.016088" elapsed="0.000000"/>
</kw>
<arg>${json}</arg>
<doc>Validate structure and consistency of a single cat fact item.</doc>
<status status="PASS" start="2025-10-27T05:52:31.012272" elapsed="0.003816"/>
</kw>
<status status="PASS" start="2025-10-27T05:52:30.649686" elapsed="0.366402"/>
</test>
<test id="s1-t3" name="Verify /fact with max_length parameter" line="26">
<kw name="Get Random Fact With Max Length" owner="api_keywords">
<kw name="Create Dictionary" owner="BuiltIn">
<msg time="2025-10-27T05:52:31.016088" level="INFO">${params} = {'max_length': '400'}</msg>
<var>${params}</var>
<arg>max_length=${max_length}</arg>
<doc>Creates and returns a dictionary based on the given ``items``.</doc>
<status status="PASS" start="2025-10-27T05:52:31.016088" elapsed="0.000000"/>
</kw>
<kw name="GET On Session" owner="RequestsLibrary">
<msg time="2025-10-27T05:52:31.364925" level="INFO">GET Request : url=https://catfact.ninja/fact?max_length=400 
 path_url=/fact?max_length=400 
 headers={'User-Agent': 'python-requests/2.32.3', 'Accept-Encoding': 'gzip, deflate', 'Accept': '*/*', 'Connection': 'keep-alive', 'Cookie': 'XSRF-TOKEN=eyJpdiI6InQyTk13ZEQwb3M4dWdxNFdabzN2TEE9PSIsInZhbHVlIjoiU3ArMm1RZlUyaXNEZU1hVmU4d2dmVVZPNGZkK3VsR1JNcGE0eWZyMDVsMWJtVW54Y1R5MGdVZjlVMTJBTW9hVFlzOHdycWdYSVBJQVBmdlc5ZzNVSVUrYTBJckdVNTVsTWZHSTdiNEc4eHZYcHdUL1dTSm1OR01kYi95YXRJY0ciLCJtYWMiOiI4NmQ1ZDc5NDgxNjc2MTc0NTRiMDBmY2Y3Zjk4NWFiY2YxMjEwMGZiOWZjNzc1OTJmNWM1Y2ZkYzUyYzVjNzRlIiwidGFnIjoiIn0%3D; catfacts_session=eyJpdiI6InR3T0lYcXh6aHNpNVo5RkhNM2tFWmc9PSIsInZhbHVlIjoiSitJb3MzOENXeVhLN3NzYlJKSjlGQnk2eFY4RzhCY2lIbGJkVVJSeGdxZTZJSGZ6U21lY3hkMDVTeHZMVDJvVVNmMUQ5WTE2allTMjRKVExxR1NpOGdtOVJ5R1FTNWJpb3dkV1B3SHczaG5yaXBwVWROeGcrZ01BUldHUFJJZ0siLCJtYWMiOiJkZmVkM2U0ODAxNWQ5ODgxODc1ODJiM2I1MDk4ZTkyOTM4MWJiMjhjNWZkZWE4ODkxYzUzZjNiYTFiMThkN2M3IiwidGFnIjoiIn0%3D; 10n4f7hR8wNqdxZoQlB907YNhqoCi5zkN2J0nrO7=eyJpdiI6IitGT3lxaVdqU1M3TTZDNjZJWE5tY0E9PSIsInZhbHVlIjoiMWlEMjV4djdsVlZ2TmhnanlXWlNrNEpjNC9ja29lbExHWXJUUU5Kb3NuZW1LY0ZVa3Qrb1hOdW0xUzloUndUREUwMitndGU1c2ZQck5pa2JzSE5udTNWd1Y5Z29IZUJueVRMdFZZNUlUczlPOUFaa0pPOTcxZVNwb0pTTCtZZTI5enJQN1V5ajMwckE0MlI1dUhEdC8raUxubUtuc3Nub1d0MkM2c056N0J1bWVSd2UzT1J3MG5tUXNrL1J3bWhFbDFOeDIwVFY3cTVNTkVtcnB5a2cxc0dTdTVVdEE2YllTT3dkOU5oaVJjeWdFdlYvMWRITDBubmFkRXJNeU14K2p2ek8vdUpDUjFIeFBxd1d1WmoyTnpYNnBMOExZVGRIaHFqSFRMUXpoRGV0ZWlHOGNMMG9iYTVkZDIyMDFYaDdGTVVLM005OEVEZXhxSlFRMWcrYXoyczF4ZkIxWXpwQXY5R29yT2ZZUk1WNTZRdS82QVIzUC9NYlQwSWZXNS9YIiwibWFjIjoiYmE3NDM1MDE2MmM1OTg3OTc1MDNhZTNjMDI0N2Y3OGQ0MTQzZDVjZmI3NDIyYTE0MTYzN2MzMGI3ZTJiMzgzYSIsInRhZyI6IiJ9'} 
 body=None 
 </msg>
<msg time="2025-10-27T05:52:31.364925" level="INFO">GET Response : url=https://catfact.ninja/fact?max_length=400 
 status=200, reason=OK 
 headers={'Date': 'Mon, 27 Oct 2025 04:52:31 GMT', 'Content-Type': 'application/json', 'Transfer-Encoding': 'chunked', 'Connection': 'keep-alive', 'Server': 'cloudflare', 'Cache-Control': 'no-cache, private', 'x-ratelimit-limit': '100', 'x-ratelimit-remaining': '56', 'access-control-allow-origin': '*', 'x-frame-options': 'SAMEORIGIN', 'x-xss-protection': '1; mode=block', 'x-content-type-options': 'nosniff', 'Nel': '{"report_to":"cf-nel","success_fraction":0.0,"max_age":604800}', 'cf-cache-status': 'DYNAMIC', 'Report-To': '{"group":"cf-nel","max_age":604800,"endpoints":[{"url":"https://a.nel.cloudflare.com/report/v4?s=wIgDMpN6nXmTk6paA3M7RwFlltzB8rLlFqbnec7BRbL%2BVXJa52HhWCj8xXnRxPeZffssI8l%2F9ffq0WynEVqTxXZrrRVIseBB%2BCrvgJVYAUFSnfeNsLFMNdk%3D"}]}', 'Content-Encoding': 'gzip', 'Set-Cookie': 'XSRF-TOKEN=eyJpdiI6IkVTeGg0ZGtKVVhEbFR2Ui9CbkJBdGc9PSIsInZhbHVlIjoiZmpMcHVEVysrb2hsd2FuYjVSSkFTVmxrc1BZN0NHZlE2VE9Cd0d2eitvRjVXeC9TREdLVnhpV3ZYQW50ZThRa0gwZlpWYWttTzhsbEx2Vys0NFJWSTJFeXAzVEErejF3RTFPb0c1NG1TY1FpL1lBdlRZYTB5d3dVREU1T3NOVUoiLCJtYWMiOiI5NWMwYzAzYzFlMTU3ZjhjMWMwZjI4YWVhZWE5NjVkZGExZTA5YmNmMDAyZmJhMTk0Mjg3YjBjMmM3YzM3ZmUzIiwidGFnIjoiIn0%3D; SameSite=Lax; Secure; Path=/; Max-Age=7200; Expires=Mon, 27 Oct 2025 06:52:31 GMT, catfacts_session=eyJpdiI6InFMZ0pCcnJFREdyZi9ibDlHMEE2S1E9PSIsInZhbHVlIjoiWXI2QUc2OVVHbFhLNFB2Vjk2TXFtMzUwOTlpajB1cGlXU0JIc2hJNFdhN2pFS0wzQzl0RUdqT0RXM2I0d09pdU90TnlJOUtOU09GZU9NRDBlZzZ1YkRMTjRNN0pudm5PanBqYTZIdjJSMXFVRTQ4ZFUwSkV2Y0FDQ1BGaHJaNjUiLCJtYWMiOiJhZGI4NzMzZWJlNjA4NmJiNGQ2OGE5MGNkY2MyN2FhY2NiNDQyMjlhY2Q1YzcwMzlhYzdjNDg4NzJiNzI2MTUyIiwidGFnIjoiIn0%3D; HttpOnly; SameSite=Lax; Secure; Path=/; Max-Age=7200; Expires=Mon, 27 Oct 2025 06:52:31 GMT, 10n4f7hR8wNqdxZoQlB907YNhqoCi5zkN2J0nrO7=eyJpdiI6IkwvL3M3MDNyKzZkbnV0a3pDQnhnR0E9PSIsInZhbHVlIjoiUVhMejROaDJpM29QdS92RzU1QTJhOXVzdEY0THd4RWUvdzFoM1lHMm1wbGlIUlhFQjRDY1dvUHY4Q3hGUm1LTkRqb2ttRnBrT0xMQ0ZINnd5R1BGRVNYVDBUR2JCZUNOZy81ak42SzJxTEF3b2Nlb21nYkE2bGR5SEJNZlIveTFTTlVaMFhBZWVadldLQjZRVCtKd3B1dkVlNE9wWno3YVZCT1lSUFZ1ckYvVVpVM3UxY3dlT1NWcFBLdUVibzZRd0QzdEhwbzVMLzAxZnlyR21RLzA4NDF3ME1WZitLd0FQSmttdXl0bW9mOVlUaTVhWldrb1V2RXNpb1BlL1hXaDRuWVl5NEtqRGp0WHFINDJONlI1TGJpdzNEeEtreHBPOE53NVRXQU04RnRMT3I4WlVqbFlXV1JtT1QvaUpocitZWlZTYWZVL0QxK3ZML1JCZS80R2Z5Zzl0SzV3QjZhbFQ5bXVOcXZHQWZDUVFrV2I2M2NzTXh6R2JBbkswVGJGNVR5aEhlVzYxdWpXY1hOeDY0RjdLdz09IiwibWFjIjoiMDY2ZjQzYmI5NDQwMzJjMDBlNDQ0M2MyY2E4ZTZhZjVjMjBlY2M3M2YxMmU5MmFkNzU1MDJlZTIzNjAxODExMSIsInRhZyI6IiJ9; HttpOnly; SameSite=Lax; Secure; Path=/; Max-Age=7200; Expires=Mon, 27 Oct 2025 06:52:31 GMT', 'CF-RAY': '994f95a1bfec99a9-SIN', 'alt-svc': 'h3=":443"; ma=86400'} 
 body={"fact":"A cat has approximately 60 to 80 million olfactory cells (a human has between 5 and 20 million).","length":96} 
 </msg>
<msg time="2025-10-27T05:52:31.364925" level="INFO">C:\Users\dolap\AppData\Roaming\Python\Python312\site-packages\urllib3\connectionpool.py:1097: InsecureRequestWarning: Unverified HTTPS request is being made to host 'catfact.ninja'. Adding certificate verification is strongly advised. See: https://urllib3.readthedocs.io/en/latest/advanced-usage.html#tls-warnings
  warnings.warn(</msg>
<msg time="2025-10-27T05:52:31.364925" level="INFO">${response} = &lt;Response [200]&gt;</msg>
<var>${response}</var>
<arg>catfact</arg>
<arg>/fact</arg>
<arg>params=${params}</arg>
<doc>Sends a GET request on a previously created HTTP Session.</doc>
<status status="PASS" start="2025-10-27T05:52:31.016088" elapsed="0.348837"/>
</kw>
<kw name="Log To Console" owner="BuiltIn">
<arg>\n[REQUEST] GET /fact?max_length=${max_length}</arg>
<doc>Logs the given message to the console.</doc>
<status status="PASS" start="2025-10-27T05:52:31.364925" elapsed="0.000000"/>
</kw>
<kw name="Log To Console" owner="BuiltIn">
<arg>Status Code: ${response.status_code}</arg>
<doc>Logs the given message to the console.</doc>
<status status="PASS" start="2025-10-27T05:52:31.364925" elapsed="0.000000"/>
</kw>
<return>
<value>${response}</value>
<status status="PASS" start="2025-10-27T05:52:31.364925" elapsed="0.000000"/>
</return>
<msg time="2025-10-27T05:52:31.364925" level="INFO">${response} = &lt;Response [200]&gt;</msg>
<var>${response}</var>
<arg>${MAX_LENGTH}</arg>
<doc>Perform GET request to /fact endpoint with max_length parameter</doc>
<status status="PASS" start="2025-10-27T05:52:31.016088" elapsed="0.348837"/>
</kw>
<kw name="Should Be Equal As Integers" owner="BuiltIn">
<msg time="2025-10-27T05:52:31.364925" level="INFO">Argument types are:
&lt;class 'int'&gt;
&lt;class 'str'&gt;</msg>
<arg>${response.status_code}</arg>
<arg>200</arg>
<doc>Fails if objects are unequal after converting them to integers.</doc>
<status status="PASS" start="2025-10-27T05:52:31.364925" elapsed="0.000000"/>
</kw>
<kw name="Set Variable" owner="BuiltIn">
<msg time="2025-10-27T05:52:31.364925" level="INFO">${json} = {'fact': 'A cat has approximately 60 to 80 million olfactory cells (a human has between 5 and 20 million).', 'length': 96}</msg>
<var>${json}</var>
<arg>${response.json()}</arg>
<doc>Returns the given values which can then be assigned to a variables.</doc>
<status status="PASS" start="2025-10-27T05:52:31.364925" elapsed="0.000000"/>
</kw>
<if>
<branch type="IF" condition="${json} != '{}'">
<kw name="Should Be True" owner="BuiltIn">
<arg>${json['length']} &lt;= ${MAX_LENGTH}</arg>
<arg>Random fact ${json['length']} exceeds max_length ${MAX_LENGTH}</arg>
<doc>Fails if the given condition is not true.</doc>
<status status="PASS" start="2025-10-27T05:52:31.364925" elapsed="0.000000"/>
</kw>
<status status="PASS" start="2025-10-27T05:52:31.364925" elapsed="0.000000"/>
</branch>
<status status="PASS" start="2025-10-27T05:52:31.364925" elapsed="0.000000"/>
</if>
<status status="PASS" start="2025-10-27T05:52:31.016088" elapsed="0.348837"/>
</test>
<test id="s1-t4" name="Verify GET /facts returns 200" line="37">
<kw name="Get Facts With Limit" owner="api_keywords">
<kw name="Create Dictionary" owner="BuiltIn">
<msg time="2025-10-27T05:52:31.377272" level="INFO">${params} = {'limit': '116'}</msg>
<var>${params}</var>
<arg>limit=${limit}</arg>
<doc>Creates and returns a dictionary based on the given ``items``.</doc>
<status status="PASS" start="2025-10-27T05:52:31.376072" elapsed="0.001200"/>
</kw>
<kw name="GET On Session" owner="RequestsLibrary">
<msg time="2025-10-27T05:52:31.753880" level="INFO">GET Request : url=https://catfact.ninja/facts?limit=116 
 path_url=/facts?limit=116 
 headers={'User-Agent': 'python-requests/2.32.3', 'Accept-Encoding': 'gzip, deflate', 'Accept': '*/*', 'Connection': 'keep-alive', 'Cookie': 'XSRF-TOKEN=eyJpdiI6IkVTeGg0ZGtKVVhEbFR2Ui9CbkJBdGc9PSIsInZhbHVlIjoiZmpMcHVEVysrb2hsd2FuYjVSSkFTVmxrc1BZN0NHZlE2VE9Cd0d2eitvRjVXeC9TREdLVnhpV3ZYQW50ZThRa0gwZlpWYWttTzhsbEx2Vys0NFJWSTJFeXAzVEErejF3RTFPb0c1NG1TY1FpL1lBdlRZYTB5d3dVREU1T3NOVUoiLCJtYWMiOiI5NWMwYzAzYzFlMTU3ZjhjMWMwZjI4YWVhZWE5NjVkZGExZTA5YmNmMDAyZmJhMTk0Mjg3YjBjMmM3YzM3ZmUzIiwidGFnIjoiIn0%3D; catfacts_session=eyJpdiI6InFMZ0pCcnJFREdyZi9ibDlHMEE2S1E9PSIsInZhbHVlIjoiWXI2QUc2OVVHbFhLNFB2Vjk2TXFtMzUwOTlpajB1cGlXU0JIc2hJNFdhN2pFS0wzQzl0RUdqT0RXM2I0d09pdU90TnlJOUtOU09GZU9NRDBlZzZ1YkRMTjRNN0pudm5PanBqYTZIdjJSMXFVRTQ4ZFUwSkV2Y0FDQ1BGaHJaNjUiLCJtYWMiOiJhZGI4NzMzZWJlNjA4NmJiNGQ2OGE5MGNkY2MyN2FhY2NiNDQyMjlhY2Q1YzcwMzlhYzdjNDg4NzJiNzI2MTUyIiwidGFnIjoiIn0%3D; 10n4f7hR8wNqdxZoQlB907YNhqoCi5zkN2J0nrO7=eyJpdiI6IkwvL3M3MDNyKzZkbnV0a3pDQnhnR0E9PSIsInZhbHVlIjoiUVhMejROaDJpM29QdS92RzU1QTJhOXVzdEY0THd4RWUvdzFoM1lHMm1wbGlIUlhFQjRDY1dvUHY4Q3hGUm1LTkRqb2ttRnBrT0xMQ0ZINnd5R1BGRVNYVDBUR2JCZUNOZy81ak42SzJxTEF3b2Nlb21nYkE2bGR5SEJNZlIveTFTTlVaMFhBZWVadldLQjZRVCtKd3B1dkVlNE9wWno3YVZCT1lSUFZ1ckYvVVpVM3UxY3dlT1NWcFBLdUVibzZRd0QzdEhwbzVMLzAxZnlyR21RLzA4NDF3ME1WZitLd0FQSmttdXl0bW9mOVlUaTVhWldrb1V2RXNpb1BlL1hXaDRuWVl5NEtqRGp0WHFINDJONlI1TGJpdzNEeEtreHBPOE53NVRXQU04RnRMT3I4WlVqbFlXV1JtT1QvaUpocitZWlZTYWZVL0QxK3ZML1JCZS80R2Z5Zzl0SzV3QjZhbFQ5bXVOcXZHQWZDUVFrV2I2M2NzTXh6R2JBbkswVGJGNVR5aEhlVzYxdWpXY1hOeDY0RjdLdz09IiwibWFjIjoiMDY2ZjQzYmI5NDQwMzJjMDBlNDQ0M2MyY2E4ZTZhZjVjMjBlY2M3M2YxMmU5MmFkNzU1MDJlZTIzNjAxODExMSIsInRhZyI6IiJ9'} 
 body=None 
 </msg>
<msg time="2025-10-27T05:52:31.753880" level="INFO">GET Response : url=https://catfact.ninja/facts?limit=116 
 status=200, reason=OK 
 headers={'Date': 'Mon, 27 Oct 2025 04:52:32 GMT', 'Content-Type': 'application/json', 'Transfer-Encoding': 'chunked', 'Connection': 'keep-alive', 'Server': 'cloudflare', 'vary': 'Accept-Encoding', 'Cache-Control': 'no-cache, private', 'x-ratelimit-limit': '100', 'x-ratelimit-remaining': '33', 'access-control-allow-origin': '*', 'x-frame-options': 'SAMEORIGIN', 'x-xss-protection': '1; mode=block', 'x-content-type-options': 'nosniff', 'Content-Encoding': 'gzip', 'Nel': '{"report_to":"cf-nel","success_fraction":0.0,"max_age":604800}', 'cf-cache-status': 'DYNAMIC', 'Report-To': '{"group":"cf-nel","max_age":604800,"endpoints":[{"url":"https://a.nel.cloudflare.com/report/v4?s=waHVlQvY7V14HVE4X311APrmfSYrd6pWVAe7%2Fv54C0yXypKdTNSbWMBzeNfPODvgvLCg6akYgEA6SDKSTQ1EMkkkhd2ZURUNdKwB7495fWbSm%2FCEWi4FDpk%3D"}]}', 'Set-Cookie': 'XSRF-TOKEN=eyJpdiI6IndWNjNXMndPV1ZEeGY1THFSOGQ4ckE9PSIsInZhbHVlIjoidGR1YzdBVnZ3WWRIUkd2RStUYUNkMXpheXZJeDBoYjIweGJtMlpXUHlxcW9mcHJIeENCcWVieDBkWWE4RjIvRk51bmtBRjYzSFFmTU5CallkcWZ0cENZc2lpMjdZaHN5WTVsR1UvUFNvZlRDWVU2M3hsQUMyeFhZT2wwTFV5M3giLCJtYWMiOiI0YTViZjgyNGU3NTFkNDZlZDk3ZGY5YmZlYzQ4NTNiNzc3YzU2Y2Q2YWFiOTQ0ZGYwZWVkYzVkMTZkMTYxOGIzIiwidGFnIjoiIn0%3D; SameSite=Lax; Secure; Path=/; Max-Age=7200; Expires=Mon, 27 Oct 2025 06:52:32 GMT, catfacts_session=eyJpdiI6Ik5TTmJuU3ZIV3Q2MHVKclNwamxJM1E9PSIsInZhbHVlIjoiM20xOUJTSnV3U1dyOHFNLy9RUTFFRC8rbjdiUGhFZHFTMksvY2Q2Sy8wTWFhZnlOQm5DeTR4SEppQUxIbUVadkd5UWRrRmY2K1kwY0ppc015cjBHM1ZBK3o5dmFlazJINFFhbUVpZ3FRdkhtaDk2eC9LSFRVdSsvVmJqVFlkbHQiLCJtYWMiOiIwNzlmOTM5MmMwOTkzNjg1OWE2ZGVhY2ExMGY2ZGU1ZjlkODIyMjVlYzYwNzljMDcxMzA4NThmNDRmZjdkMjM1IiwidGFnIjoiIn0%3D; HttpOnly; SameSite=Lax; Secure; Path=/; Max-Age=7200; Expires=Mon, 27 Oct 2025 06:52:32 GMT, 10n4f7hR8wNqdxZoQlB907YNhqoCi5zkN2J0nrO7=eyJpdiI6IjAwS2w3aDNKaG16TU4xM0I1SkNGTlE9PSIsInZhbHVlIjoiUVMyeFVtbyt4c29xWUdJUm8yTUhmd3RMbk1zTnh1Z2JXc1U4OHBHMFhDYnU2MWZuR1VsaisyTEJyNXgrZE5KT2RSQkZSc3VzWnVnMjRBZGJVTmhaeklGWTVsbkZ4UDlkaGUwYmxjZTVJUjNNeDA1QWVQeGcxWWNjRWNQd2xSdTZVRC8zTHdSNTlKT1VPWmFtRmozTjBSMHlwN0dORzNqVTRxSHgrOUhYaUcrMU0yZ09Hb2d3OW5MM3FUTUJvZmxsZTExSXFrcjFnSWRJRmI1MWZxSmxmODNXK0NUKy9wVEJaamdHUDh3NWZyblkvUWZ4dHh3SDl3SkRwVjBhMWVkY20wTXZNZUh1TjFCYWZBdHZLOFg5c013VFlSNzlVOW9xZGdJQlI2L1JEenVHVTVpMnJHaDJnOHpTcE15WkFCQ2wxWnQyc3JIZGtWUWNHTlFTQkkrcHVZVkF4SzErRGw3YXQvUnVNS0lXSC9MSTFpUnlYRFhtZjNsWDN2Uy9aVzVSIiwibWFjIjoiMTA0OWEyYmQ4MzFiNWJjZWFhY2UxZDllZTA2NDI3NTdiNzEyYWNlNTkxMzE3MGU2NmY0YmU5MWZiMjkzMTU4ZSIsInRhZyI6IiJ9; HttpOnly; SameSite=Lax; Secure; Path=/; Max-Age=7200; Expires=Mon, 27 Oct 2025 06:52:32 GMT', 'CF-RAY': '994f95a3fca199a9-SIN', 'alt-svc': 'h3=":443"; ma=86400'} 
 body={"current_page":1,"data":[{"fact":"Unlike dogs, cats do not have a sweet tooth. Scientists believe this is due to a mutation in a key taste receptor.","length":114},{"fact":"When a cat chases its prey, it keeps its head level. Dogs and humans bob their heads up and down.","length":97},{"fact":"The technical term for a cat\u2019s hairball is a \u201cbezoar.\u201d","length":54},{"fact":"A group of cats is called a \u201cclowder.\u201d","length":38},{"fact":"A cat can\u2019t climb head first down a tree because every claw on a cat\u2019s paw points the same way. To get down from a tree, a cat must back down.","length":142},{"fact":"Cats make about 100 different sounds. Dogs make only about 10.","length":62},{"fact":"Every year, nearly four million cats are eaten in Asia.","length":55},{"fact":"There are more than 500 million domestic cats in the world, with approximately 40 recognized breeds.","length":100},{"fact":"Approximately 24 cat skins can make a coat.","length":43},{"fact":"While it is commonly thought that the ancient Egyptians were the first to domesticate cats, the oldest known pet cat was recently found in a 9,500-year-old grave on the Mediterranean island of Cyprus. This grave predates early Egyptian art depicting cats by 4,000 years or more.","length":278},{"fact":"During the time of the Spanish Inquisition, Pope Innocent VIII condemned cats as evil and thousands of cats were burned. Unfortunately, the widespread killing of cats led to an explosion of the rat population, which exacerbated the effects of the Black Death.","length":259},{"fact":"During the Middle Ages, cats were associated with withcraft, and on St. John\u2019s Day, people all over Europe would stuff them into sacks and toss the cats into bonfires. On holy days, people celebrated by tossing cats from church towers.","length":235},{"fact":"The first cat in space was a French cat named Felicette (a.k.a. \u201cAstrocat\u201d) In 1963, France blasted the cat into outer space. Electrodes implanted in her brains sent neurological signals back to Earth. She survived the trip.","length":224},{"fact":"The group of words associated with cat (catt,\u00a0cath,\u00a0chat,\u00a0katze) stem from the Latin\u00a0catus, meaning domestic cat, as opposed to\u00a0feles, or wild cat.","length":147},{"fact":"The term \u201cpuss\u201d is the root of the principal word for \u201ccat\u201d in the Romanian term pisica and the root of secondary words in Lithuanian (puz) and Low German\u00a0puus. Some scholars suggest that \u201cpuss\u201d could be imitative of the hissing sound used to get a cat\u2019s attention. As a slang word for the female pudenda, it could be associated with the connotation of a cat being soft, warm, and fuzzy.","length":387},{"fact":"Approximately 40,000 people are bitten by cats in the U.S. annually.","length":68},{"fact":"Cats are the world's most popular pets, outnumbering dogs by as many as three to one","length":84},{"fact":"Cats are North America\u2019s most popular pets: there are 73 million cats compared to 63 million dogs. Over 30% of households in North America own a cat.","length":149},{"fact":"According to Hebrew legend, Noah prayed to God for help protecting all the food he stored on the ark from being eaten by rats. In reply, God made the lion sneeze, and out popped a cat.","length":184},{"fact":"A cat\u2019s hearing is better than a dog\u2019s. And a cat can hear high-frequency sounds up to two octaves higher than a human.","length":119},{"fact":"A cat can travel at a top speed of approximately 31 mph (49 km) over a short distance.","length":86},{"fact":"A cat rubs against people not only to be affectionate but also to mark out its territory with scent glands around its face. The tail area and paws also carry the cat\u2019s scent.","length":174},{"fact":"Researchers are unsure exactly how a cat purrs. Most veterinarians believe that a cat purrs by vibrating vocal folds deep in the throat. To do this, a muscle in the larynx opens and closes the air passage about 25 times per second.","length":231},{"fact":"When a family cat died in ancient Egypt, family members would mourn by shaving off their eyebrows. They also held elaborate funerals during which they drank wine and beat their breasts. The cat was embalmed with a sculpted wooden mask and the tiny mummy was placed in the family tomb or in a pet cemetery with tiny mummies of mice.","length":331},{"fact":"In 1888, more than 300,000 mummified cats were found an Egyptian cemetery. They were stripped of their wrappings and carted off to be used by farmers in England and the U.S. for fertilizer.","length":189},{"fact":"Most cats give birth to a litter of between one and nine kittens. The largest known litter ever produced was 19 kittens, of which 15 survived.","length":142},{"fact":"Smuggling a cat out of ancient Egypt was punishable by death. Phoenician traders eventually succeeded in smuggling felines, which they sold to rich people in Athens and other important cities.","length":192},{"fact":"The earliest ancestor of the modern cat lived about 30 million years ago. Scientists called it the\u00a0Proailurus, which means \u201cfirst cat\u201d in Greek. The group of animals that pet cats belong to emerged around 12 million years ago.","length":226},{"fact":"The biggest wildcat today is the Siberian Tiger. It can be more than 12 feet (3.6 m) long (about the size of a small car) and weigh up to 700 pounds (317 kg).","length":158},{"fact":"Cats have 300 million neurons; dogs have about 160 million","length":58},{"fact":"A cat\u2019s brain is biologically more similar to a human brain than it is to a dog\u2019s. Both humans and cats have identical regions in their brains that are responsible for emotions.","length":177},{"fact":"Many Egyptians worshipped the goddess Bast, who had a woman\u2019s body and a cat\u2019s head.","length":84},{"fact":"Mohammed loved cats and reportedly his favorite cat, Muezza, was a tabby. Legend says that tabby cats have an \u201cM\u201d for Mohammed on top of their heads because Mohammad would often rest his hand on the cat\u2019s head.","length":210},{"fact":"While many parts of Europe and North America consider the black cat a sign of bad luck, in Britain and Australia, black cats are considered lucky.","length":146},{"fact":"The most popular pedigreed cat is the Persian cat, followed by the Main Coon cat and the Siamese cat.","length":101},{"fact":"The smallest pedigreed cat is a Singapura, which can weigh just 4 lbs (1.8 kg), or about five large cans of cat food. The largest pedigreed cats are Maine Coon cats, which can weigh 25 lbs (11.3 kg), or nearly twice as much as an average cat weighs.","length":249},{"fact":"Some cats have survived falls of over 65 feet (20 meters), due largely to their \u201crighting reflex.\u201d The eyes and balance organs in the inner ear tell it where it is in space so the cat can land on its feet. Even cats without a tail have this ability.","length":249},{"fact":"Some Siamese cats appear cross-eyed because the nerves from the left side of the brain go to mostly the right eye and the nerves from the right side of the brain go mostly to the left eye. This causes some double vision, which the cat tries to correct by \u201ccrossing\u201d its eyes.","length":275},{"fact":"Researchers believe the word \u201ctabby\u201d comes from Attabiyah, a neighborhood in Baghdad, Iraq. Tabbies got their name because their striped coats resembled the famous wavy patterns in the silk produced in this city.","length":212},{"fact":"Cats have \"nine lives\" thanks to a flexible spine and powerful leg and back muscles","length":83},{"fact":"A cat can jump up to five times its own height in a single bound.","length":65},{"fact":"Cats hate the water because their fur does not insulate well when it\u2019s wet. The Turkish Van, however, is one cat that likes swimming. Bred in central Asia, its coat has a unique texture that makes it water resistant.","length":216},{"fact":"The Egyptian Mau is probably the oldest breed of cat. In fact, the breed is so ancient that its name is the Egyptian word for \u201ccat.\u201d","length":132},{"fact":"The first commercially cloned pet was a cat named \"Little Nicky.\" He cost his owner $50,000, making him one of the most expensive cats ever.","length":140},{"fact":"A cat usually has about 12 whiskers on each side of its face.","length":61},{"fact":"A cat\u2019s eyesight is both better and worse than humans. It is better because cats can see in much dimmer light and they have a wider peripheral view. It\u2019s worse because they don\u2019t see color as well as humans do. Scientists believe grass appears red to cats.","length":256},{"fact":"Spanish-Jewish folklore recounts that Adam\u2019s first wife, Lilith, became a black vampire cat, sucking the blood from sleeping babies. This may be the root of the superstition that a cat will smother a sleeping baby or suck out the child\u2019s breath.","length":245},{"fact":"Perhaps the most famous comic cat is the Cheshire Cat in Lewis Carroll\u2019s Alice in Wonderland. With the ability to disappear, this mysterious character embodies the magic and sorcery historically associated with cats.","length":216},{"fact":"The smallest wildcat today is the Black-footed cat. The females are less than 20 inches (50 cm) long and can weigh as little as 2.5 lbs (1.2 kg).","length":145},{"fact":"On average, cats spend 2\/3 of every day sleeping. That means a nine-year-old cat has been awake for only three years of its life.","length":129},{"fact":"In the original Italian version of Cinderella, the benevolent fairy godmother figure was a cat.","length":95},{"fact":"The little tufts of hair in a cat\u2019s ear that help keep out dirt direct sounds into the ear, and insulate the ears are called \u201cear furnishings.\u201d","length":143},{"fact":"The ability of a cat to find its way home is called \u201cpsi-traveling.\u201d Experts think cats either use the angle of the sunlight to find th... (set the log level to DEBUG or TRACE to see the full content) 
 </msg>
<msg time="2025-10-27T05:52:31.753880" level="INFO">C:\Users\dolap\AppData\Roaming\Python\Python312\site-packages\urllib3\connectionpool.py:1097: InsecureRequestWarning: Unverified HTTPS request is being made to host 'catfact.ninja'. Adding certificate verification is strongly advised. See: https://urllib3.readthedocs.io/en/latest/advanced-usage.html#tls-warnings
  warnings.warn(</msg>
<msg time="2025-10-27T05:52:31.755142" level="INFO">${response} = &lt;Response [200]&gt;</msg>
<var>${response}</var>
<arg>catfact</arg>
<arg>/facts</arg>
<arg>params=${params}</arg>
<doc>Sends a GET request on a previously created HTTP Session.</doc>
<status status="PASS" start="2025-10-27T05:52:31.377272" elapsed="0.377870"/>
</kw>
<kw name="Log To Console" owner="BuiltIn">
<arg>\n[REQUEST] GET /facts?limit=${limit}</arg>
<doc>Logs the given message to the console.</doc>
<status status="PASS" start="2025-10-27T05:52:31.755142" elapsed="0.000000"/>
</kw>
<kw name="Log To Console" owner="BuiltIn">
<arg>Status: ${response.status_code}</arg>
<doc>Logs the given message to the console.</doc>
<status status="PASS" start="2025-10-27T05:52:31.755142" elapsed="0.001176"/>
</kw>
<return>
<value>${response}</value>
<status status="PASS" start="2025-10-27T05:52:31.756318" elapsed="0.000000"/>
</return>
<msg time="2025-10-27T05:52:31.757613" level="INFO">${response} = &lt;Response [200]&gt;</msg>
<var>${response}</var>
<arg>${LIMIT}</arg>
<doc>Perform GET request to /facts endpoint with a limit parameter</doc>
<status status="PASS" start="2025-10-27T05:52:31.376072" elapsed="0.381541"/>
</kw>
<kw name="Should Be Equal As Integers" owner="BuiltIn">
<msg time="2025-10-27T05:52:31.757613" level="INFO">Argument types are:
&lt;class 'int'&gt;
&lt;class 'str'&gt;</msg>
<arg>${response.status_code}</arg>
<arg>200</arg>
<doc>Fails if objects are unequal after converting them to integers.</doc>
<status status="PASS" start="2025-10-27T05:52:31.757613" elapsed="0.000000"/>
</kw>
<status status="PASS" start="2025-10-27T05:52:31.364925" elapsed="0.392688"/>
</test>
<test id="s1-t5" name="Verify /facts items structure and response schema" line="41">
<kw name="Get Facts With Limit" owner="api_keywords">
<kw name="Create Dictionary" owner="BuiltIn">
<msg time="2025-10-27T05:52:31.761224" level="INFO">${params} = {'limit': '116'}</msg>
<var>${params}</var>
<arg>limit=${limit}</arg>
<doc>Creates and returns a dictionary based on the given ``items``.</doc>
<status status="PASS" start="2025-10-27T05:52:31.761224" elapsed="0.000000"/>
</kw>
<kw name="GET On Session" owner="RequestsLibrary">
<msg time="2025-10-27T05:52:32.143085" level="INFO">GET Request : url=https://catfact.ninja/facts?limit=116 
 path_url=/facts?limit=116 
 headers={'User-Agent': 'python-requests/2.32.3', 'Accept-Encoding': 'gzip, deflate', 'Accept': '*/*', 'Connection': 'keep-alive', 'Cookie': 'XSRF-TOKEN=eyJpdiI6IndWNjNXMndPV1ZEeGY1THFSOGQ4ckE9PSIsInZhbHVlIjoidGR1YzdBVnZ3WWRIUkd2RStUYUNkMXpheXZJeDBoYjIweGJtMlpXUHlxcW9mcHJIeENCcWVieDBkWWE4RjIvRk51bmtBRjYzSFFmTU5CallkcWZ0cENZc2lpMjdZaHN5WTVsR1UvUFNvZlRDWVU2M3hsQUMyeFhZT2wwTFV5M3giLCJtYWMiOiI0YTViZjgyNGU3NTFkNDZlZDk3ZGY5YmZlYzQ4NTNiNzc3YzU2Y2Q2YWFiOTQ0ZGYwZWVkYzVkMTZkMTYxOGIzIiwidGFnIjoiIn0%3D; catfacts_session=eyJpdiI6Ik5TTmJuU3ZIV3Q2MHVKclNwamxJM1E9PSIsInZhbHVlIjoiM20xOUJTSnV3U1dyOHFNLy9RUTFFRC8rbjdiUGhFZHFTMksvY2Q2Sy8wTWFhZnlOQm5DeTR4SEppQUxIbUVadkd5UWRrRmY2K1kwY0ppc015cjBHM1ZBK3o5dmFlazJINFFhbUVpZ3FRdkhtaDk2eC9LSFRVdSsvVmJqVFlkbHQiLCJtYWMiOiIwNzlmOTM5MmMwOTkzNjg1OWE2ZGVhY2ExMGY2ZGU1ZjlkODIyMjVlYzYwNzljMDcxMzA4NThmNDRmZjdkMjM1IiwidGFnIjoiIn0%3D; 10n4f7hR8wNqdxZoQlB907YNhqoCi5zkN2J0nrO7=eyJpdiI6IjAwS2w3aDNKaG16TU4xM0I1SkNGTlE9PSIsInZhbHVlIjoiUVMyeFVtbyt4c29xWUdJUm8yTUhmd3RMbk1zTnh1Z2JXc1U4OHBHMFhDYnU2MWZuR1VsaisyTEJyNXgrZE5KT2RSQkZSc3VzWnVnMjRBZGJVTmhaeklGWTVsbkZ4UDlkaGUwYmxjZTVJUjNNeDA1QWVQeGcxWWNjRWNQd2xSdTZVRC8zTHdSNTlKT1VPWmFtRmozTjBSMHlwN0dORzNqVTRxSHgrOUhYaUcrMU0yZ09Hb2d3OW5MM3FUTUJvZmxsZTExSXFrcjFnSWRJRmI1MWZxSmxmODNXK0NUKy9wVEJaamdHUDh3NWZyblkvUWZ4dHh3SDl3SkRwVjBhMWVkY20wTXZNZUh1TjFCYWZBdHZLOFg5c013VFlSNzlVOW9xZGdJQlI2L1JEenVHVTVpMnJHaDJnOHpTcE15WkFCQ2wxWnQyc3JIZGtWUWNHTlFTQkkrcHVZVkF4SzErRGw3YXQvUnVNS0lXSC9MSTFpUnlYRFhtZjNsWDN2Uy9aVzVSIiwibWFjIjoiMTA0OWEyYmQ4MzFiNWJjZWFhY2UxZDllZTA2NDI3NTdiNzEyYWNlNTkxMzE3MGU2NmY0YmU5MWZiMjkzMTU4ZSIsInRhZyI6IiJ9'} 
 body=None 
 </msg>
<msg time="2025-10-27T05:52:32.143085" level="INFO">GET Response : url=https://catfact.ninja/facts?limit=116 
 status=200, reason=OK 
 headers={'Date': 'Mon, 27 Oct 2025 04:52:32 GMT', 'Content-Type': 'application/json', 'Transfer-Encoding': 'chunked', 'Connection': 'keep-alive', 'Server': 'cloudflare', 'vary': 'Accept-Encoding', 'Cache-Control': 'no-cache, private', 'x-ratelimit-limit': '100', 'x-ratelimit-remaining': '90', 'access-control-allow-origin': '*', 'x-frame-options': 'SAMEORIGIN', 'x-xss-protection': '1; mode=block', 'x-content-type-options': 'nosniff', 'Content-Encoding': 'gzip', 'Nel': '{"report_to":"cf-nel","success_fraction":0.0,"max_age":604800}', 'cf-cache-status': 'DYNAMIC', 'Report-To': '{"group":"cf-nel","max_age":604800,"endpoints":[{"url":"https://a.nel.cloudflare.com/report/v4?s=a14bwD3VkX4SSfGbvZzQ0yive%2F%2BaiPokhNHj%2BiGMeR0aQ10uAmRAf11b2H31uQVjsf%2BWsQ3rnMXWH%2BmeWqN03ClBXzsWLHXXafh11msDmo9P3CwdcyMLCtE%3D"}]}', 'Set-Cookie': 'XSRF-TOKEN=eyJpdiI6InRPMDdoTGw4bzdxTG9FYzM0NGxOUUE9PSIsInZhbHVlIjoiQit0NVZMQ1JrUENlQU1VZFVHVzcwaVFJVnRTa1dTRm5seFluRUNVVTJNano5eEdaZi90UDBMVUNjbzJObDJIbWVmV3RRZFNnVWZxU29ZWVo2SmhCcTlaTGhXVDlHdFBqR3lSWVZ4WGJBMENIRlFxRDd6ZHJYeTdEc3A3ZzFyaEEiLCJtYWMiOiIyZWQ3ZDcxYzhmNDMyZWI0ZDM1MjRlZjNkYmRiZGJiOTE2ZDgzZjgwMzlmNDkzZDEyZTI2OTExNGJmODQ3YzIyIiwidGFnIjoiIn0%3D; SameSite=Lax; Secure; Path=/; Max-Age=7200; Expires=Mon, 27 Oct 2025 06:52:32 GMT, catfacts_session=eyJpdiI6IjYySmpRUG1lRG10bG9SNXBtbzlldkE9PSIsInZhbHVlIjoiQmgwam9ydDFPOS9TWjNVNVJ1VDJzTGcyYXVqZUc1aW44UmlXVWtNNk9uRUFGQmhlS2RqMThoZWZ1Y2xMdGNmMGJVUmdrbWdMeGcrdVczdlFNSzFJeHFMU3FJcVNGby9sU2VKc09ZenhscHR3RHdXWUtUOHNrRjhmOXliMXFKYXUiLCJtYWMiOiJiZjk4NTYyZDA3YWEyNTgwY2Q2MGY1ZDFiZDQ0OWQ4MzVmY2M0YjIyNmY2MmNkYzU4MmFkZjM2Yjk5ZmY2NWIyIiwidGFnIjoiIn0%3D; HttpOnly; SameSite=Lax; Secure; Path=/; Max-Age=7200; Expires=Mon, 27 Oct 2025 06:52:32 GMT, 10n4f7hR8wNqdxZoQlB907YNhqoCi5zkN2J0nrO7=eyJpdiI6ImFHVHhtalVsR2ZHSlRyYVN6MTdFaWc9PSIsInZhbHVlIjoidFNteUYrK2lmU0ZwM1BWbEhVSnhpbFdGZnUyeWxvOGRyeVdWOTB6UUxCWGJpbldSdHdyVkpJUDQyY2JKandZd25KTEQ5bllLVzVuZ1pic3BBNnpSRzBCbVU2RVdRcXZNQWpqa0Z2SFhndk42Wng1RGRKNXZPQWY0RFhGV2pNWnFpZ0k3Vms2c1dsL1dYaXYySUVTNndsOTNlRnFvakdTUWQ0TzFYTktZa0FzZEZHZ2hoNUg5U1hxNEd5NXRDOGIrWUduTEhmSnk5ajVVcEhIS2haanlROVh6UTQxU0N5djhFTlJUZkpkMFo3K3MwSGppS1lEUzFsc3ZURE9ib01PN2tWRW9DN1pndkZ2UkFib2c2dlRhdmliRUFoVW4vbFBPY2RJelB5SlNZT2lwWFRaRGd1VFQyYTJFeDNnN0lxRm93TDk0cjlZMCtqOHcwY2EwVHFiVmZRUnV3d0E2cmdneThVTXZJamZuY0lmVmN2N1BpS3VnVHB3b010RTc0dE5OIiwibWFjIjoiMWJiN2MxNjJkOTY2MDA0NzdiOGZhNDgxMjUzMDA3Y2YyM2ZlNDI5YWExZGE3MDViNmQ4YjExZjMwMTkwZGE5ZCIsInRhZyI6IiJ9; HttpOnly; SameSite=Lax; Secure; Path=/; Max-Age=7200; Expires=Mon, 27 Oct 2025 06:52:32 GMT', 'CF-RAY': '994f95a65a4c99a9-SIN', 'alt-svc': 'h3=":443"; ma=86400'} 
 body={"current_page":1,"data":[{"fact":"Unlike dogs, cats do not have a sweet tooth. Scientists believe this is due to a mutation in a key taste receptor.","length":114},{"fact":"When a cat chases its prey, it keeps its head level. Dogs and humans bob their heads up and down.","length":97},{"fact":"The technical term for a cat\u2019s hairball is a \u201cbezoar.\u201d","length":54},{"fact":"A group of cats is called a \u201cclowder.\u201d","length":38},{"fact":"A cat can\u2019t climb head first down a tree because every claw on a cat\u2019s paw points the same way. To get down from a tree, a cat must back down.","length":142},{"fact":"Cats make about 100 different sounds. Dogs make only about 10.","length":62},{"fact":"Every year, nearly four million cats are eaten in Asia.","length":55},{"fact":"There are more than 500 million domestic cats in the world, with approximately 40 recognized breeds.","length":100},{"fact":"Approximately 24 cat skins can make a coat.","length":43},{"fact":"While it is commonly thought that the ancient Egyptians were the first to domesticate cats, the oldest known pet cat was recently found in a 9,500-year-old grave on the Mediterranean island of Cyprus. This grave predates early Egyptian art depicting cats by 4,000 years or more.","length":278},{"fact":"During the time of the Spanish Inquisition, Pope Innocent VIII condemned cats as evil and thousands of cats were burned. Unfortunately, the widespread killing of cats led to an explosion of the rat population, which exacerbated the effects of the Black Death.","length":259},{"fact":"During the Middle Ages, cats were associated with withcraft, and on St. John\u2019s Day, people all over Europe would stuff them into sacks and toss the cats into bonfires. On holy days, people celebrated by tossing cats from church towers.","length":235},{"fact":"The first cat in space was a French cat named Felicette (a.k.a. \u201cAstrocat\u201d) In 1963, France blasted the cat into outer space. Electrodes implanted in her brains sent neurological signals back to Earth. She survived the trip.","length":224},{"fact":"The group of words associated with cat (catt,\u00a0cath,\u00a0chat,\u00a0katze) stem from the Latin\u00a0catus, meaning domestic cat, as opposed to\u00a0feles, or wild cat.","length":147},{"fact":"The term \u201cpuss\u201d is the root of the principal word for \u201ccat\u201d in the Romanian term pisica and the root of secondary words in Lithuanian (puz) and Low German\u00a0puus. Some scholars suggest that \u201cpuss\u201d could be imitative of the hissing sound used to get a cat\u2019s attention. As a slang word for the female pudenda, it could be associated with the connotation of a cat being soft, warm, and fuzzy.","length":387},{"fact":"Approximately 40,000 people are bitten by cats in the U.S. annually.","length":68},{"fact":"Cats are the world's most popular pets, outnumbering dogs by as many as three to one","length":84},{"fact":"Cats are North America\u2019s most popular pets: there are 73 million cats compared to 63 million dogs. Over 30% of households in North America own a cat.","length":149},{"fact":"According to Hebrew legend, Noah prayed to God for help protecting all the food he stored on the ark from being eaten by rats. In reply, God made the lion sneeze, and out popped a cat.","length":184},{"fact":"A cat\u2019s hearing is better than a dog\u2019s. And a cat can hear high-frequency sounds up to two octaves higher than a human.","length":119},{"fact":"A cat can travel at a top speed of approximately 31 mph (49 km) over a short distance.","length":86},{"fact":"A cat rubs against people not only to be affectionate but also to mark out its territory with scent glands around its face. The tail area and paws also carry the cat\u2019s scent.","length":174},{"fact":"Researchers are unsure exactly how a cat purrs. Most veterinarians believe that a cat purrs by vibrating vocal folds deep in the throat. To do this, a muscle in the larynx opens and closes the air passage about 25 times per second.","length":231},{"fact":"When a family cat died in ancient Egypt, family members would mourn by shaving off their eyebrows. They also held elaborate funerals during which they drank wine and beat their breasts. The cat was embalmed with a sculpted wooden mask and the tiny mummy was placed in the family tomb or in a pet cemetery with tiny mummies of mice.","length":331},{"fact":"In 1888, more than 300,000 mummified cats were found an Egyptian cemetery. They were stripped of their wrappings and carted off to be used by farmers in England and the U.S. for fertilizer.","length":189},{"fact":"Most cats give birth to a litter of between one and nine kittens. The largest known litter ever produced was 19 kittens, of which 15 survived.","length":142},{"fact":"Smuggling a cat out of ancient Egypt was punishable by death. Phoenician traders eventually succeeded in smuggling felines, which they sold to rich people in Athens and other important cities.","length":192},{"fact":"The earliest ancestor of the modern cat lived about 30 million years ago. Scientists called it the\u00a0Proailurus, which means \u201cfirst cat\u201d in Greek. The group of animals that pet cats belong to emerged around 12 million years ago.","length":226},{"fact":"The biggest wildcat today is the Siberian Tiger. It can be more than 12 feet (3.6 m) long (about the size of a small car) and weigh up to 700 pounds (317 kg).","length":158},{"fact":"Cats have 300 million neurons; dogs have about 160 million","length":58},{"fact":"A cat\u2019s brain is biologically more similar to a human brain than it is to a dog\u2019s. Both humans and cats have identical regions in their brains that are responsible for emotions.","length":177},{"fact":"Many Egyptians worshipped the goddess Bast, who had a woman\u2019s body and a cat\u2019s head.","length":84},{"fact":"Mohammed loved cats and reportedly his favorite cat, Muezza, was a tabby. Legend says that tabby cats have an \u201cM\u201d for Mohammed on top of their heads because Mohammad would often rest his hand on the cat\u2019s head.","length":210},{"fact":"While many parts of Europe and North America consider the black cat a sign of bad luck, in Britain and Australia, black cats are considered lucky.","length":146},{"fact":"The most popular pedigreed cat is the Persian cat, followed by the Main Coon cat and the Siamese cat.","length":101},{"fact":"The smallest pedigreed cat is a Singapura, which can weigh just 4 lbs (1.8 kg), or about five large cans of cat food. The largest pedigreed cats are Maine Coon cats, which can weigh 25 lbs (11.3 kg), or nearly twice as much as an average cat weighs.","length":249},{"fact":"Some cats have survived falls of over 65 feet (20 meters), due largely to their \u201crighting reflex.\u201d The eyes and balance organs in the inner ear tell it where it is in space so the cat can land on its feet. Even cats without a tail have this ability.","length":249},{"fact":"Some Siamese cats appear cross-eyed because the nerves from the left side of the brain go to mostly the right eye and the nerves from the right side of the brain go mostly to the left eye. This causes some double vision, which the cat tries to correct by \u201ccrossing\u201d its eyes.","length":275},{"fact":"Researchers believe the word \u201ctabby\u201d comes from Attabiyah, a neighborhood in Baghdad, Iraq. Tabbies got their name because their striped coats resembled the famous wavy patterns in the silk produced in this city.","length":212},{"fact":"Cats have \"nine lives\" thanks to a flexible spine and powerful leg and back muscles","length":83},{"fact":"A cat can jump up to five times its own height in a single bound.","length":65},{"fact":"Cats hate the water because their fur does not insulate well when it\u2019s wet. The Turkish Van, however, is one cat that likes swimming. Bred in central Asia, its coat has a unique texture that makes it water resistant.","length":216},{"fact":"The Egyptian Mau is probably the oldest breed of cat. In fact, the breed is so ancient that its name is the Egyptian word for \u201ccat.\u201d","length":132},{"fact":"The first commercially cloned pet was a cat named \"Little Nicky.\" He cost his owner $50,000, making him one of the most expensive cats ever.","length":140},{"fact":"A cat usually has about 12 whiskers on each side of its face.","length":61},{"fact":"A cat\u2019s eyesight is both better and worse than humans. It is better because cats can see in much dimmer light and they have a wider peripheral view. It\u2019s worse because they don\u2019t see color as well as humans do. Scientists believe grass appears red to cats.","length":256},{"fact":"Spanish-Jewish folklore recounts that Adam\u2019s first wife, Lilith, became a black vampire cat, sucking the blood from sleeping babies. This may be the root of the superstition that a cat will smother a sleeping baby or suck out the child\u2019s breath.","length":245},{"fact":"Perhaps the most famous comic cat is the Cheshire Cat in Lewis Carroll\u2019s Alice in Wonderland. With the ability to disappear, this mysterious character embodies the magic and sorcery historically associated with cats.","length":216},{"fact":"The smallest wildcat today is the Black-footed cat. The females are less than 20 inches (50 cm) long and can weigh as little as 2.5 lbs (1.2 kg).","length":145},{"fact":"On average, cats spend 2\/3 of every day sleeping. That means a nine-year-old cat has been awake for only three years of its life.","length":129},{"fact":"In the original Italian version of Cinderella, the benevolent fairy godmother figure was a cat.","length":95},{"fact":"The little tufts of hair in a cat\u2019s ear that help keep out dirt direct sounds into the ear, and insulate the ears are called \u201cear furnishings.\u201d","length":143},{"fact":"The ability of a cat to find its way home is called \u201cpsi-traveling.\u201d Experts think cats either use the angle of the sunlight to find th... (set the log level to DEBUG or TRACE to see the full content) 
 </msg>
<msg time="2025-10-27T05:52:32.143085" level="INFO">C:\Users\dolap\AppData\Roaming\Python\Python312\site-packages\urllib3\connectionpool.py:1097: InsecureRequestWarning: Unverified HTTPS request is being made to host 'catfact.ninja'. Adding certificate verification is strongly advised. See: https://urllib3.readthedocs.io/en/latest/advanced-usage.html#tls-warnings
  warnings.warn(</msg>
<msg time="2025-10-27T05:52:32.143085" level="INFO">${response} = &lt;Response [200]&gt;</msg>
<var>${response}</var>
<arg>catfact</arg>
<arg>/facts</arg>
<arg>params=${params}</arg>
<doc>Sends a GET request on a previously created HTTP Session.</doc>
<status status="PASS" start="2025-10-27T05:52:31.761224" elapsed="0.381861"/>
</kw>
<kw name="Log To Console" owner="BuiltIn">
<arg>\n[REQUEST] GET /facts?limit=${limit}</arg>
<doc>Logs the given message to the console.</doc>
<status status="PASS" start="2025-10-27T05:52:32.143085" elapsed="0.000000"/>
</kw>
<kw name="Log To Console" owner="BuiltIn">
<arg>Status: ${response.status_code}</arg>
<doc>Logs the given message to the console.</doc>
<status status="PASS" start="2025-10-27T05:52:32.143085" elapsed="0.000000"/>
</kw>
<return>
<value>${response}</value>
<status status="PASS" start="2025-10-27T05:52:32.143085" elapsed="0.000000"/>
</return>
<msg time="2025-10-27T05:52:32.143085" level="INFO">${response} = &lt;Response [200]&gt;</msg>
<var>${response}</var>
<arg>${LIMIT}</arg>
<doc>Perform GET request to /facts endpoint with a limit parameter</doc>
<status status="PASS" start="2025-10-27T05:52:31.761224" elapsed="0.381861"/>
</kw>
<kw name="Should Be Equal As Integers" owner="BuiltIn">
<msg time="2025-10-27T05:52:32.147171" level="INFO">Argument types are:
&lt;class 'int'&gt;
&lt;class 'str'&gt;</msg>
<arg>${response.status_code}</arg>
<arg>200</arg>
<doc>Fails if objects are unequal after converting them to integers.</doc>
<status status="PASS" start="2025-10-27T05:52:32.143085" elapsed="0.004086"/>
</kw>
<kw name="Set Variable" owner="BuiltIn">
<msg time="2025-10-27T05:52:32.147171" level="INFO">${json} = {'current_page': 1, 'data': [{'fact': 'Unlike dogs, cats do not have a sweet tooth. Scientists believe this is due to a mutation in a key taste receptor.', 'length': 114}, {'fact': 'When a cat chases ...</msg>
<var>${json}</var>
<arg>${response.json()}</arg>
<doc>Returns the given values which can then be assigned to a variables.</doc>
<status status="PASS" start="2025-10-27T05:52:32.147171" elapsed="0.000000"/>
</kw>
<kw name="Dictionary Should Contain Key" owner="Collections">
<arg>${json}</arg>
<arg>data</arg>
<doc>Fails if ``key`` is not found from ``dictionary``.</doc>
<status status="PASS" start="2025-10-27T05:52:32.149565" elapsed="0.000000"/>
</kw>
<kw name="Dictionary Should Contain Key" owner="Collections">
<arg>${json}</arg>
<arg>total</arg>
<doc>Fails if ``key`` is not found from ``dictionary``.</doc>
<status status="PASS" start="2025-10-27T05:52:32.149565" elapsed="0.000000"/>
</kw>
<kw name="Dictionary Should Contain Key" owner="Collections">
<arg>${json}</arg>
<arg>per_page</arg>
<doc>Fails if ``key`` is not found from ``dictionary``.</doc>
<status status="PASS" start="2025-10-27T05:52:32.149565" elapsed="0.000000"/>
</kw>
<kw name="Dictionary Should Contain Key" owner="Collections">
<arg>${json}</arg>
<arg>last_page</arg>
<doc>Fails if ``key`` is not found from ``dictionary``.</doc>
<status status="PASS" start="2025-10-27T05:52:32.149565" elapsed="0.000000"/>
</kw>
<kw name="Set Variable" owner="BuiltIn">
<msg time="2025-10-27T05:52:32.149565" level="INFO">${data} = [{'fact': 'Unlike dogs, cats do not have a sweet tooth. Scientists believe this is due to a mutation in a key taste receptor.', 'length': 114}, {'fact': 'When a cat chases its prey, it keeps its head ...</msg>
<var>${data}</var>
<arg>${json['data']}</arg>
<doc>Returns the given values which can then be assigned to a variables.</doc>
<status status="PASS" start="2025-10-27T05:52:32.149565" elapsed="0.000000"/>
</kw>
<kw name="Should Be True" owner="BuiltIn">
<arg>isinstance(${data}, list)</arg>
<doc>Fails if the given condition is not true.</doc>
<status status="PASS" start="2025-10-27T05:52:32.149565" elapsed="0.003420"/>
</kw>
<kw name="Should Be True" owner="BuiltIn">
<arg>${json['total']} &gt;= 0</arg>
<doc>Fails if the given condition is not true.</doc>
<status status="PASS" start="2025-10-27T05:52:32.152985" elapsed="0.006507"/>
</kw>
<kw name="Evaluate" owner="BuiltIn">
<msg time="2025-10-27T05:52:32.159492" level="INFO">${effective_limit} = 116</msg>
<var>${effective_limit}</var>
<arg>${LIMIT} if ${LIMIT} &gt; 0 else 10</arg>
<doc>Evaluates the given expression in Python and returns the result.</doc>
<status status="PASS" start="2025-10-27T05:52:32.159492" elapsed="0.000000"/>
</kw>
<kw name="Should Be Equal As Integers" owner="BuiltIn">
<arg>${json['per_page']}</arg>
<arg>${effective_limit}</arg>
<doc>Fails if objects are unequal after converting them to integers.</doc>
<status status="PASS" start="2025-10-27T05:52:32.159492" elapsed="0.000000"/>
</kw>
<for flavor="IN">
<iter>
<kw name="Validate Cat Fact Schema" owner="api_keywords">
<kw name="Dictionary Should Contain Key" owner="Collections">
<arg>${item}</arg>
<arg>fact</arg>
<doc>Fails if ``key`` is not found from ``dictionary``.</doc>
<status status="PASS" start="2025-10-27T05:52:32.159492" elapsed="0.000000"/>
</kw>
<kw name="Dictionary Should Contain Key" owner="Collections">
<arg>${item}</arg>
<arg>length</arg>
<doc>Fails if ``key`` is not found from ``dictionary``.</doc>
<status status="PASS" start="2025-10-27T05:52:32.159492" elapsed="0.000000"/>
</kw>
<kw name="Set Variable" owner="BuiltIn">
<msg time="2025-10-27T05:52:32.159492" level="INFO">${fact} = Unlike dogs, cats do not have a sweet tooth. Scientists believe this is due to a mutation in a key taste receptor.</msg>
<var>${fact}</var>
<arg>${item['fact']}</arg>
<doc>Returns the given values which can then be assigned to a variables.</doc>
<status status="PASS" start="2025-10-27T05:52:32.159492" elapsed="0.000000"/>
</kw>
<kw name="Evaluate" owner="BuiltIn">
<msg time="2025-10-27T05:52:32.159492" level="INFO">${is_str} = True</msg>
<var>${is_str}</var>
<arg>isinstance($fact, str)</arg>
<doc>Evaluates the given expression in Python and returns the result.</doc>
<status status="PASS" start="2025-10-27T05:52:32.159492" elapsed="0.000000"/>
</kw>
<kw name="Should Be True" owner="BuiltIn">
<arg>${is_str}</arg>
<doc>Fails if the given condition is not true.</doc>
<status status="PASS" start="2025-10-27T05:52:32.159492" elapsed="0.000000"/>
</kw>
<kw name="Set Variable" owner="BuiltIn">
<msg time="2025-10-27T05:52:32.159492" level="INFO">${length} = 114</msg>
<var>${length}</var>
<arg>${item['length']}</arg>
<doc>Returns the given values which can then be assigned to a variables.</doc>
<status status="PASS" start="2025-10-27T05:52:32.159492" elapsed="0.000000"/>
</kw>
<kw name="Evaluate" owner="BuiltIn">
<msg time="2025-10-27T05:52:32.159492" level="INFO">${is_int} = True</msg>
<var>${is_int}</var>
<arg>isinstance($length, int)</arg>
<doc>Evaluates the given expression in Python and returns the result.</doc>
<status status="PASS" start="2025-10-27T05:52:32.159492" elapsed="0.000000"/>
</kw>
<kw name="Should Be True" owner="BuiltIn">
<arg>${is_int}</arg>
<doc>Fails if the given condition is not true.</doc>
<status status="PASS" start="2025-10-27T05:52:32.159492" elapsed="0.000000"/>
</kw>
<kw name="Evaluate" owner="BuiltIn">
<msg time="2025-10-27T05:52:32.159492" level="INFO">${fact_len} = 114</msg>
<var>${fact_len}</var>
<arg>len($fact)</arg>
<doc>Evaluates the given expression in Python and returns the result.</doc>
<status status="PASS" start="2025-10-27T05:52:32.159492" elapsed="0.000000"/>
</kw>
<kw name="Run Keyword If" owner="BuiltIn">
<arg>${length} != ${fact_len}</arg>
<arg>Log</arg>
<arg>Length mismatch! Expected: ${length}, Actual: ${fact_len}, Fact: ${fact}</arg>
<doc>Runs the given keyword with the given arguments, if ``condition`` is true.</doc>
<status status="PASS" start="2025-10-27T05:52:32.159492" elapsed="0.000000"/>
</kw>
<kw name="Should Be Equal As Integers" owner="BuiltIn">
<arg>${length}</arg>
<arg>${fact_len}</arg>
<doc>Fails if objects are unequal after converting them to integers.</doc>
<status status="PASS" start="2025-10-27T05:52:32.159492" elapsed="0.000000"/>
</kw>
<arg>${item}</arg>
<doc>Validate structure and consistency of a single cat fact item.</doc>
<status status="PASS" start="2025-10-27T05:52:32.159492" elapsed="0.000000"/>
</kw>
<var name="${item}">{'fact': 'Unlike dogs, cats do not have a sweet tooth. Scientists believe this is due to a mutation in a key taste receptor.', 'length': 114}</var>
<status status="PASS" start="2025-10-27T05:52:32.159492" elapsed="0.000000"/>
</iter>
<iter>
<kw name="Validate Cat Fact Schema" owner="api_keywords">
<kw name="Dictionary Should Contain Key" owner="Collections">
<arg>${item}</arg>
<arg>fact</arg>
<doc>Fails if ``key`` is not found from ``dictionary``.</doc>
<status status="PASS" start="2025-10-27T05:52:32.159492" elapsed="0.000000"/>
</kw>
<kw name="Dictionary Should Contain Key" owner="Collections">
<arg>${item}</arg>
<arg>length</arg>
<doc>Fails if ``key`` is not found from ``dictionary``.</doc>
<status status="PASS" start="2025-10-27T05:52:32.159492" elapsed="0.000000"/>
</kw>
<kw name="Set Variable" owner="BuiltIn">
<msg time="2025-10-27T05:52:32.159492" level="INFO">${fact} = When a cat chases its prey, it keeps its head level. Dogs and humans bob their heads up and down.</msg>
<var>${fact}</var>
<arg>${item['fact']}</arg>
<doc>Returns the given values which can then be assigned to a variables.</doc>
<status status="PASS" start="2025-10-27T05:52:32.159492" elapsed="0.000000"/>
</kw>
<kw name="Evaluate" owner="BuiltIn">
<msg time="2025-10-27T05:52:32.159492" level="INFO">${is_str} = True</msg>
<var>${is_str}</var>
<arg>isinstance($fact, str)</arg>
<doc>Evaluates the given expression in Python and returns the result.</doc>
<status status="PASS" start="2025-10-27T05:52:32.159492" elapsed="0.000000"/>
</kw>
<kw name="Should Be True" owner="BuiltIn">
<arg>${is_str}</arg>
<doc>Fails if the given condition is not true.</doc>
<status status="PASS" start="2025-10-27T05:52:32.159492" elapsed="0.000000"/>
</kw>
<kw name="Set Variable" owner="BuiltIn">
<msg time="2025-10-27T05:52:32.159492" level="INFO">${length} = 97</msg>
<var>${length}</var>
<arg>${item['length']}</arg>
<doc>Returns the given values which can then be assigned to a variables.</doc>
<status status="PASS" start="2025-10-27T05:52:32.159492" elapsed="0.000000"/>
</kw>
<kw name="Evaluate" owner="BuiltIn">
<msg time="2025-10-27T05:52:32.159492" level="INFO">${is_int} = True</msg>
<var>${is_int}</var>
<arg>isinstance($length, int)</arg>
<doc>Evaluates the given expression in Python and returns the result.</doc>
<status status="PASS" start="2025-10-27T05:52:32.159492" elapsed="0.000000"/>
</kw>
<kw name="Should Be True" owner="BuiltIn">
<arg>${is_int}</arg>
<doc>Fails if the given condition is not true.</doc>
<status status="PASS" start="2025-10-27T05:52:32.159492" elapsed="0.000000"/>
</kw>
<kw name="Evaluate" owner="BuiltIn">
<msg time="2025-10-27T05:52:32.159492" level="INFO">${fact_len} = 97</msg>
<var>${fact_len}</var>
<arg>len($fact)</arg>
<doc>Evaluates the given expression in Python and returns the result.</doc>
<status status="PASS" start="2025-10-27T05:52:32.159492" elapsed="0.000000"/>
</kw>
<kw name="Run Keyword If" owner="BuiltIn">
<arg>${length} != ${fact_len}</arg>
<arg>Log</arg>
<arg>Length mismatch! Expected: ${length}, Actual: ${fact_len}, Fact: ${fact}</arg>
<doc>Runs the given keyword with the given arguments, if ``condition`` is true.</doc>
<status status="PASS" start="2025-10-27T05:52:32.159492" elapsed="0.000000"/>
</kw>
<kw name="Should Be Equal As Integers" owner="BuiltIn">
<arg>${length}</arg>
<arg>${fact_len}</arg>
<doc>Fails if objects are unequal after converting them to integers.</doc>
<status status="PASS" start="2025-10-27T05:52:32.159492" elapsed="0.000000"/>
</kw>
<arg>${item}</arg>
<doc>Validate structure and consistency of a single cat fact item.</doc>
<status status="PASS" start="2025-10-27T05:52:32.159492" elapsed="0.000000"/>
</kw>
<var name="${item}">{'fact': 'When a cat chases its prey, it keeps its head level. Dogs and humans bob their heads up and down.', 'length': 97}</var>
<status status="PASS" start="2025-10-27T05:52:32.159492" elapsed="0.000000"/>
</iter>
<iter>
<kw name="Validate Cat Fact Schema" owner="api_keywords">
<kw name="Dictionary Should Contain Key" owner="Collections">
<arg>${item}</arg>
<arg>fact</arg>
<doc>Fails if ``key`` is not found from ``dictionary``.</doc>
<status status="PASS" start="2025-10-27T05:52:32.168928" elapsed="0.000000"/>
</kw>
<kw name="Dictionary Should Contain Key" owner="Collections">
<arg>${item}</arg>
<arg>length</arg>
<doc>Fails if ``key`` is not found from ``dictionary``.</doc>
<status status="PASS" start="2025-10-27T05:52:32.168928" elapsed="0.000000"/>
</kw>
<kw name="Set Variable" owner="BuiltIn">
<msg time="2025-10-27T05:52:32.168928" level="INFO">${fact} = The technical term for a cat’s hairball is a “bezoar.”</msg>
<var>${fact}</var>
<arg>${item['fact']}</arg>
<doc>Returns the given values which can then be assigned to a variables.</doc>
<status status="PASS" start="2025-10-27T05:52:32.168928" elapsed="0.000000"/>
</kw>
<kw name="Evaluate" owner="BuiltIn">
<msg time="2025-10-27T05:52:32.168928" level="INFO">${is_str} = True</msg>
<var>${is_str}</var>
<arg>isinstance($fact, str)</arg>
<doc>Evaluates the given expression in Python and returns the result.</doc>
<status status="PASS" start="2025-10-27T05:52:32.168928" elapsed="0.000000"/>
</kw>
<kw name="Should Be True" owner="BuiltIn">
<arg>${is_str}</arg>
<doc>Fails if the given condition is not true.</doc>
<status status="PASS" start="2025-10-27T05:52:32.168928" elapsed="0.000000"/>
</kw>
<kw name="Set Variable" owner="BuiltIn">
<msg time="2025-10-27T05:52:32.168928" level="INFO">${length} = 54</msg>
<var>${length}</var>
<arg>${item['length']}</arg>
<doc>Returns the given values which can then be assigned to a variables.</doc>
<status status="PASS" start="2025-10-27T05:52:32.168928" elapsed="0.000000"/>
</kw>
<kw name="Evaluate" owner="BuiltIn">
<msg time="2025-10-27T05:52:32.168928" level="INFO">${is_int} = True</msg>
<var>${is_int}</var>
<arg>isinstance($length, int)</arg>
<doc>Evaluates the given expression in Python and returns the result.</doc>
<status status="PASS" start="2025-10-27T05:52:32.168928" elapsed="0.000000"/>
</kw>
<kw name="Should Be True" owner="BuiltIn">
<arg>${is_int}</arg>
<doc>Fails if the given condition is not true.</doc>
<status status="PASS" start="2025-10-27T05:52:32.168928" elapsed="0.000000"/>
</kw>
<kw name="Evaluate" owner="BuiltIn">
<msg time="2025-10-27T05:52:32.168928" level="INFO">${fact_len} = 54</msg>
<var>${fact_len}</var>
<arg>len($fact)</arg>
<doc>Evaluates the given expression in Python and returns the result.</doc>
<status status="PASS" start="2025-10-27T05:52:32.168928" elapsed="0.000000"/>
</kw>
<kw name="Run Keyword If" owner="BuiltIn">
<arg>${length} != ${fact_len}</arg>
<arg>Log</arg>
<arg>Length mismatch! Expected: ${length}, Actual: ${fact_len}, Fact: ${fact}</arg>
<doc>Runs the given keyword with the given arguments, if ``condition`` is true.</doc>
<status status="PASS" start="2025-10-27T05:52:32.168928" elapsed="0.000000"/>
</kw>
<kw name="Should Be Equal As Integers" owner="BuiltIn">
<arg>${length}</arg>
<arg>${fact_len}</arg>
<doc>Fails if objects are unequal after converting them to integers.</doc>
<status status="PASS" start="2025-10-27T05:52:32.168928" elapsed="0.000000"/>
</kw>
<arg>${item}</arg>
<doc>Validate structure and consistency of a single cat fact item.</doc>
<status status="PASS" start="2025-10-27T05:52:32.159492" elapsed="0.009436"/>
</kw>
<var name="${item}">{'fact': 'The technical term for a cat’s hairball is a “bezoar.”', 'length': 54}</var>
<status status="PASS" start="2025-10-27T05:52:32.159492" elapsed="0.009436"/>
</iter>
<iter>
<kw name="Validate Cat Fact Schema" owner="api_keywords">
<kw name="Dictionary Should Contain Key" owner="Collections">
<arg>${item}</arg>
<arg>fact</arg>
<doc>Fails if ``key`` is not found from ``dictionary``.</doc>
<status status="PASS" start="2025-10-27T05:52:32.168928" elapsed="0.000000"/>
</kw>
<kw name="Dictionary Should Contain Key" owner="Collections">
<arg>${item}</arg>
<arg>length</arg>
<doc>Fails if ``key`` is not found from ``dictionary``.</doc>
<status status="PASS" start="2025-10-27T05:52:32.168928" elapsed="0.000000"/>
</kw>
<kw name="Set Variable" owner="BuiltIn">
<msg time="2025-10-27T05:52:32.168928" level="INFO">${fact} = A group of cats is called a “clowder.”</msg>
<var>${fact}</var>
<arg>${item['fact']}</arg>
<doc>Returns the given values which can then be assigned to a variables.</doc>
<status status="PASS" start="2025-10-27T05:52:32.168928" elapsed="0.000000"/>
</kw>
<kw name="Evaluate" owner="BuiltIn">
<msg time="2025-10-27T05:52:32.168928" level="INFO">${is_str} = True</msg>
<var>${is_str}</var>
<arg>isinstance($fact, str)</arg>
<doc>Evaluates the given expression in Python and returns the result.</doc>
<status status="PASS" start="2025-10-27T05:52:32.168928" elapsed="0.000000"/>
</kw>
<kw name="Should Be True" owner="BuiltIn">
<arg>${is_str}</arg>
<doc>Fails if the given condition is not true.</doc>
<status status="PASS" start="2025-10-27T05:52:32.168928" elapsed="0.000000"/>
</kw>
<kw name="Set Variable" owner="BuiltIn">
<msg time="2025-10-27T05:52:32.168928" level="INFO">${length} = 38</msg>
<var>${length}</var>
<arg>${item['length']}</arg>
<doc>Returns the given values which can then be assigned to a variables.</doc>
<status status="PASS" start="2025-10-27T05:52:32.168928" elapsed="0.000000"/>
</kw>
<kw name="Evaluate" owner="BuiltIn">
<msg time="2025-10-27T05:52:32.168928" level="INFO">${is_int} = True</msg>
<var>${is_int}</var>
<arg>isinstance($length, int)</arg>
<doc>Evaluates the given expression in Python and returns the result.</doc>
<status status="PASS" start="2025-10-27T05:52:32.168928" elapsed="0.000000"/>
</kw>
<kw name="Should Be True" owner="BuiltIn">
<arg>${is_int}</arg>
<doc>Fails if the given condition is not true.</doc>
<status status="PASS" start="2025-10-27T05:52:32.168928" elapsed="0.000000"/>
</kw>
<kw name="Evaluate" owner="BuiltIn">
<msg time="2025-10-27T05:52:32.168928" level="INFO">${fact_len} = 38</msg>
<var>${fact_len}</var>
<arg>len($fact)</arg>
<doc>Evaluates the given expression in Python and returns the result.</doc>
<status status="PASS" start="2025-10-27T05:52:32.168928" elapsed="0.000000"/>
</kw>
<kw name="Run Keyword If" owner="BuiltIn">
<arg>${length} != ${fact_len}</arg>
<arg>Log</arg>
<arg>Length mismatch! Expected: ${length}, Actual: ${fact_len}, Fact: ${fact}</arg>
<doc>Runs the given keyword with the given arguments, if ``condition`` is true.</doc>
<status status="PASS" start="2025-10-27T05:52:32.168928" elapsed="0.000000"/>
</kw>
<kw name="Should Be Equal As Integers" owner="BuiltIn">
<arg>${length}</arg>
<arg>${fact_len}</arg>
<doc>Fails if objects are unequal after converting them to integers.</doc>
<status status="PASS" start="2025-10-27T05:52:32.168928" elapsed="0.000000"/>
</kw>
<arg>${item}</arg>
<doc>Validate structure and consistency of a single cat fact item.</doc>
<status status="PASS" start="2025-10-27T05:52:32.168928" elapsed="0.000000"/>
</kw>
<var name="${item}">{'fact': 'A group of cats is called a “clowder.”', 'length': 38}</var>
<status status="PASS" start="2025-10-27T05:52:32.168928" elapsed="0.000000"/>
</iter>
<iter>
<kw name="Validate Cat Fact Schema" owner="api_keywords">
<kw name="Dictionary Should Contain Key" owner="Collections">
<arg>${item}</arg>
<arg>fact</arg>
<doc>Fails if ``key`` is not found from ``dictionary``.</doc>
<status status="PASS" start="2025-10-27T05:52:32.168928" elapsed="0.000000"/>
</kw>
<kw name="Dictionary Should Contain Key" owner="Collections">
<arg>${item}</arg>
<arg>length</arg>
<doc>Fails if ``key`` is not found from ``dictionary``.</doc>
<status status="PASS" start="2025-10-27T05:52:32.176374" elapsed="0.000000"/>
</kw>
<kw name="Set Variable" owner="BuiltIn">
<msg time="2025-10-27T05:52:32.176374" level="INFO">${fact} = A cat can’t climb head first down a tree because every claw on a cat’s paw points the same way. To get down from a tree, a cat must back down.</msg>
<var>${fact}</var>
<arg>${item['fact']}</arg>
<doc>Returns the given values which can then be assigned to a variables.</doc>
<status status="PASS" start="2025-10-27T05:52:32.176374" elapsed="0.000000"/>
</kw>
<kw name="Evaluate" owner="BuiltIn">
<msg time="2025-10-27T05:52:32.176374" level="INFO">${is_str} = True</msg>
<var>${is_str}</var>
<arg>isinstance($fact, str)</arg>
<doc>Evaluates the given expression in Python and returns the result.</doc>
<status status="PASS" start="2025-10-27T05:52:32.176374" elapsed="0.000000"/>
</kw>
<kw name="Should Be True" owner="BuiltIn">
<arg>${is_str}</arg>
<doc>Fails if the given condition is not true.</doc>
<status status="PASS" start="2025-10-27T05:52:32.176374" elapsed="0.000000"/>
</kw>
<kw name="Set Variable" owner="BuiltIn">
<msg time="2025-10-27T05:52:32.176374" level="INFO">${length} = 142</msg>
<var>${length}</var>
<arg>${item['length']}</arg>
<doc>Returns the given values which can then be assigned to a variables.</doc>
<status status="PASS" start="2025-10-27T05:52:32.176374" elapsed="0.000000"/>
</kw>
<kw name="Evaluate" owner="BuiltIn">
<msg time="2025-10-27T05:52:32.176374" level="INFO">${is_int} = True</msg>
<var>${is_int}</var>
<arg>isinstance($length, int)</arg>
<doc>Evaluates the given expression in Python and returns the result.</doc>
<status status="PASS" start="2025-10-27T05:52:32.176374" elapsed="0.000000"/>
</kw>
<kw name="Should Be True" owner="BuiltIn">
<arg>${is_int}</arg>
<doc>Fails if the given condition is not true.</doc>
<status status="PASS" start="2025-10-27T05:52:32.176374" elapsed="0.000000"/>
</kw>
<kw name="Evaluate" owner="BuiltIn">
<msg time="2025-10-27T05:52:32.176374" level="INFO">${fact_len} = 142</msg>
<var>${fact_len}</var>
<arg>len($fact)</arg>
<doc>Evaluates the given expression in Python and returns the result.</doc>
<status status="PASS" start="2025-10-27T05:52:32.176374" elapsed="0.000000"/>
</kw>
<kw name="Run Keyword If" owner="BuiltIn">
<arg>${length} != ${fact_len}</arg>
<arg>Log</arg>
<arg>Length mismatch! Expected: ${length}, Actual: ${fact_len}, Fact: ${fact}</arg>
<doc>Runs the given keyword with the given arguments, if ``condition`` is true.</doc>
<status status="PASS" start="2025-10-27T05:52:32.176374" elapsed="0.000000"/>
</kw>
<kw name="Should Be Equal As Integers" owner="BuiltIn">
<arg>${length}</arg>
<arg>${fact_len}</arg>
<doc>Fails if objects are unequal after converting them to integers.</doc>
<status status="PASS" start="2025-10-27T05:52:32.176374" elapsed="0.000000"/>
</kw>
<arg>${item}</arg>
<doc>Validate structure and consistency of a single cat fact item.</doc>
<status status="PASS" start="2025-10-27T05:52:32.168928" elapsed="0.007446"/>
</kw>
<var name="${item}">{'fact': 'A cat can’t climb head first down a tree because every claw on a cat’s paw points the same way. To get down from a tree, a cat must back down.', 'length': 142}</var>
[...]
 body={"current_page":1,"data":[{"fact":"Unlike dogs, cats do not have a sweet tooth. Scientists believe this is due to a mutation in a key taste receptor.","length":114},{"fact":"When a cat chases its prey, it keeps its head level. Dogs and humans bob their heads up and down.","length":97},{"fact":"The technical term for a cat\u2019s hairball is a \u201cbezoar.\u201d","length":54},{"fact":"A group of cats is called a \u201cclowder.\u201d","length":38},{"fact":"A cat can\u2019t climb head first down a tree because every claw on a cat\u2019s paw points the same way. To get down from a tree, a cat must back down.","length":142},{"fact":"Cats make about 100 different sounds. Dogs make only about 10.","length":62},{"fact":"Every year, nearly four million cats are eaten in Asia.","length":55},{"fact":"There are more than 500 million domestic cats in the world, with approximately 40 recognized breeds.","length":100},{"fact":"Approximately 24 cat skins can make a coat.","length":43},{"fact":"While it is commonly thought that the ancient Egyptians were the first to domesticate cats, the oldest known pet cat was recently found in a 9,500-year-old grave on the Mediterranean island of Cyprus. This grave predates early Egyptian art depicting cats by 4,000 years or more.","length":278}],"first_page_url":"https:\/\/catfact.ninja\/facts?page=1","from":1,"last_page":34,"last_page_url":"https:\/\/catfact.ninja\/facts?page=34","links":[{"url":null,"label":"Previous","active":false},{"url":"https:\/\/catfact.ninja\/facts?page=1","label":"1","active":true},{"url":"https:\/\/catfact.ninja\/facts?page=2","label":"2","active":false},{"url":"https:\/\/catfact.ninja\/facts?page=3","label":"3","active":false},{"url":"https:\/\/catfact.ninja\/facts?page=4","label":"4","active":false},{"url":"https:\/\/catfact.ninja\/facts?page=5","label":"5","active":false},{"url":"https:\/\/catfact.ninja\/facts?page=6","label":"6","active":false},{"url":"https:\/\/catfact.ninja\/facts?page=7","label":"7","active":false},{"url":"https:\/\/catfact.ninja\/facts?page=8","label":"8","active":false},{"url":"https:\/\/catfact.ninja\/facts?page=9","label":"9","active":false},{"url":"https:\/\/catfact.ninja\/facts?page=10","label":"10","active":false},{"url":null,"label":"...","active":false},{"url":"https:\/\/catfact.ninja\/facts?page=33","label":"33","active":false},{"url":"https:\/\/catfact.ninja\/facts?page=34","label":"34","active":false},{"url":"https:\/\/catfact.ninja\/facts?page=2","label":"Next","active":false}],"next_page_url":"https:\/\/catfact.ninja\/facts?page=2","path":"https:\/\/catfact.ninja\/facts","per_page":10,"prev_page_url":null,"to":10,"total":332} 
 </msg>
<msg time="2025-10-27T05:52:34.462374" level="INFO">C:\Users\dolap\AppData\Roaming\Python\Python312\site-packages\urllib3\connectionpool.py:1097: InsecureRequestWarning: Unverified HTTPS request is being made to host 'catfact.ninja'. Adding certificate verification is strongly advised. See: https://urllib3.readthedocs.io/en/latest/advanced-usage.html#tls-warnings
  warnings.warn(</msg>
<msg time="2025-10-27T05:52:34.462374" level="INFO">${response} = &lt;Response [200]&gt;</msg>
<var>${response}</var>
<arg>catfact</arg>
<arg>/facts</arg>
<arg>params=${params}</arg>
<doc>Sends a GET request on a previously created HTTP Session.</doc>
<status status="PASS" start="2025-10-27T05:52:34.104917" elapsed="0.357457"/>
</kw>
<kw name="Log To Console" owner="BuiltIn">
<arg>\n[REQUEST] GET /facts?limit=${limit}</arg>
<doc>Logs the given message to the console.</doc>
<status status="PASS" start="2025-10-27T05:52:34.462374" elapsed="0.000000"/>
</kw>
<kw name="Log To Console" owner="BuiltIn">
<arg>Status: ${response.status_code}</arg>
<doc>Logs the given message to the console.</doc>
<status status="PASS" start="2025-10-27T05:52:34.462374" elapsed="0.000000"/>
</kw>
<return>
<value>${response}</value>
<status status="PASS" start="2025-10-27T05:52:34.462374" elapsed="0.000000"/>
</return>
<msg time="2025-10-27T05:52:34.462374" level="INFO">${response} = &lt;Response [200]&gt;</msg>
<var>${response}</var>
<arg>-5</arg>
<doc>Perform GET request to /facts endpoint with a limit parameter</doc>
<status status="PASS" start="2025-10-27T05:52:34.104917" elapsed="0.357457"/>
</kw>
<kw name="Should Be Equal As Integers" owner="BuiltIn">
<msg time="2025-10-27T05:52:34.462374" level="INFO">Argument types are:
&lt;class 'int'&gt;
&lt;class 'str'&gt;</msg>
<arg>${response.status_code}</arg>
<arg>200</arg>
<doc>Fails if objects are unequal after converting them to integers.</doc>
<status status="PASS" start="2025-10-27T05:52:34.462374" elapsed="0.000000"/>
</kw>
<kw name="Set Variable" owner="BuiltIn">
<msg time="2025-10-27T05:52:34.467502" level="INFO">${json} = {'current_page': 1, 'data': [{'fact': 'Unlike dogs, cats do not have a sweet tooth. Scientists believe this is due to a mutation in a key taste receptor.', 'length': 114}, {'fact': 'When a cat chases ...</msg>
<var>${json}</var>
<arg>${response.json()}</arg>
<doc>Returns the given values which can then be assigned to a variables.</doc>
<status status="PASS" start="2025-10-27T05:52:34.462374" elapsed="0.005128"/>
</kw>
<kw name="Set Variable" owner="BuiltIn">
<msg time="2025-10-27T05:52:34.467502" level="INFO">${data} = [{'fact': 'Unlike dogs, cats do not have a sweet tooth. Scientists believe this is due to a mutation in a key taste receptor.', 'length': 114}, {'fact': 'When a cat chases its prey, it keeps its head ...</msg>
<var>${data}</var>
<arg>${json['data']}</arg>
<doc>Returns the given values which can then be assigned to a variables.</doc>
<status status="PASS" start="2025-10-27T05:52:34.467502" elapsed="0.000000"/>
</kw>
<kw name="Get Length" owner="BuiltIn">
<msg time="2025-10-27T05:52:34.467502" level="INFO">Length is 10.</msg>
<msg time="2025-10-27T05:52:34.467502" level="INFO">${data_length} = 10</msg>
<var>${data_length}</var>
<arg>${data}</arg>
<doc>Returns and logs the length of the given item as an integer.</doc>
<status status="PASS" start="2025-10-27T05:52:34.467502" elapsed="0.000000"/>
</kw>
<kw name="Should Be True" owner="BuiltIn">
<arg>${data_length} &lt;= 10</arg>
<arg>Returned more than 10 facts</arg>
<doc>Fails if the given condition is not true.</doc>
<status status="PASS" start="2025-10-27T05:52:34.467502" elapsed="0.000000"/>
</kw>
<kw name="Should Be Equal As Integers" owner="BuiltIn">
<msg time="2025-10-27T05:52:34.470378" level="INFO">Argument types are:
&lt;class 'int'&gt;
&lt;class 'str'&gt;</msg>
<arg>${json['per_page']}</arg>
<arg>10</arg>
<arg>per_page should be 10</arg>
<doc>Fails if objects are unequal after converting them to integers.</doc>
<status status="PASS" start="2025-10-27T05:52:34.470378" elapsed="0.000000"/>
</kw>
<doc>When limit &lt; 0, the API should return 10 facts by default.</doc>
<status status="PASS" start="2025-10-27T05:52:34.104917" elapsed="0.365461"/>
</test>
<test id="s1-t11" name="Verify Default Facts When Limit Is Missing" line="136">
<kw name="Get Facts Without Limit" owner="api_keywords">
<kw name="GET On Session" owner="RequestsLibrary">
<msg time="2025-10-27T05:52:34.835491" level="INFO">GET Request : url=https://catfact.ninja/facts 
 path_url=/facts 
 headers={'User-Agent': 'python-requests/2.32.3', 'Accept-Encoding': 'gzip, deflate', 'Accept': '*/*', 'Connection': 'keep-alive', 'Cookie': 'XSRF-TOKEN=eyJpdiI6InFDVDZybi9VVFE4RFJMMlJTOFMyMWc9PSIsInZhbHVlIjoicGpPZmFTRzBFbXZ4ak5rN2FRL3RvRVk2QW5jaHkwMDFSYmhncnZnMGRmelhvSzVwcTAxYXcyalF4a2orUW9NOENGNE1wSStNK1h4ZzVwUEZJOFFsZDdNZlRpMFJkMzVEakJ1RkVUTUtkSHY2cStQakxyOC96LzlkZHVNUEI0Y2MiLCJtYWMiOiI0MDE4MTI1ZmRkM2I3ZGYwZGQ1ZTFjYWY3YmYyNjczZWE5NmNhOThhMTllM2YxMTc4ZjhiMGNhOTEzMWMyODAzIiwidGFnIjoiIn0%3D; catfacts_session=eyJpdiI6ImlIVm1rVmFkOWM3MnNDeDdSdHF2OHc9PSIsInZhbHVlIjoiSCtHbGljMHBWaTFzZDdOYTAwZkR3aU0vSWVacHhaMS8yUDVFY3NPMkJzczJ4ODI5L1F5R3hXVzZzNFIyMEQyV0xkRm5JQllyRklwVW5ZQXdFQWFETVhkYUJxK2JQcko4dkVxb0ZlN2xsTlN0bGdWU3p6c083WUhmMkkzQ3poWnciLCJtYWMiOiIzZmJmZTk5MWEyOTZhYzcwZmM4NjRjZjdlYzY0Y2M3YmI4YjBmNmZmOWQwZGYzNTA0YzQ0YTI2N2EwN2NlNzkzIiwidGFnIjoiIn0%3D; 10n4f7hR8wNqdxZoQlB907YNhqoCi5zkN2J0nrO7=eyJpdiI6Ikg3bFJtdm9UK0NpWGYzTWVGYVY1cVE9PSIsInZhbHVlIjoiNzBlVjk5c0tjcU9iMnM0Tk9kU2ZTNTh6Z21lRDByeGlQR2Z2M0pVQjVscDVKaENkRzdwNno2QkRkS1Jla0VIT3JoeWRrTVJWamlTeUhlOWNGekRWK2VxeFY0N3VqaG1ReXdPNWhCUTJuNWtBVFpDbHF3cmVWcE92QUtlZEpNblRyWG5RNUZxNCt5dktrODlwSWtzTEE2U09tRVp4VytwOXJGK0xFU0VTT3Z2L3UyVzlpOXJCK3FKWWxLMXU0eDB6SXNjZXMxeGVSR1VmMU4rWlZ5MEJVR29DU1dyRGwzYmdrWEZINTJHcThjN3NucUhtWjBXVDcxcFBmRTZMV1lXc1pkYzlqMmQ5ZFNzNytjbnVvNmxxS0h6S3E5ZHMrTndrUmhGNzd5QWh2dkxuRWJYSlpqa0FtekJvQ1lQQklOazhtSzJZQkhNV1hVMTRaU1pVdS9KTmt0U0d2VHVUczE5MjJPUzRvWm4vRTR5L1hvSzZGUVRwUGk1TmJTQlBLeDdyIiwibWFjIjoiMTVmNWIwNzAwZDY0OWRhZmFhNjNmN2JhMGJjZGVhOGFmYjNjYTI0MTk4M2E2NjJjYWNhZmM2NjNhODNkMTM4NyIsInRhZyI6IiJ9'} 
 body=None 
 </msg>
<msg time="2025-10-27T05:52:34.835491" level="INFO">GET Response : url=https://catfact.ninja/facts 
 status=200, reason=OK 
 headers={'Date': 'Mon, 27 Oct 2025 04:52:35 GMT', 'Content-Type': 'application/json', 'Transfer-Encoding': 'chunked', 'Connection': 'keep-alive', 'Server': 'cloudflare', 'vary': 'Accept-Encoding', 'Cache-Control': 'no-cache, private', 'x-ratelimit-limit': '100', 'x-ratelimit-remaining': '76', 'access-control-allow-origin': '*', 'x-frame-options': 'SAMEORIGIN', 'x-xss-protection': '1; mode=block', 'x-content-type-options': 'nosniff', 'Content-Encoding': 'gzip', 'Nel': '{"report_to":"cf-nel","success_fraction":0.0,"max_age":604800}', 'cf-cache-status': 'DYNAMIC', 'Report-To': '{"group":"cf-nel","max_age":604800,"endpoints":[{"url":"https://a.nel.cloudflare.com/report/v4?s=Q9kHqPQRYuAmDafvbZR6PgFQwfNyQ4hY0IqGZRgDnn3gO6iK7tgisa%2FeJhN7pgeAGvulgUx2sdzpVHqIzYFMj7WndqjIvuq%2FQ%2F%2BjV4fPDLYgdSQ3dbOt4Dw%3D"}]}', 'Set-Cookie': 'XSRF-TOKEN=eyJpdiI6ImpiMXBWemVQQ0RVWk5BWERCN3hOL3c9PSIsInZhbHVlIjoiNmpCOGhiR3grTlVnSmFSMnFNQzEvVzFFWmMzZmxGbEtKRDRhVHBxTlo4SnY0MEwyUWZVcjdpNFdCdWFCQUg4YUNEZjk0VDExSWV1VTVKeDVXZU1VcEVOMm5BSjdISjNiQmx1VlpTWTVTOEROWlFRTDF4Z3c2aXRWN204NlRiL0IiLCJtYWMiOiIzZTU5NTBmZGFlMTcyZWM1MjM2NTY1ZWZhZGQ4NTM3M2I0NThlMzllODc4MTViY2NhZTU3MzA4ZjhkM2EyZTY0IiwidGFnIjoiIn0%3D; SameSite=Lax; Secure; Path=/; Max-Age=7200; Expires=Mon, 27 Oct 2025 06:52:35 GMT, catfacts_session=eyJpdiI6InhQUTdUUzJiRU9GTURhRmJBU1V2SUE9PSIsInZhbHVlIjoiMlB1em1hS1dOV3NKbHZpMmdGQy9pWE9WMUFFcjJxREVKQ0t1MEFsVldzdXo1UFJxcjNoNE9wdnpNZFR6MFkvbWJFRjVXZ0xqSjhyTGc4cGJMWkhaUjVjenphMGZBR2t3d3FBVkRUNXV2V0RRRWlUMGZ3Z1l2Wk9BTGI0ODFCa0oiLCJtYWMiOiJiNzU0NmI2ZTU2NDRlN2RhMWUzODQyNDkwYTNhNjI2NmJlNTcwZmNmODgzZTExYjcwN2ExYTNjYmVjNzgzNDUwIiwidGFnIjoiIn0%3D; HttpOnly; SameSite=Lax; Secure; Path=/; Max-Age=7200; Expires=Mon, 27 Oct 2025 06:52:35 GMT, 10n4f7hR8wNqdxZoQlB907YNhqoCi5zkN2J0nrO7=eyJpdiI6InJDOFFDck5KSXlvWEVDN0tBeTVqaWc9PSIsInZhbHVlIjoicUViSnpoMjVjL1JYT0dKL3BJNlJKY3lINk90bExvRXR4dTZCbTl2RHR2ZjltS2F5V2l2ZkFtVFR0WmRRbngyL3djVTRodTAxbzVZSnF5SlBucHhQUnBDRC8rVDJIZnduSzRKMWZ6TDNvZmdWd0paYjRDajBRQTlQRzR2Wkd4Yk54bWFISkZFVXc1MVRkOFViNC9Vc0w1ZkdpOVo0ekpCbVFPYy9OUVp1UmtuQ0F2SXMwVjA2dVBRd0x5RU1SLzZiRDN6bVp2UGk4TnZ2dFhpUXNqSkVXVWt3bXY4RGZlWnVQSXAvQ2VTSVFHMHNka0MyeXE0Ujdnd1JibGpkTnQwNm5yUDRpbGNoMU5pUzdLc2dQU2J1dVF3bWZINmlYOER2V3UraGd4SFpaVXlUZ09aUkgvWUZzNVVLRmsrSHA2TGZmdDBaVnhRZ21lRyt1L0dlT0M5SGRZRXpyRklkV1d4VnBiR0ZiYU9CQzFuaU8yTGdMVHZWTUE4SDY0aVhkZVJjIiwibWFjIjoiNmU3YTY3NTE2ODA0N2RjZDEyMTBkYTdlNmE2Y2JmYmZlOGIzMmFlMGNkMjc3ZjJkMDA5MmQ1OTI0NTRlODBiZCIsInRhZyI6IiJ9; HttpOnly; SameSite=Lax; Secure; Path=/; Max-Age=7200; Expires=Mon, 27 Oct 2025 06:52:35 GMT', 'CF-RAY': '994f95b75bd699a9-SIN', 'alt-svc': 'h3=":443"; ma=86400'} 
 body={"current_page":1,"data":[{"fact":"Unlike dogs, cats do not have a sweet tooth. Scientists believe this is due to a mutation in a key taste receptor.","length":114},{"fact":"When a cat chases its prey, it keeps its head level. Dogs and humans bob their heads up and down.","length":97},{"fact":"The technical term for a cat\u2019s hairball is a \u201cbezoar.\u201d","length":54},{"fact":"A group of cats is called a \u201cclowder.\u201d","length":38},{"fact":"A cat can\u2019t climb head first down a tree because every claw on a cat\u2019s paw points the same way. To get down from a tree, a cat must back down.","length":142},{"fact":"Cats make about 100 different sounds. Dogs make only about 10.","length":62},{"fact":"Every year, nearly four million cats are eaten in Asia.","length":55},{"fact":"There are more than 500 million domestic cats in the world, with approximately 40 recognized breeds.","length":100},{"fact":"Approximately 24 cat skins can make a coat.","length":43},{"fact":"While it is commonly thought that the ancient Egyptians were the first to domesticate cats, the oldest known pet cat was recently found in a 9,500-year-old grave on the Mediterranean island of Cyprus. This grave predates early Egyptian art depicting cats by 4,000 years or more.","length":278}],"first_page_url":"https:\/\/catfact.ninja\/facts?page=1","from":1,"last_page":34,"last_page_url":"https:\/\/catfact.ninja\/facts?page=34","links":[{"url":null,"label":"Previous","active":false},{"url":"https:\/\/catfact.ninja\/facts?page=1","label":"1","active":true},{"url":"https:\/\/catfact.ninja\/facts?page=2","label":"2","active":false},{"url":"https:\/\/catfact.ninja\/facts?page=3","label":"3","active":false},{"url":"https:\/\/catfact.ninja\/facts?page=4","label":"4","active":false},{"url":"https:\/\/catfact.ninja\/facts?page=5","label":"5","active":false},{"url":"https:\/\/catfact.ninja\/facts?page=6","label":"6","active":false},{"url":"https:\/\/catfact.ninja\/facts?page=7","label":"7","active":false},{"url":"https:\/\/catfact.ninja\/facts?page=8","label":"8","active":false},{"url":"https:\/\/catfact.ninja\/facts?page=9","label":"9","active":false},{"url":"https:\/\/catfact.ninja\/facts?page=10","label":"10","active":false},{"url":null,"label":"...","active":false},{"url":"https:\/\/catfact.ninja\/facts?page=33","label":"33","active":false},{"url":"https:\/\/catfact.ninja\/facts?page=34","label":"34","active":false},{"url":"https:\/\/catfact.ninja\/facts?page=2","label":"Next","active":false}],"next_page_url":"https:\/\/catfact.ninja\/facts?page=2","path":"https:\/\/catfact.ninja\/facts","per_page":10,"prev_page_url":null,"to":10,"total":332} 
 </msg>
<msg time="2025-10-27T05:52:34.835491" level="INFO">C:\Users\dolap\AppData\Roaming\Python\Python312\site-packages\urllib3\connectionpool.py:1097: InsecureRequestWarning: Unverified HTTPS request is being made to host 'catfact.ninja'. Adding certificate verification is strongly advised. See: https://urllib3.readthedocs.io/en/latest/advanced-usage.html#tls-warnings
  warnings.warn(</msg>
<msg time="2025-10-27T05:52:34.835491" level="INFO">${response} = &lt;Response [200]&gt;</msg>
<var>${response}</var>
<arg>catfact</arg>
<arg>/facts</arg>
<doc>Sends a GET request on a previously created HTTP Session.</doc>
<status status="PASS" start="2025-10-27T05:52:34.472215" elapsed="0.363276"/>
</kw>
<kw name="Log To Console" owner="BuiltIn">
<arg>\n[REQUEST] GET /facts (no limit)</arg>
<doc>Logs the given message to the console.</doc>
<status status="PASS" start="2025-10-27T05:52:34.835491" elapsed="0.000000"/>
</kw>
<kw name="Log To Console" owner="BuiltIn">
<arg>Status: ${response.status_code}</arg>
<doc>Logs the given message to the console.</doc>
<status status="PASS" start="2025-10-27T05:52:34.835491" elapsed="0.001619"/>
</kw>
<return>
<value>${response}</value>
<status status="PASS" start="2025-10-27T05:52:34.837110" elapsed="0.000000"/>
</return>
<msg time="2025-10-27T05:52:34.837110" level="INFO">${response} = &lt;Response [200]&gt;</msg>
<var>${response}</var>
<doc>Perform GET request to /facts endpoint without a limit parameter</doc>
<status status="PASS" start="2025-10-27T05:52:34.472215" elapsed="0.364895"/>
</kw>
<kw name="Should Be Equal As Integers" owner="BuiltIn">
<msg time="2025-10-27T05:52:34.837110" level="INFO">Argument types are:
&lt;class 'int'&gt;
&lt;class 'str'&gt;</msg>
<arg>${response.status_code}</arg>
<arg>200</arg>
<doc>Fails if objects are unequal after converting them to integers.</doc>
<status status="PASS" start="2025-10-27T05:52:34.837110" elapsed="0.000000"/>
</kw>
<kw name="Set Variable" owner="BuiltIn">
<msg time="2025-10-27T05:52:34.837110" level="INFO">${json} = {'current_page': 1, 'data': [{'fact': 'Unlike dogs, cats do not have a sweet tooth. Scientists believe this is due to a mutation in a key taste receptor.', 'length': 114}, {'fact': 'When a cat chases ...</msg>
<var>${json}</var>
<arg>${response.json()}</arg>
<doc>Returns the given values which can then be assigned to a variables.</doc>
<status status="PASS" start="2025-10-27T05:52:34.837110" elapsed="0.000000"/>
</kw>
<kw name="Set Variable" owner="BuiltIn">
<msg time="2025-10-27T05:52:34.837110" level="INFO">${data} = [{'fact': 'Unlike dogs, cats do not have a sweet tooth. Scientists believe this is due to a mutation in a key taste receptor.', 'length': 114}, {'fact': 'When a cat chases its prey, it keeps its head ...</msg>
<var>${data}</var>
<arg>${json['data']}</arg>
<doc>Returns the given values which can then be assigned to a variables.</doc>
<status status="PASS" start="2025-10-27T05:52:34.837110" elapsed="0.000000"/>
</kw>
<kw name="Get Length" owner="BuiltIn">
<msg time="2025-10-27T05:52:34.837110" level="INFO">Length is 10.</msg>
<msg time="2025-10-27T05:52:34.837110" level="INFO">${data_length} = 10</msg>
<var>${data_length}</var>
<arg>${data}</arg>
<doc>Returns and logs the length of the given item as an integer.</doc>
<status status="PASS" start="2025-10-27T05:52:34.837110" elapsed="0.000000"/>
</kw>
<kw name="Should Be True" owner="BuiltIn">
<arg>${data_length} &lt;= 10</arg>
<arg>Returned more than 10 facts</arg>
<doc>Fails if the given condition is not true.</doc>
<status status="PASS" start="2025-10-27T05:52:34.837110" elapsed="0.000000"/>
</kw>
<kw name="Should Be Equal As Integers" owner="BuiltIn">
<msg time="2025-10-27T05:52:34.837110" level="INFO">Argument types are:
&lt;class 'int'&gt;
&lt;class 'str'&gt;</msg>
<arg>${json['per_page']}</arg>
<arg>10</arg>
<doc>Fails if objects are unequal after converting them to integers.</doc>
<status status="PASS" start="2025-10-27T05:52:34.837110" elapsed="0.000000"/>
</kw>
<doc>When limit parameter is missing, API should return 10 facts by default.</doc>
<status status="PASS" start="2025-10-27T05:52:34.470378" elapsed="0.366732"/>
</test>
<doc>Test suite for CatFact API using Robot Framework</doc>
<status status="FAIL" start="2025-10-27T05:52:29.330651" elapsed="5.506459"/>
</suite>
<statistics>
<total>
<stat pass="9" fail="2" skip="0">All Tests</stat>
</total>
<tag>
</tag>
<suite>
<stat name="Catfact Api Tests" id="s1" pass="9" fail="2" skip="0">Catfact Api Tests</stat>
</suite>
</statistics>
<errors>
</errors>
</robot>
